[12-Jul-2018 13:27:12 Europe/Minsk] PHP Notice:  Undefined index: file in /home/retsolme/public_html/getprice.by/remont/mail/mail.php on line 49
[12-Jul-2018 13:27:12 Europe/Moscow] PHP Notice:  Undefined variable: email in /home/retsolme/public_html/getprice.by/remont/mail/leads.php on line 27
[12-Jul-2018 13:27:12 Europe/Moscow] PHP Notice:  Undefined index: utm_term in /home/retsolme/public_html/getprice.by/remont/mail/leads.php on line 29
[12-Jul-2018 13:27:12 Europe/Moscow] PHP Notice:  Undefined index: utm_source in /home/retsolme/public_html/getprice.by/remont/mail/leads.php on line 30
[12-Jul-2018 13:27:12 Europe/Moscow] PHP Notice:  Undefined index: utm_medium in /home/retsolme/public_html/getprice.by/remont/mail/leads.php on line 31
[12-Jul-2018 13:27:12 Europe/Moscow] PHP Notice:  Undefined index: utm_campaign in /home/retsolme/public_html/getprice.by/remont/mail/leads.php on line 32
[12-Jul-2018 13:27:12 Europe/Moscow] PHP Notice:  Undefined index: utm_content in /home/retsolme/public_html/getprice.by/remont/mail/leads.php on line 33
[13-Jul-2018 23:06:28 Europe/Minsk] PHP Notice:  Undefined index: file in /home/retsolme/public_html/getprice.by/remont/mail/mail.php on line 49
[13-Jul-2018 23:06:28 Europe/Moscow] PHP Notice:  Undefined variable: email in /home/retsolme/public_html/getprice.by/remont/mail/leads.php on line 27
[13-Jul-2018 23:06:28 Europe/Moscow] PHP Notice:  Undefined variable: href in /home/retsolme/public_html/getprice.by/remont/mail/leads.php on line 37
[13-Jul-2018 23:07:21 Europe/Minsk] PHP Notice:  Undefined index: file in /home/retsolme/public_html/getprice.by/remont/mail/mail.php on line 49
[13-Jul-2018 23:07:21 Europe/Moscow] PHP Notice:  Undefined variable: email in /home/retsolme/public_html/getprice.by/remont/mail/leads.php on line 27
[13-Jul-2018 23:07:21 Europe/Moscow] PHP Notice:  Undefined variable: pomType in /home/retsolme/public_html/getprice.by/remont/mail/leads.php on line 34
[13-Jul-2018 23:07:21 Europe/Moscow] PHP Notice:  Undefined variable: square in /home/retsolme/public_html/getprice.by/remont/mail/leads.php on line 35
[13-Jul-2018 23:07:21 Europe/Moscow] PHP Notice:  Undefined variable: ifProject in /home/retsolme/public_html/getprice.by/remont/mail/leads.php on line 36
[13-Jul-2018 23:07:21 Europe/Moscow] PHP Notice:  Undefined variable: href in /home/retsolme/public_html/getprice.by/remont/mail/leads.php on line 37
[14-Jul-2018 06:45:17 Europe/Minsk] PHP Notice:  Undefined index: file in /home/retsolme/public_html/getprice.by/remont/mail/mail.php on line 49
[14-Jul-2018 06:45:17 Europe/Moscow] PHP Notice:  Undefined variable: email in /home/retsolme/public_html/getprice.by/remont/mail/leads.php on line 27
[14-Jul-2018 06:45:17 Europe/Moscow] PHP Notice:  Undefined variable: href in /home/retsolme/public_html/getprice.by/remont/mail/leads.php on line 37
[16-Jul-2018 07:06:36 Europe/Minsk] PHP Notice:  Undefined index: file in /home/retsolme/public_html/getprice.by/remont/mail/mail.php on line 49
[16-Jul-2018 07:06:36 Europe/Moscow] PHP Notice:  Undefined variable: email in /home/retsolme/public_html/getprice.by/remont/mail/leads.php on line 27
[16-Jul-2018 07:06:36 Europe/Moscow] PHP Notice:  Undefined variable: href in /home/retsolme/public_html/getprice.by/remont/mail/leads.php on line 37
[16-Jul-2018 18:15:44 Europe/Minsk] PHP Notice:  Undefined index: file in /home/retsolme/public_html/getprice.by/remont/mail/mail.php on line 49
[16-Jul-2018 18:15:44 Europe/Moscow] PHP Notice:  Undefined variable: email in /home/retsolme/public_html/getprice.by/remont/mail/leads.php on line 27
[16-Jul-2018 18:15:44 Europe/Moscow] PHP Notice:  Undefined variable: href in /home/retsolme/public_html/getprice.by/remont/mail/leads.php on line 37
[16-Jul-2018 18:51:59 Europe/Minsk] PHP Notice:  Undefined index: file in /home/retsolme/public_html/getprice.by/remont/mail/mail.php on line 49
[16-Jul-2018 18:51:59 Europe/Moscow] PHP Notice:  Undefined variable: email in /home/retsolme/public_html/getprice.by/remont/mail/leads.php on line 27
[16-Jul-2018 18:51:59 Europe/Moscow] PHP Notice:  Undefined variable: href in /home/retsolme/public_html/getprice.by/remont/mail/leads.php on line 37
[16-Jul-2018 18:58:22 Europe/Minsk] PHP Notice:  Undefined index: file in /home/retsolme/public_html/getprice.by/remont/mail/mail.php on line 49
[16-Jul-2018 18:58:22 Europe/Moscow] PHP Notice:  Undefined variable: email in /home/retsolme/public_html/getprice.by/remont/mail/leads.php on line 27
[16-Jul-2018 18:58:22 Europe/Moscow] PHP Notice:  Undefined variable: href in /home/retsolme/public_html/getprice.by/remont/mail/leads.php on line 37
[17-Jul-2018 17:35:12 Europe/Minsk] PHP Notice:  Undefined index: file in /home/retsolme/public_html/getprice.by/remont/mail/mail.php on line 49
[17-Jul-2018 17:35:12 Europe/Moscow] PHP Notice:  Undefined variable: email in /home/retsolme/public_html/getprice.by/remont/mail/leads.php on line 27
[17-Jul-2018 17:35:12 Europe/Moscow] PHP Notice:  Undefined variable: href in /home/retsolme/public_html/getprice.by/remont/mail/leads.php on line 37
[17-Jul-2018 19:17:34 Europe/Minsk] PHP Notice:  Undefined index: file in /home/retsolme/public_html/getprice.by/remont/mail/mail.php on line 49
[17-Jul-2018 19:17:34 Europe/Moscow] PHP Notice:  Undefined variable: email in /home/retsolme/public_html/getprice.by/remont/mail/leads.php on line 27
[17-Jul-2018 19:17:34 Europe/Moscow] PHP Notice:  Undefined variable: href in /home/retsolme/public_html/getprice.by/remont/mail/leads.php on line 37
[17-Jul-2018 19:23:44 Europe/Minsk] PHP Notice:  Undefined index: file in /home/retsolme/public_html/getprice.by/remont/mail/mail.php on line 49
[17-Jul-2018 19:23:44 Europe/Moscow] PHP Notice:  Undefined variable: email in /home/retsolme/public_html/getprice.by/remont/mail/leads.php on line 27
[17-Jul-2018 19:23:44 Europe/Moscow] PHP Notice:  Undefined variable: href in /home/retsolme/public_html/getprice.by/remont/mail/leads.php on line 37
[17-Jul-2018 19:24:21 Europe/Minsk] PHP Notice:  Undefined index: file in /home/retsolme/public_html/getprice.by/remont/mail/mail.php on line 49
[17-Jul-2018 19:24:21 Europe/Moscow] PHP Notice:  Undefined variable: name in /home/retsolme/public_html/getprice.by/remont/mail/leads.php on line 26
[17-Jul-2018 19:24:21 Europe/Moscow] PHP Notice:  Undefined variable: email in /home/retsolme/public_html/getprice.by/remont/mail/leads.php on line 27
[17-Jul-2018 19:24:21 Europe/Moscow] PHP Notice:  Undefined variable: pomType in /home/retsolme/public_html/getprice.by/remont/mail/leads.php on line 34
[17-Jul-2018 19:24:21 Europe/Moscow] PHP Notice:  Undefined variable: ifProject in /home/retsolme/public_html/getprice.by/remont/mail/leads.php on line 36
[17-Jul-2018 19:24:21 Europe/Moscow] PHP Notice:  Undefined variable: href in /home/retsolme/public_html/getprice.by/remont/mail/leads.php on line 37
[18-Jul-2018 12:29:13 Europe/Minsk] PHP Notice:  Undefined index: file in /home/retsolme/public_html/getprice.by/remont/mail/mail.php on line 49
[18-Jul-2018 12:29:14 Europe/Moscow] PHP Notice:  Undefined variable: name in /home/retsolme/public_html/getprice.by/remont/mail/leads.php on line 26
[18-Jul-2018 12:29:14 Europe/Moscow] PHP Notice:  Undefined variable: email in /home/retsolme/public_html/getprice.by/remont/mail/leads.php on line 27
[18-Jul-2018 12:29:14 Europe/Moscow] PHP Notice:  Undefined variable: pomType in /home/retsolme/public_html/getprice.by/remont/mail/leads.php on line 34
[18-Jul-2018 12:29:14 Europe/Moscow] PHP Notice:  Undefined variable: ifProject in /home/retsolme/public_html/getprice.by/remont/mail/leads.php on line 36
[18-Jul-2018 12:29:14 Europe/Moscow] PHP Notice:  Undefined variable: href in /home/retsolme/public_html/getprice.by/remont/mail/leads.php on line 37
[18-Jul-2018 14:38:26 Europe/Minsk] PHP Notice:  Undefined index: file in /home/retsolme/public_html/getprice.by/remont/mail/mail.php on line 49
[18-Jul-2018 14:38:26 Europe/Moscow] PHP Notice:  Undefined variable: email in /home/retsolme/public_html/getprice.by/remont/mail/leads.php on line 27
[18-Jul-2018 14:38:26 Europe/Moscow] PHP Notice:  Undefined variable: href in /home/retsolme/public_html/getprice.by/remont/mail/leads.php on line 37
[18-Jul-2018 18:46:09 Europe/Minsk] PHP Notice:  Undefined index: file in /home/retsolme/public_html/getprice.by/remont/mail/mail.php on line 49
[18-Jul-2018 18:46:09 Europe/Moscow] PHP Notice:  Undefined variable: name in /home/retsolme/public_html/getprice.by/remont/mail/leads.php on line 26
[18-Jul-2018 18:46:09 Europe/Moscow] PHP Notice:  Undefined variable: email in /home/retsolme/public_html/getprice.by/remont/mail/leads.php on line 27
[18-Jul-2018 18:46:09 Europe/Moscow] PHP Notice:  Undefined variable: pomType in /home/retsolme/public_html/getprice.by/remont/mail/leads.php on line 34
[18-Jul-2018 18:46:09 Europe/Moscow] PHP Notice:  Undefined variable: square in /home/retsolme/public_html/getprice.by/remont/mail/leads.php on line 35
[18-Jul-2018 18:46:09 Europe/Moscow] PHP Notice:  Undefined variable: ifProject in /home/retsolme/public_html/getprice.by/remont/mail/leads.php on line 36
[18-Jul-2018 18:46:09 Europe/Moscow] PHP Notice:  Undefined variable: href in /home/retsolme/public_html/getprice.by/remont/mail/leads.php on line 37
[18-Jul-2018 18:46:29 Europe/Minsk] PHP Notice:  Undefined index: file in /home/retsolme/public_html/getprice.by/remont/mail/mail.php on line 49
[18-Jul-2018 18:46:29 Europe/Moscow] PHP Notice:  Undefined variable: email in /home/retsolme/public_html/getprice.by/remont/mail/leads.php on line 27
[18-Jul-2018 18:46:29 Europe/Moscow] PHP Notice:  Undefined variable: pomType in /home/retsolme/public_html/getprice.by/remont/mail/leads.php on line 34
[18-Jul-2018 18:46:29 Europe/Moscow] PHP Notice:  Undefined variable: square in /home/retsolme/public_html/getprice.by/remont/mail/leads.php on line 35
[18-Jul-2018 18:46:29 Europe/Moscow] PHP Notice:  Undefined variable: ifProject in /home/retsolme/public_html/getprice.by/remont/mail/leads.php on line 36
[18-Jul-2018 18:46:29 Europe/Moscow] PHP Notice:  Undefined variable: href in /home/retsolme/public_html/getprice.by/remont/mail/leads.php on line 37
[18-Jul-2018 20:27:46 Europe/Minsk] PHP Notice:  Undefined index: file in /home/retsolme/public_html/getprice.by/remont/mail/mail.php on line 49
[18-Jul-2018 20:27:46 Europe/Moscow] PHP Notice:  Undefined variable: email in /home/retsolme/public_html/getprice.by/remont/mail/leads.php on line 27
[18-Jul-2018 20:27:46 Europe/Moscow] PHP Notice:  Undefined variable: href in /home/retsolme/public_html/getprice.by/remont/mail/leads.php on line 37
[18-Jul-2018 20:30:27 Europe/Minsk] PHP Notice:  Undefined index: file in /home/retsolme/public_html/getprice.by/remont/mail/mail.php on line 49
[18-Jul-2018 20:30:27 Europe/Moscow] PHP Notice:  Undefined variable: name in /home/retsolme/public_html/getprice.by/remont/mail/leads.php on line 26
[18-Jul-2018 20:30:27 Europe/Moscow] PHP Notice:  Undefined variable: email in /home/retsolme/public_html/getprice.by/remont/mail/leads.php on line 27
[18-Jul-2018 20:30:27 Europe/Moscow] PHP Notice:  Undefined variable: pomType in /home/retsolme/public_html/getprice.by/remont/mail/leads.php on line 34
[18-Jul-2018 20:30:27 Europe/Moscow] PHP Notice:  Undefined variable: ifProject in /home/retsolme/public_html/getprice.by/remont/mail/leads.php on line 36
[18-Jul-2018 20:30:27 Europe/Moscow] PHP Notice:  Undefined variable: href in /home/retsolme/public_html/getprice.by/remont/mail/leads.php on line 37
[18-Jul-2018 21:00:06 Europe/Minsk] PHP Notice:  Undefined index: file in /home/retsolme/public_html/getprice.by/remont/mail/mail.php on line 49
[18-Jul-2018 21:00:06 Europe/Moscow] PHP Notice:  Undefined variable: email in /home/retsolme/public_html/getprice.by/remont/mail/leads.php on line 27
[18-Jul-2018 21:00:06 Europe/Moscow] PHP Notice:  Undefined variable: pomType in /home/retsolme/public_html/getprice.by/remont/mail/leads.php on line 34
[18-Jul-2018 21:00:06 Europe/Moscow] PHP Notice:  Undefined variable: square in /home/retsolme/public_html/getprice.by/remont/mail/leads.php on line 35
[18-Jul-2018 21:00:06 Europe/Moscow] PHP Notice:  Undefined variable: ifProject in /home/retsolme/public_html/getprice.by/remont/mail/leads.php on line 36
[18-Jul-2018 21:00:06 Europe/Moscow] PHP Notice:  Undefined variable: href in /home/retsolme/public_html/getprice.by/remont/mail/leads.php on line 37
[18-Jul-2018 22:26:40 Europe/Minsk] PHP Notice:  Undefined index: file in /home/retsolme/public_html/getprice.by/remont/mail/mail.php on line 49
[18-Jul-2018 22:26:40 Europe/Moscow] PHP Notice:  Undefined variable: email in /home/retsolme/public_html/getprice.by/remont/mail/leads.php on line 27
[18-Jul-2018 22:26:40 Europe/Moscow] PHP Notice:  Undefined variable: href in /home/retsolme/public_html/getprice.by/remont/mail/leads.php on line 37
[19-Jul-2018 13:01:46 Europe/Minsk] PHP Notice:  Undefined index: file in /home/retsolme/public_html/getprice.by/remont/mail/mail.php on line 49
[19-Jul-2018 13:01:46 Europe/Moscow] PHP Notice:  Undefined variable: email in /home/retsolme/public_html/getprice.by/remont/mail/leads.php on line 27
[19-Jul-2018 13:01:46 Europe/Moscow] PHP Notice:  Undefined variable: href in /home/retsolme/public_html/getprice.by/remont/mail/leads.php on line 37
[19-Jul-2018 19:52:02 Europe/Minsk] PHP Notice:  Undefined index: file in /home/retsolme/public_html/getprice.by/remont/mail/mail.php on line 49
[19-Jul-2018 19:52:02 Europe/Moscow] PHP Notice:  Undefined variable: email in /home/retsolme/public_html/getprice.by/remont/mail/leads.php on line 27
[19-Jul-2018 19:52:02 Europe/Moscow] PHP Notice:  Undefined variable: pomType in /home/retsolme/public_html/getprice.by/remont/mail/leads.php on line 34
[19-Jul-2018 19:52:02 Europe/Moscow] PHP Notice:  Undefined variable: square in /home/retsolme/public_html/getprice.by/remont/mail/leads.php on line 35
[19-Jul-2018 19:52:02 Europe/Moscow] PHP Notice:  Undefined variable: ifProject in /home/retsolme/public_html/getprice.by/remont/mail/leads.php on line 36
[19-Jul-2018 19:52:02 Europe/Moscow] PHP Notice:  Undefined variable: href in /home/retsolme/public_html/getprice.by/remont/mail/leads.php on line 37
[20-Jul-2018 21:34:22 Europe/Minsk] PHP Notice:  Undefined index: file in /home/retsolme/public_html/getprice.by/remont/mail/mail.php on line 49
[20-Jul-2018 21:34:22 Europe/Moscow] PHP Notice:  Undefined variable: email in /home/retsolme/public_html/getprice.by/remont/mail/leads.php on line 27
[20-Jul-2018 21:34:22 Europe/Moscow] PHP Notice:  Undefined variable: href in /home/retsolme/public_html/getprice.by/remont/mail/leads.php on line 37
[21-Jul-2018 02:24:12 Europe/Minsk] PHP Notice:  Undefined index: file in /home/retsolme/public_html/getprice.by/remont/mail/mail.php on line 49
[21-Jul-2018 02:24:12 Europe/Moscow] PHP Notice:  Undefined variable: email in /home/retsolme/public_html/getprice.by/remont/mail/leads.php on line 27
[21-Jul-2018 02:24:12 Europe/Moscow] PHP Notice:  Undefined variable: href in /home/retsolme/public_html/getprice.by/remont/mail/leads.php on line 37
[21-Jul-2018 04:04:07 Europe/Minsk] PHP Notice:  Undefined index: file in /home/retsolme/public_html/getprice.by/remont/mail/mail.php on line 49
[21-Jul-2018 04:04:07 Europe/Moscow] PHP Notice:  Undefined variable: email in /home/retsolme/public_html/getprice.by/remont/mail/leads.php on line 27
[21-Jul-2018 04:04:07 Europe/Moscow] PHP Notice:  Undefined variable: href in /home/retsolme/public_html/getprice.by/remont/mail/leads.php on line 37
[23-Jul-2018 18:30:29 Europe/Minsk] PHP Notice:  Undefined index: file in /home/retsolme/public_html/getprice.by/remont/mail/mail.php on line 49
[23-Jul-2018 18:30:29 Europe/Moscow] PHP Notice:  Undefined variable: email in /home/retsolme/public_html/getprice.by/remont/mail/leads.php on line 27
[23-Jul-2018 18:30:29 Europe/Moscow] PHP Notice:  Undefined variable: href in /home/retsolme/public_html/getprice.by/remont/mail/leads.php on line 37
[26-Jul-2018 15:33:47 Europe/Minsk] PHP Notice:  Undefined index: file in /home/retsolme/public_html/getprice.by/remont/mail/mail.php on line 49
[26-Jul-2018 15:33:47 Europe/Moscow] PHP Notice:  Undefined variable: name in /home/retsolme/public_html/getprice.by/remont/mail/leads.php on line 26
[26-Jul-2018 15:33:47 Europe/Moscow] PHP Notice:  Undefined variable: email in /home/retsolme/public_html/getprice.by/remont/mail/leads.php on line 27
[26-Jul-2018 15:33:47 Europe/Moscow] PHP Notice:  Undefined variable: pomType in /home/retsolme/public_html/getprice.by/remont/mail/leads.php on line 34
[26-Jul-2018 15:33:47 Europe/Moscow] PHP Notice:  Undefined variable: square in /home/retsolme/public_html/getprice.by/remont/mail/leads.php on line 35
[26-Jul-2018 15:33:47 Europe/Moscow] PHP Notice:  Undefined variable: ifProject in /home/retsolme/public_html/getprice.by/remont/mail/leads.php on line 36
[26-Jul-2018 15:33:47 Europe/Moscow] PHP Notice:  Undefined variable: href in /home/retsolme/public_html/getprice.by/remont/mail/leads.php on line 37
[26-Jul-2018 15:33:47 Europe/Moscow] PHP Notice:  Undefined variable: gdeRemont in /home/retsolme/public_html/getprice.by/remont/mail/leads.php on line 38
[26-Jul-2018 15:33:47 Europe/Moscow] PHP Notice:  Undefined variable: ifPereplan in /home/retsolme/public_html/getprice.by/remont/mail/leads.php on line 39
[26-Jul-2018 16:31:22 Europe/Minsk] PHP Notice:  Undefined index: file in /home/retsolme/public_html/getprice.by/remont/mail/mail.php on line 49
[26-Jul-2018 16:31:22 Europe/Minsk] PHP Parse error:  syntax error, unexpected ''entry.912903685'' (T_CONSTANT_ENCAPSED_STRING), expecting ')' in /home/retsolme/public_html/getprice.by/remont/mail/leads.php on line 42
[26-Jul-2018 16:36:52 Europe/Minsk] PHP Notice:  Undefined index: file in /home/retsolme/public_html/getprice.by/remont/mail/mail.php on line 49
[26-Jul-2018 16:36:52 Europe/Minsk] PHP Parse error:  syntax error, unexpected ''entry.912903685'' (T_CONSTANT_ENCAPSED_STRING), expecting ')' in /home/retsolme/public_html/getprice.by/remont/mail/leads.php on line 42
