[19-Dec-2017 11:24:10 Europe/Minsk] PHP Notice:  Undefined index: housePlace in /home/retsolme/public_html/getprice.by/tury/mail.php on line 14
[19-Dec-2017 11:24:10 Europe/Minsk] PHP Notice:  Undefined index: WwindowPlace in /home/retsolme/public_html/getprice.by/tury/mail.php on line 15
[19-Dec-2017 11:24:10 Europe/Minsk] PHP Notice:  Undefined index: homeConstruction in /home/retsolme/public_html/getprice.by/tury/mail.php on line 21
[19-Dec-2017 11:24:10 Europe/Minsk] PHP Notice:  Undefined index: uglFlat in /home/retsolme/public_html/getprice.by/tury/mail.php on line 22
[19-Dec-2017 11:24:10 Europe/Minsk] PHP Notice:  Undefined index: WwindowView in /home/retsolme/public_html/getprice.by/tury/mail.php on line 23
[19-Dec-2017 11:24:10 Europe/Minsk] PHP Notice:  Undefined index: flatEtazh in /home/retsolme/public_html/getprice.by/tury/mail.php on line 29
[19-Dec-2017 11:24:10 Europe/Minsk] PHP Notice:  Undefined index: window1 in /home/retsolme/public_html/getprice.by/tury/mail.php on line 33
[19-Dec-2017 11:24:10 Europe/Minsk] PHP Notice:  Undefined index: window2 in /home/retsolme/public_html/getprice.by/tury/mail.php on line 34
[19-Dec-2017 11:24:10 Europe/Minsk] PHP Notice:  Undefined index: window3 in /home/retsolme/public_html/getprice.by/tury/mail.php on line 35
[19-Dec-2017 11:24:10 Europe/Minsk] PHP Notice:  Undefined index: window4 in /home/retsolme/public_html/getprice.by/tury/mail.php on line 36
[19-Dec-2017 11:24:10 Europe/Minsk] PHP Notice:  Undefined index: WwindowProfil in /home/retsolme/public_html/getprice.by/tury/mail.php on line 37
[19-Dec-2017 11:24:10 Europe/Minsk] PHP Notice:  Undefined index: WwindowDopkomplekt in /home/retsolme/public_html/getprice.by/tury/mail.php on line 43
[19-Dec-2017 11:24:10 Europe/Minsk] PHP Notice:  Undefined index: WwindowPodarki in /home/retsolme/public_html/getprice.by/tury/mail.php on line 49
[19-Dec-2017 11:31:01 Europe/Minsk] PHP Notice:  Undefined index: housePlace in /home/retsolme/public_html/getprice.by/tury/mail.php on line 14
[19-Dec-2017 11:31:01 Europe/Minsk] PHP Notice:  Undefined index: WwindowPlace in /home/retsolme/public_html/getprice.by/tury/mail.php on line 15
[19-Dec-2017 11:31:01 Europe/Minsk] PHP Notice:  Undefined index: homeConstruction in /home/retsolme/public_html/getprice.by/tury/mail.php on line 21
[19-Dec-2017 11:31:01 Europe/Minsk] PHP Notice:  Undefined index: uglFlat in /home/retsolme/public_html/getprice.by/tury/mail.php on line 22
[19-Dec-2017 11:31:01 Europe/Minsk] PHP Notice:  Undefined index: WwindowView in /home/retsolme/public_html/getprice.by/tury/mail.php on line 23
[19-Dec-2017 11:31:01 Europe/Minsk] PHP Notice:  Undefined index: flatEtazh in /home/retsolme/public_html/getprice.by/tury/mail.php on line 29
[19-Dec-2017 11:31:01 Europe/Minsk] PHP Notice:  Undefined index: window1 in /home/retsolme/public_html/getprice.by/tury/mail.php on line 33
[19-Dec-2017 11:31:01 Europe/Minsk] PHP Notice:  Undefined index: window2 in /home/retsolme/public_html/getprice.by/tury/mail.php on line 34
[19-Dec-2017 11:31:01 Europe/Minsk] PHP Notice:  Undefined index: window3 in /home/retsolme/public_html/getprice.by/tury/mail.php on line 35
[19-Dec-2017 11:31:01 Europe/Minsk] PHP Notice:  Undefined index: window4 in /home/retsolme/public_html/getprice.by/tury/mail.php on line 36
[19-Dec-2017 11:31:01 Europe/Minsk] PHP Notice:  Undefined index: WwindowProfil in /home/retsolme/public_html/getprice.by/tury/mail.php on line 37
[19-Dec-2017 11:31:01 Europe/Minsk] PHP Notice:  Undefined index: WwindowDopkomplekt in /home/retsolme/public_html/getprice.by/tury/mail.php on line 43
[19-Dec-2017 11:31:01 Europe/Minsk] PHP Notice:  Undefined index: WwindowPodarki in /home/retsolme/public_html/getprice.by/tury/mail.php on line 49
[19-Dec-2017 12:48:57 Europe/Minsk] PHP Notice:  Undefined index: housePlace in /home/retsolme/public_html/getprice.by/tury/mail.php on line 14
[19-Dec-2017 12:48:57 Europe/Minsk] PHP Notice:  Undefined index: WwindowPlace in /home/retsolme/public_html/getprice.by/tury/mail.php on line 15
[19-Dec-2017 12:48:57 Europe/Minsk] PHP Notice:  Undefined index: homeConstruction in /home/retsolme/public_html/getprice.by/tury/mail.php on line 21
[19-Dec-2017 12:48:57 Europe/Minsk] PHP Notice:  Undefined index: uglFlat in /home/retsolme/public_html/getprice.by/tury/mail.php on line 22
[19-Dec-2017 12:48:57 Europe/Minsk] PHP Notice:  Undefined index: WwindowView in /home/retsolme/public_html/getprice.by/tury/mail.php on line 23
[19-Dec-2017 12:48:57 Europe/Minsk] PHP Notice:  Undefined index: flatEtazh in /home/retsolme/public_html/getprice.by/tury/mail.php on line 29
[19-Dec-2017 12:48:57 Europe/Minsk] PHP Notice:  Undefined index: window1 in /home/retsolme/public_html/getprice.by/tury/mail.php on line 33
[19-Dec-2017 12:48:57 Europe/Minsk] PHP Notice:  Undefined index: window2 in /home/retsolme/public_html/getprice.by/tury/mail.php on line 34
[19-Dec-2017 12:48:57 Europe/Minsk] PHP Notice:  Undefined index: window3 in /home/retsolme/public_html/getprice.by/tury/mail.php on line 35
[19-Dec-2017 12:48:57 Europe/Minsk] PHP Notice:  Undefined index: window4 in /home/retsolme/public_html/getprice.by/tury/mail.php on line 36
[19-Dec-2017 12:48:57 Europe/Minsk] PHP Notice:  Undefined index: WwindowProfil in /home/retsolme/public_html/getprice.by/tury/mail.php on line 37
[19-Dec-2017 12:48:57 Europe/Minsk] PHP Notice:  Undefined index: WwindowDopkomplekt in /home/retsolme/public_html/getprice.by/tury/mail.php on line 43
[19-Dec-2017 12:48:57 Europe/Minsk] PHP Notice:  Undefined index: WwindowPodarki in /home/retsolme/public_html/getprice.by/tury/mail.php on line 49
[19-Dec-2017 15:29:46 Europe/Minsk] PHP Notice:  Undefined index: housePlace in /home/retsolme/public_html/getprice.by/tury/mail.php on line 14
[19-Dec-2017 15:29:46 Europe/Minsk] PHP Notice:  Undefined index: WwindowPlace in /home/retsolme/public_html/getprice.by/tury/mail.php on line 15
[19-Dec-2017 15:29:46 Europe/Minsk] PHP Notice:  Undefined index: homeConstruction in /home/retsolme/public_html/getprice.by/tury/mail.php on line 21
[19-Dec-2017 15:29:46 Europe/Minsk] PHP Notice:  Undefined index: uglFlat in /home/retsolme/public_html/getprice.by/tury/mail.php on line 22
[19-Dec-2017 15:29:46 Europe/Minsk] PHP Notice:  Undefined index: WwindowView in /home/retsolme/public_html/getprice.by/tury/mail.php on line 23
[19-Dec-2017 15:29:46 Europe/Minsk] PHP Notice:  Undefined index: flatEtazh in /home/retsolme/public_html/getprice.by/tury/mail.php on line 29
[19-Dec-2017 15:29:46 Europe/Minsk] PHP Notice:  Undefined index: window1 in /home/retsolme/public_html/getprice.by/tury/mail.php on line 33
[19-Dec-2017 15:29:46 Europe/Minsk] PHP Notice:  Undefined index: window2 in /home/retsolme/public_html/getprice.by/tury/mail.php on line 34
[19-Dec-2017 15:29:46 Europe/Minsk] PHP Notice:  Undefined index: window3 in /home/retsolme/public_html/getprice.by/tury/mail.php on line 35
[19-Dec-2017 15:29:46 Europe/Minsk] PHP Notice:  Undefined index: window4 in /home/retsolme/public_html/getprice.by/tury/mail.php on line 36
[19-Dec-2017 15:29:46 Europe/Minsk] PHP Notice:  Undefined index: WwindowProfil in /home/retsolme/public_html/getprice.by/tury/mail.php on line 37
[19-Dec-2017 15:29:46 Europe/Minsk] PHP Notice:  Undefined index: WwindowDopkomplekt in /home/retsolme/public_html/getprice.by/tury/mail.php on line 43
[19-Dec-2017 15:29:46 Europe/Minsk] PHP Notice:  Undefined index: WwindowPodarki in /home/retsolme/public_html/getprice.by/tury/mail.php on line 49
[19-Dec-2017 15:31:34 Europe/Minsk] PHP Notice:  Undefined index: housePlace in /home/retsolme/public_html/getprice.by/tury/mail.php on line 14
[19-Dec-2017 15:31:34 Europe/Minsk] PHP Notice:  Undefined index: WwindowPlace in /home/retsolme/public_html/getprice.by/tury/mail.php on line 15
[19-Dec-2017 15:31:34 Europe/Minsk] PHP Notice:  Undefined index: homeConstruction in /home/retsolme/public_html/getprice.by/tury/mail.php on line 21
[19-Dec-2017 15:31:34 Europe/Minsk] PHP Notice:  Undefined index: uglFlat in /home/retsolme/public_html/getprice.by/tury/mail.php on line 22
[19-Dec-2017 15:31:34 Europe/Minsk] PHP Notice:  Undefined index: WwindowView in /home/retsolme/public_html/getprice.by/tury/mail.php on line 23
[19-Dec-2017 15:31:34 Europe/Minsk] PHP Notice:  Undefined index: flatEtazh in /home/retsolme/public_html/getprice.by/tury/mail.php on line 29
[19-Dec-2017 15:31:34 Europe/Minsk] PHP Notice:  Undefined index: window1 in /home/retsolme/public_html/getprice.by/tury/mail.php on line 33
[19-Dec-2017 15:31:34 Europe/Minsk] PHP Notice:  Undefined index: window2 in /home/retsolme/public_html/getprice.by/tury/mail.php on line 34
[19-Dec-2017 15:31:34 Europe/Minsk] PHP Notice:  Undefined index: window3 in /home/retsolme/public_html/getprice.by/tury/mail.php on line 35
[19-Dec-2017 15:31:34 Europe/Minsk] PHP Notice:  Undefined index: window4 in /home/retsolme/public_html/getprice.by/tury/mail.php on line 36
[19-Dec-2017 15:31:34 Europe/Minsk] PHP Notice:  Undefined index: WwindowProfil in /home/retsolme/public_html/getprice.by/tury/mail.php on line 37
[19-Dec-2017 15:31:34 Europe/Minsk] PHP Notice:  Undefined index: WwindowDopkomplekt in /home/retsolme/public_html/getprice.by/tury/mail.php on line 43
[19-Dec-2017 15:31:34 Europe/Minsk] PHP Notice:  Undefined index: WwindowPodarki in /home/retsolme/public_html/getprice.by/tury/mail.php on line 49
[19-Dec-2017 15:33:24 Europe/Minsk] PHP Notice:  Undefined index: housePlace in /home/retsolme/public_html/getprice.by/tury/mail.php on line 14
[19-Dec-2017 15:33:24 Europe/Minsk] PHP Notice:  Undefined index: WwindowPlace in /home/retsolme/public_html/getprice.by/tury/mail.php on line 15
[19-Dec-2017 15:33:24 Europe/Minsk] PHP Notice:  Undefined index: homeConstruction in /home/retsolme/public_html/getprice.by/tury/mail.php on line 21
[19-Dec-2017 15:33:24 Europe/Minsk] PHP Notice:  Undefined index: uglFlat in /home/retsolme/public_html/getprice.by/tury/mail.php on line 22
[19-Dec-2017 15:33:24 Europe/Minsk] PHP Notice:  Undefined index: WwindowView in /home/retsolme/public_html/getprice.by/tury/mail.php on line 23
[19-Dec-2017 15:33:24 Europe/Minsk] PHP Notice:  Undefined index: flatEtazh in /home/retsolme/public_html/getprice.by/tury/mail.php on line 29
[19-Dec-2017 15:33:24 Europe/Minsk] PHP Notice:  Undefined index: window1 in /home/retsolme/public_html/getprice.by/tury/mail.php on line 33
[19-Dec-2017 15:33:24 Europe/Minsk] PHP Notice:  Undefined index: window2 in /home/retsolme/public_html/getprice.by/tury/mail.php on line 34
[19-Dec-2017 15:33:24 Europe/Minsk] PHP Notice:  Undefined index: window3 in /home/retsolme/public_html/getprice.by/tury/mail.php on line 35
[19-Dec-2017 15:33:24 Europe/Minsk] PHP Notice:  Undefined index: window4 in /home/retsolme/public_html/getprice.by/tury/mail.php on line 36
[19-Dec-2017 15:33:24 Europe/Minsk] PHP Notice:  Undefined index: WwindowProfil in /home/retsolme/public_html/getprice.by/tury/mail.php on line 37
[19-Dec-2017 15:33:24 Europe/Minsk] PHP Notice:  Undefined index: WwindowDopkomplekt in /home/retsolme/public_html/getprice.by/tury/mail.php on line 43
[19-Dec-2017 15:33:24 Europe/Minsk] PHP Notice:  Undefined index: WwindowPodarki in /home/retsolme/public_html/getprice.by/tury/mail.php on line 49
[19-Dec-2017 15:34:52 Europe/Minsk] PHP Notice:  Undefined index: housePlace in /home/retsolme/public_html/getprice.by/tury/mail.php on line 14
[19-Dec-2017 15:34:52 Europe/Minsk] PHP Notice:  Undefined index: WwindowPlace in /home/retsolme/public_html/getprice.by/tury/mail.php on line 15
[19-Dec-2017 15:34:52 Europe/Minsk] PHP Notice:  Undefined index: homeConstruction in /home/retsolme/public_html/getprice.by/tury/mail.php on line 21
[19-Dec-2017 15:34:52 Europe/Minsk] PHP Notice:  Undefined index: uglFlat in /home/retsolme/public_html/getprice.by/tury/mail.php on line 22
[19-Dec-2017 15:34:52 Europe/Minsk] PHP Notice:  Undefined index: WwindowView in /home/retsolme/public_html/getprice.by/tury/mail.php on line 23
[19-Dec-2017 15:34:52 Europe/Minsk] PHP Notice:  Undefined index: flatEtazh in /home/retsolme/public_html/getprice.by/tury/mail.php on line 29
[19-Dec-2017 15:34:52 Europe/Minsk] PHP Notice:  Undefined index: window1 in /home/retsolme/public_html/getprice.by/tury/mail.php on line 33
[19-Dec-2017 15:34:52 Europe/Minsk] PHP Notice:  Undefined index: window2 in /home/retsolme/public_html/getprice.by/tury/mail.php on line 34
[19-Dec-2017 15:34:52 Europe/Minsk] PHP Notice:  Undefined index: window3 in /home/retsolme/public_html/getprice.by/tury/mail.php on line 35
[19-Dec-2017 15:34:52 Europe/Minsk] PHP Notice:  Undefined index: window4 in /home/retsolme/public_html/getprice.by/tury/mail.php on line 36
[19-Dec-2017 15:34:52 Europe/Minsk] PHP Notice:  Undefined index: WwindowProfil in /home/retsolme/public_html/getprice.by/tury/mail.php on line 37
[19-Dec-2017 15:34:52 Europe/Minsk] PHP Notice:  Undefined index: WwindowDopkomplekt in /home/retsolme/public_html/getprice.by/tury/mail.php on line 43
[19-Dec-2017 15:34:52 Europe/Minsk] PHP Notice:  Undefined index: WwindowPodarki in /home/retsolme/public_html/getprice.by/tury/mail.php on line 49
[19-Dec-2017 15:38:07 Europe/Minsk] PHP Notice:  Undefined index: housePlace in /home/retsolme/public_html/getprice.by/tury/mail.php on line 33
[19-Dec-2017 15:38:07 Europe/Minsk] PHP Notice:  Undefined index: WwindowPlace in /home/retsolme/public_html/getprice.by/tury/mail.php on line 34
[19-Dec-2017 15:38:07 Europe/Minsk] PHP Notice:  Undefined index: homeConstruction in /home/retsolme/public_html/getprice.by/tury/mail.php on line 40
[19-Dec-2017 15:38:07 Europe/Minsk] PHP Notice:  Undefined index: uglFlat in /home/retsolme/public_html/getprice.by/tury/mail.php on line 41
[19-Dec-2017 15:38:07 Europe/Minsk] PHP Notice:  Undefined index: WwindowView in /home/retsolme/public_html/getprice.by/tury/mail.php on line 42
[19-Dec-2017 15:38:07 Europe/Minsk] PHP Notice:  Undefined index: flatEtazh in /home/retsolme/public_html/getprice.by/tury/mail.php on line 48
[19-Dec-2017 15:38:07 Europe/Minsk] PHP Notice:  Undefined index: window1 in /home/retsolme/public_html/getprice.by/tury/mail.php on line 51
[19-Dec-2017 15:38:07 Europe/Minsk] PHP Notice:  Undefined index: window2 in /home/retsolme/public_html/getprice.by/tury/mail.php on line 52
[19-Dec-2017 15:38:07 Europe/Minsk] PHP Notice:  Undefined index: window3 in /home/retsolme/public_html/getprice.by/tury/mail.php on line 53
[19-Dec-2017 15:38:07 Europe/Minsk] PHP Notice:  Undefined index: window4 in /home/retsolme/public_html/getprice.by/tury/mail.php on line 54
[19-Dec-2017 15:38:07 Europe/Minsk] PHP Notice:  Undefined index: WwindowProfil in /home/retsolme/public_html/getprice.by/tury/mail.php on line 55
[19-Dec-2017 15:38:07 Europe/Minsk] PHP Notice:  Undefined index: WwindowDopkomplekt in /home/retsolme/public_html/getprice.by/tury/mail.php on line 61
[19-Dec-2017 15:38:07 Europe/Minsk] PHP Notice:  Undefined index: WwindowPodarki in /home/retsolme/public_html/getprice.by/tury/mail.php on line 67
[19-Dec-2017 15:40:54 Europe/Minsk] PHP Notice:  Undefined index: housePlace in /home/retsolme/public_html/getprice.by/tury/mail.php on line 35
[19-Dec-2017 15:40:54 Europe/Minsk] PHP Notice:  Undefined index: WwindowPlace in /home/retsolme/public_html/getprice.by/tury/mail.php on line 36
[19-Dec-2017 15:40:54 Europe/Minsk] PHP Notice:  Undefined index: homeConstruction in /home/retsolme/public_html/getprice.by/tury/mail.php on line 42
[19-Dec-2017 15:40:54 Europe/Minsk] PHP Notice:  Undefined index: uglFlat in /home/retsolme/public_html/getprice.by/tury/mail.php on line 43
[19-Dec-2017 15:40:54 Europe/Minsk] PHP Notice:  Undefined index: WwindowView in /home/retsolme/public_html/getprice.by/tury/mail.php on line 44
[19-Dec-2017 15:40:54 Europe/Minsk] PHP Notice:  Undefined index: flatEtazh in /home/retsolme/public_html/getprice.by/tury/mail.php on line 50
[19-Dec-2017 15:40:54 Europe/Minsk] PHP Notice:  Undefined index: WwindowProfil in /home/retsolme/public_html/getprice.by/tury/mail.php on line 53
[19-Dec-2017 15:40:54 Europe/Minsk] PHP Notice:  Undefined index: WwindowDopkomplekt in /home/retsolme/public_html/getprice.by/tury/mail.php on line 59
[19-Dec-2017 15:40:54 Europe/Minsk] PHP Notice:  Undefined index: WwindowPodarki in /home/retsolme/public_html/getprice.by/tury/mail.php on line 65
[19-Dec-2017 15:42:18 Europe/Minsk] PHP Notice:  Undefined index: housePlace in /home/retsolme/public_html/getprice.by/tury/mail.php on line 35
[19-Dec-2017 15:42:18 Europe/Minsk] PHP Notice:  Undefined index: WwindowPlace in /home/retsolme/public_html/getprice.by/tury/mail.php on line 36
[19-Dec-2017 15:42:18 Europe/Minsk] PHP Notice:  Undefined index: homeConstruction in /home/retsolme/public_html/getprice.by/tury/mail.php on line 42
[19-Dec-2017 15:42:18 Europe/Minsk] PHP Notice:  Undefined index: uglFlat in /home/retsolme/public_html/getprice.by/tury/mail.php on line 43
[19-Dec-2017 15:42:18 Europe/Minsk] PHP Notice:  Undefined index: WwindowView in /home/retsolme/public_html/getprice.by/tury/mail.php on line 44
[19-Dec-2017 15:42:18 Europe/Minsk] PHP Notice:  Undefined index: flatEtazh in /home/retsolme/public_html/getprice.by/tury/mail.php on line 50
[19-Dec-2017 15:42:18 Europe/Minsk] PHP Notice:  Undefined index: WwindowProfil in /home/retsolme/public_html/getprice.by/tury/mail.php on line 53
[19-Dec-2017 15:42:18 Europe/Minsk] PHP Notice:  Undefined index: WwindowDopkomplekt in /home/retsolme/public_html/getprice.by/tury/mail.php on line 59
[19-Dec-2017 15:42:18 Europe/Minsk] PHP Notice:  Undefined index: WwindowPodarki in /home/retsolme/public_html/getprice.by/tury/mail.php on line 65
[19-Dec-2017 15:46:15 Europe/Minsk] PHP Notice:  Undefined index: housePlace in /home/retsolme/public_html/getprice.by/tury/mail.php on line 35
[19-Dec-2017 15:46:15 Europe/Minsk] PHP Notice:  Undefined index: WwindowPlace in /home/retsolme/public_html/getprice.by/tury/mail.php on line 36
[19-Dec-2017 15:46:15 Europe/Minsk] PHP Notice:  Undefined index: homeConstruction in /home/retsolme/public_html/getprice.by/tury/mail.php on line 42
[19-Dec-2017 15:46:15 Europe/Minsk] PHP Notice:  Undefined index: uglFlat in /home/retsolme/public_html/getprice.by/tury/mail.php on line 43
[19-Dec-2017 15:46:15 Europe/Minsk] PHP Notice:  Undefined index: WwindowView in /home/retsolme/public_html/getprice.by/tury/mail.php on line 44
[19-Dec-2017 15:46:15 Europe/Minsk] PHP Notice:  Undefined index: flatEtazh in /home/retsolme/public_html/getprice.by/tury/mail.php on line 50
[19-Dec-2017 15:46:15 Europe/Minsk] PHP Notice:  Undefined index: WwindowProfil in /home/retsolme/public_html/getprice.by/tury/mail.php on line 53
[19-Dec-2017 15:46:15 Europe/Minsk] PHP Notice:  Undefined index: WwindowDopkomplekt in /home/retsolme/public_html/getprice.by/tury/mail.php on line 59
[19-Dec-2017 15:46:15 Europe/Minsk] PHP Notice:  Undefined index: WwindowPodarki in /home/retsolme/public_html/getprice.by/tury/mail.php on line 65
[19-Dec-2017 17:03:55 Europe/Minsk] PHP Warning:  stripslashes() expects parameter 1 to be string, array given in /home/retsolme/public_html/getprice.by/tury/mail.php on line 49
[19-Dec-2017 17:03:55 Europe/Minsk] PHP Warning:  stripslashes() expects parameter 1 to be string, array given in /home/retsolme/public_html/getprice.by/tury/mail.php on line 67
[19-Dec-2017 17:03:55 Europe/Minsk] PHP Warning:  stripslashes() expects parameter 1 to be string, array given in /home/retsolme/public_html/getprice.by/tury/mail.php on line 81
[19-Dec-2017 17:48:11 Europe/Moscow] PHP Notice:  Undefined index: email in /home/retsolme/public_html/getprice.by/tury/leads.php on line 17
[19-Dec-2017 17:48:11 Europe/Moscow] PHP Notice:  Undefined index: komments in /home/retsolme/public_html/getprice.by/tury/leads.php on line 18
[19-Dec-2017 17:51:04 Europe/Moscow] PHP Notice:  Undefined index: email in /home/retsolme/public_html/getprice.by/tury/leads.php on line 17
[19-Dec-2017 17:51:04 Europe/Moscow] PHP Notice:  Undefined index: komments in /home/retsolme/public_html/getprice.by/tury/leads.php on line 18
[20-Dec-2017 15:01:46 Europe/Minsk] PHP Warning:  stripslashes() expects parameter 1 to be string, array given in /home/retsolme/public_html/getprice.by/tury/mail.php on line 49
[20-Dec-2017 15:01:46 Europe/Minsk] PHP Warning:  stripslashes() expects parameter 1 to be string, array given in /home/retsolme/public_html/getprice.by/tury/mail.php on line 67
[20-Dec-2017 15:01:46 Europe/Minsk] PHP Warning:  stripslashes() expects parameter 1 to be string, array given in /home/retsolme/public_html/getprice.by/tury/mail.php on line 81
[20-Dec-2017 16:43:48 Europe/Minsk] PHP Warning:  stripslashes() expects parameter 1 to be string, array given in /home/retsolme/public_html/getprice.by/tury/mail.php on line 49
[20-Dec-2017 16:43:48 Europe/Minsk] PHP Warning:  stripslashes() expects parameter 1 to be string, array given in /home/retsolme/public_html/getprice.by/tury/mail.php on line 67
[20-Dec-2017 16:43:48 Europe/Minsk] PHP Warning:  stripslashes() expects parameter 1 to be string, array given in /home/retsolme/public_html/getprice.by/tury/mail.php on line 81
[20-Dec-2017 16:57:56 Europe/Moscow] PHP Notice:  Undefined index: email in /home/retsolme/public_html/getprice.by/tury/leads.php on line 17
[20-Dec-2017 16:57:56 Europe/Moscow] PHP Notice:  Undefined index: komments in /home/retsolme/public_html/getprice.by/tury/leads.php on line 18
[20-Dec-2017 16:58:32 Europe/Moscow] PHP Notice:  Undefined index: email in /home/retsolme/public_html/getprice.by/tury/leads.php on line 17
[20-Dec-2017 16:58:32 Europe/Moscow] PHP Notice:  Undefined index: komments in /home/retsolme/public_html/getprice.by/tury/leads.php on line 18
[20-Dec-2017 17:00:40 Europe/Minsk] PHP Warning:  stripslashes() expects parameter 1 to be string, array given in /home/retsolme/public_html/getprice.by/tury/mail.php on line 49
[20-Dec-2017 17:00:40 Europe/Minsk] PHP Notice:  Undefined index: morechoose in /home/retsolme/public_html/getprice.by/tury/mail.php on line 67
[20-Dec-2017 17:00:40 Europe/Minsk] PHP Notice:  Undefined index: meal in /home/retsolme/public_html/getprice.by/tury/mail.php on line 81
[20-Dec-2017 17:28:02 Europe/Moscow] PHP Notice:  Undefined index: email in /home/retsolme/public_html/getprice.by/tury/leads.php on line 17
[20-Dec-2017 17:28:02 Europe/Moscow] PHP Notice:  Undefined index: komments in /home/retsolme/public_html/getprice.by/tury/leads.php on line 18
[21-Dec-2017 17:56:41 Europe/Minsk] PHP Warning:  stripslashes() expects parameter 1 to be string, array given in /home/retsolme/public_html/getprice.by/tury/mail.php on line 49
[21-Dec-2017 17:56:41 Europe/Minsk] PHP Warning:  stripslashes() expects parameter 1 to be string, array given in /home/retsolme/public_html/getprice.by/tury/mail.php on line 67
[21-Dec-2017 17:56:41 Europe/Minsk] PHP Warning:  stripslashes() expects parameter 1 to be string, array given in /home/retsolme/public_html/getprice.by/tury/mail.php on line 81
[21-Dec-2017 18:37:52 Europe/Minsk] PHP Notice:  Undefined index: predp in /home/retsolme/public_html/getprice.by/tury/mail.php on line 49
[21-Dec-2017 18:37:52 Europe/Minsk] PHP Warning:  stripslashes() expects parameter 1 to be string, array given in /home/retsolme/public_html/getprice.by/tury/mail.php on line 67
[21-Dec-2017 18:37:52 Europe/Minsk] PHP Warning:  stripslashes() expects parameter 1 to be string, array given in /home/retsolme/public_html/getprice.by/tury/mail.php on line 81
[21-Dec-2017 18:43:25 Europe/Minsk] PHP Warning:  stripslashes() expects parameter 1 to be string, array given in /home/retsolme/public_html/getprice.by/tury/mail.php on line 49
[21-Dec-2017 18:43:25 Europe/Minsk] PHP Warning:  stripslashes() expects parameter 1 to be string, array given in /home/retsolme/public_html/getprice.by/tury/mail.php on line 67
[21-Dec-2017 18:43:25 Europe/Minsk] PHP Warning:  stripslashes() expects parameter 1 to be string, array given in /home/retsolme/public_html/getprice.by/tury/mail.php on line 81
[21-Dec-2017 18:45:28 Europe/Minsk] PHP Warning:  stripslashes() expects parameter 1 to be string, array given in /home/retsolme/public_html/getprice.by/tury/mail.php on line 49
[21-Dec-2017 18:45:28 Europe/Minsk] PHP Warning:  stripslashes() expects parameter 1 to be string, array given in /home/retsolme/public_html/getprice.by/tury/mail.php on line 67
[21-Dec-2017 18:45:28 Europe/Minsk] PHP Warning:  stripslashes() expects parameter 1 to be string, array given in /home/retsolme/public_html/getprice.by/tury/mail.php on line 81
[22-Dec-2017 09:12:46 Europe/Minsk] PHP Warning:  stripslashes() expects parameter 1 to be string, array given in /home/retsolme/public_html/getprice.by/tury/mail.php on line 49
[22-Dec-2017 09:12:46 Europe/Minsk] PHP Warning:  stripslashes() expects parameter 1 to be string, array given in /home/retsolme/public_html/getprice.by/tury/mail.php on line 67
[22-Dec-2017 09:12:46 Europe/Minsk] PHP Warning:  stripslashes() expects parameter 1 to be string, array given in /home/retsolme/public_html/getprice.by/tury/mail.php on line 81
[22-Dec-2017 09:12:48 Europe/Minsk] PHP Warning:  stripslashes() expects parameter 1 to be string, array given in /home/retsolme/public_html/getprice.by/tury/mail.php on line 49
[22-Dec-2017 09:12:48 Europe/Minsk] PHP Notice:  Undefined index: morechoose in /home/retsolme/public_html/getprice.by/tury/mail.php on line 67
[22-Dec-2017 09:12:48 Europe/Minsk] PHP Warning:  stripslashes() expects parameter 1 to be string, array given in /home/retsolme/public_html/getprice.by/tury/mail.php on line 81
[22-Dec-2017 09:47:24 Europe/Moscow] PHP Notice:  Undefined index: email in /home/retsolme/public_html/getprice.by/tury/leads.php on line 17
[22-Dec-2017 09:47:24 Europe/Moscow] PHP Notice:  Undefined index: komments in /home/retsolme/public_html/getprice.by/tury/leads.php on line 18
[22-Dec-2017 09:48:56 Europe/Minsk] PHP Warning:  stripslashes() expects parameter 1 to be string, array given in /home/retsolme/public_html/getprice.by/tury/mail.php on line 49
[22-Dec-2017 09:48:56 Europe/Minsk] PHP Warning:  stripslashes() expects parameter 1 to be string, array given in /home/retsolme/public_html/getprice.by/tury/mail.php on line 67
[22-Dec-2017 09:48:56 Europe/Minsk] PHP Warning:  stripslashes() expects parameter 1 to be string, array given in /home/retsolme/public_html/getprice.by/tury/mail.php on line 81
[22-Dec-2017 09:58:54 Europe/Minsk] PHP Warning:  stripslashes() expects parameter 1 to be string, array given in /home/retsolme/public_html/getprice.by/tury/mail.php on line 49
[22-Dec-2017 09:58:54 Europe/Minsk] PHP Warning:  stripslashes() expects parameter 1 to be string, array given in /home/retsolme/public_html/getprice.by/tury/mail.php on line 67
[22-Dec-2017 09:58:54 Europe/Minsk] PHP Warning:  stripslashes() expects parameter 1 to be string, array given in /home/retsolme/public_html/getprice.by/tury/mail.php on line 81
[22-Dec-2017 10:13:49 Europe/Moscow] PHP Notice:  Undefined index: email in /home/retsolme/public_html/getprice.by/tury/leads.php on line 17
[22-Dec-2017 10:13:49 Europe/Moscow] PHP Notice:  Undefined index: komments in /home/retsolme/public_html/getprice.by/tury/leads.php on line 18
[22-Dec-2017 10:31:26 Europe/Minsk] PHP Warning:  stripslashes() expects parameter 1 to be string, array given in /home/retsolme/public_html/getprice.by/tury/mail.php on line 49
[22-Dec-2017 10:31:26 Europe/Minsk] PHP Warning:  stripslashes() expects parameter 1 to be string, array given in /home/retsolme/public_html/getprice.by/tury/mail.php on line 67
[22-Dec-2017 10:31:26 Europe/Minsk] PHP Warning:  stripslashes() expects parameter 1 to be string, array given in /home/retsolme/public_html/getprice.by/tury/mail.php on line 81
[22-Dec-2017 11:11:59 Europe/Minsk] PHP Warning:  stripslashes() expects parameter 1 to be string, array given in /home/retsolme/public_html/getprice.by/tury/mail.php on line 49
[22-Dec-2017 11:11:59 Europe/Minsk] PHP Warning:  stripslashes() expects parameter 1 to be string, array given in /home/retsolme/public_html/getprice.by/tury/mail.php on line 67
[22-Dec-2017 11:11:59 Europe/Minsk] PHP Warning:  stripslashes() expects parameter 1 to be string, array given in /home/retsolme/public_html/getprice.by/tury/mail.php on line 81
[22-Dec-2017 11:17:34 Europe/Minsk] PHP Warning:  stripslashes() expects parameter 1 to be string, array given in /home/retsolme/public_html/getprice.by/tury/mail.php on line 49
[22-Dec-2017 11:17:34 Europe/Minsk] PHP Notice:  Undefined index: morechoose in /home/retsolme/public_html/getprice.by/tury/mail.php on line 67
[22-Dec-2017 11:17:34 Europe/Minsk] PHP Warning:  stripslashes() expects parameter 1 to be string, array given in /home/retsolme/public_html/getprice.by/tury/mail.php on line 81
[22-Dec-2017 11:23:42 Europe/Minsk] PHP Warning:  stripslashes() expects parameter 1 to be string, array given in /home/retsolme/public_html/getprice.by/tury/mail.php on line 49
[22-Dec-2017 11:23:42 Europe/Minsk] PHP Warning:  stripslashes() expects parameter 1 to be string, array given in /home/retsolme/public_html/getprice.by/tury/mail.php on line 67
[22-Dec-2017 11:23:42 Europe/Minsk] PHP Warning:  stripslashes() expects parameter 1 to be string, array given in /home/retsolme/public_html/getprice.by/tury/mail.php on line 81
[22-Dec-2017 11:42:48 Europe/Minsk] PHP Warning:  stripslashes() expects parameter 1 to be string, array given in /home/retsolme/public_html/getprice.by/tury/mail.php on line 49
[22-Dec-2017 11:42:48 Europe/Minsk] PHP Warning:  stripslashes() expects parameter 1 to be string, array given in /home/retsolme/public_html/getprice.by/tury/mail.php on line 67
[22-Dec-2017 11:42:48 Europe/Minsk] PHP Warning:  stripslashes() expects parameter 1 to be string, array given in /home/retsolme/public_html/getprice.by/tury/mail.php on line 81
[22-Dec-2017 11:45:27 Europe/Minsk] PHP Warning:  stripslashes() expects parameter 1 to be string, array given in /home/retsolme/public_html/getprice.by/tury/mail.php on line 49
[22-Dec-2017 11:45:27 Europe/Minsk] PHP Warning:  stripslashes() expects parameter 1 to be string, array given in /home/retsolme/public_html/getprice.by/tury/mail.php on line 67
[22-Dec-2017 11:45:27 Europe/Minsk] PHP Warning:  stripslashes() expects parameter 1 to be string, array given in /home/retsolme/public_html/getprice.by/tury/mail.php on line 81
[26-Dec-2017 11:48:45 Europe/Minsk] PHP Warning:  stripslashes() expects parameter 1 to be string, array given in /home/retsolme/public_html/getprice.by/tury/mail.php on line 49
[26-Dec-2017 11:48:45 Europe/Minsk] PHP Notice:  Undefined index: morechoose in /home/retsolme/public_html/getprice.by/tury/mail.php on line 67
[26-Dec-2017 11:48:45 Europe/Minsk] PHP Warning:  stripslashes() expects parameter 1 to be string, array given in /home/retsolme/public_html/getprice.by/tury/mail.php on line 81
[26-Dec-2017 12:30:45 Europe/Minsk] PHP Warning:  stripslashes() expects parameter 1 to be string, array given in /home/retsolme/public_html/getprice.by/tury/mail.php on line 49
[26-Dec-2017 12:30:45 Europe/Minsk] PHP Notice:  Undefined index: morechoose in /home/retsolme/public_html/getprice.by/tury/mail.php on line 67
[26-Dec-2017 12:30:45 Europe/Minsk] PHP Warning:  stripslashes() expects parameter 1 to be string, array given in /home/retsolme/public_html/getprice.by/tury/mail.php on line 81
[26-Dec-2017 13:19:47 Europe/Minsk] PHP Warning:  stripslashes() expects parameter 1 to be string, array given in /home/retsolme/public_html/getprice.by/tury/mail.php on line 49
[26-Dec-2017 13:19:47 Europe/Minsk] PHP Warning:  stripslashes() expects parameter 1 to be string, array given in /home/retsolme/public_html/getprice.by/tury/mail.php on line 67
[26-Dec-2017 13:19:47 Europe/Minsk] PHP Warning:  stripslashes() expects parameter 1 to be string, array given in /home/retsolme/public_html/getprice.by/tury/mail.php on line 81
[26-Dec-2017 14:15:50 Europe/Minsk] PHP Warning:  stripslashes() expects parameter 1 to be string, array given in /home/retsolme/public_html/getprice.by/tury/mail.php on line 49
[26-Dec-2017 14:15:50 Europe/Minsk] PHP Notice:  Undefined index: morechoose in /home/retsolme/public_html/getprice.by/tury/mail.php on line 67
[26-Dec-2017 14:15:50 Europe/Minsk] PHP Warning:  stripslashes() expects parameter 1 to be string, array given in /home/retsolme/public_html/getprice.by/tury/mail.php on line 81
[26-Dec-2017 14:25:00 Europe/Minsk] PHP Warning:  stripslashes() expects parameter 1 to be string, array given in /home/retsolme/public_html/getprice.by/tury/mail.php on line 49
[26-Dec-2017 14:25:00 Europe/Minsk] PHP Notice:  Undefined index: morechoose in /home/retsolme/public_html/getprice.by/tury/mail.php on line 67
[26-Dec-2017 14:25:00 Europe/Minsk] PHP Warning:  stripslashes() expects parameter 1 to be string, array given in /home/retsolme/public_html/getprice.by/tury/mail.php on line 81
[26-Dec-2017 14:35:31 Europe/Minsk] PHP Warning:  stripslashes() expects parameter 1 to be string, array given in /home/retsolme/public_html/getprice.by/tury/mail.php on line 49
[26-Dec-2017 14:35:31 Europe/Minsk] PHP Notice:  Undefined index: morechoose in /home/retsolme/public_html/getprice.by/tury/mail.php on line 67
[26-Dec-2017 14:35:31 Europe/Minsk] PHP Warning:  stripslashes() expects parameter 1 to be string, array given in /home/retsolme/public_html/getprice.by/tury/mail.php on line 81
[26-Dec-2017 16:11:11 Europe/Minsk] PHP Warning:  stripslashes() expects parameter 1 to be string, array given in /home/retsolme/public_html/getprice.by/tury/mail.php on line 49
[26-Dec-2017 16:11:11 Europe/Minsk] PHP Notice:  Undefined index: morechoose in /home/retsolme/public_html/getprice.by/tury/mail.php on line 67
[26-Dec-2017 16:11:11 Europe/Minsk] PHP Warning:  stripslashes() expects parameter 1 to be string, array given in /home/retsolme/public_html/getprice.by/tury/mail.php on line 81
[26-Dec-2017 16:12:10 Europe/Minsk] PHP Warning:  stripslashes() expects parameter 1 to be string, array given in /home/retsolme/public_html/getprice.by/tury/mail.php on line 49
[26-Dec-2017 16:12:10 Europe/Minsk] PHP Warning:  stripslashes() expects parameter 1 to be string, array given in /home/retsolme/public_html/getprice.by/tury/mail.php on line 67
[26-Dec-2017 16:12:10 Europe/Minsk] PHP Warning:  stripslashes() expects parameter 1 to be string, array given in /home/retsolme/public_html/getprice.by/tury/mail.php on line 81
[26-Dec-2017 16:23:23 Europe/Minsk] PHP Warning:  stripslashes() expects parameter 1 to be string, array given in /home/retsolme/public_html/getprice.by/tury/mail.php on line 49
[26-Dec-2017 16:23:23 Europe/Minsk] PHP Notice:  Undefined index: morechoose in /home/retsolme/public_html/getprice.by/tury/mail.php on line 67
[26-Dec-2017 16:23:23 Europe/Minsk] PHP Warning:  stripslashes() expects parameter 1 to be string, array given in /home/retsolme/public_html/getprice.by/tury/mail.php on line 81
[03-Jan-2018 09:42:55 Europe/Minsk] PHP Warning:  stripslashes() expects parameter 1 to be string, array given in /home/retsolme/public_html/getprice.by/tury/mail.php on line 49
[03-Jan-2018 09:42:55 Europe/Minsk] PHP Warning:  stripslashes() expects parameter 1 to be string, array given in /home/retsolme/public_html/getprice.by/tury/mail.php on line 67
[03-Jan-2018 09:42:55 Europe/Minsk] PHP Warning:  stripslashes() expects parameter 1 to be string, array given in /home/retsolme/public_html/getprice.by/tury/mail.php on line 81
[03-Jan-2018 09:46:09 Europe/Minsk] PHP Notice:  Undefined index: predp in /home/retsolme/public_html/getprice.by/tury/mail.php on line 49
[03-Jan-2018 09:46:09 Europe/Minsk] PHP Notice:  Undefined index: morechoose in /home/retsolme/public_html/getprice.by/tury/mail.php on line 67
[03-Jan-2018 09:46:09 Europe/Minsk] PHP Warning:  stripslashes() expects parameter 1 to be string, array given in /home/retsolme/public_html/getprice.by/tury/mail.php on line 81
[03-Jan-2018 10:16:14 Europe/Moscow] PHP Notice:  Undefined index: email in /home/retsolme/public_html/getprice.by/tury/leads.php on line 17
[03-Jan-2018 10:16:14 Europe/Moscow] PHP Notice:  Undefined index: komments in /home/retsolme/public_html/getprice.by/tury/leads.php on line 18
[03-Jan-2018 10:19:40 Europe/Minsk] PHP Warning:  stripslashes() expects parameter 1 to be string, array given in /home/retsolme/public_html/getprice.by/tury/mail.php on line 49
[03-Jan-2018 10:19:40 Europe/Minsk] PHP Notice:  Undefined index: morechoose in /home/retsolme/public_html/getprice.by/tury/mail.php on line 67
[03-Jan-2018 10:19:40 Europe/Minsk] PHP Warning:  stripslashes() expects parameter 1 to be string, array given in /home/retsolme/public_html/getprice.by/tury/mail.php on line 81
[03-Jan-2018 10:37:52 Europe/Minsk] PHP Warning:  stripslashes() expects parameter 1 to be string, array given in /home/retsolme/public_html/getprice.by/tury/mail.php on line 49
[03-Jan-2018 10:37:52 Europe/Minsk] PHP Notice:  Undefined index: morechoose in /home/retsolme/public_html/getprice.by/tury/mail.php on line 67
[03-Jan-2018 10:37:52 Europe/Minsk] PHP Warning:  stripslashes() expects parameter 1 to be string, array given in /home/retsolme/public_html/getprice.by/tury/mail.php on line 81
[03-Jan-2018 10:55:36 Europe/Minsk] PHP Warning:  stripslashes() expects parameter 1 to be string, array given in /home/retsolme/public_html/getprice.by/tury/mail.php on line 49
[03-Jan-2018 10:55:36 Europe/Minsk] PHP Warning:  stripslashes() expects parameter 1 to be string, array given in /home/retsolme/public_html/getprice.by/tury/mail.php on line 67
[03-Jan-2018 10:55:36 Europe/Minsk] PHP Warning:  stripslashes() expects parameter 1 to be string, array given in /home/retsolme/public_html/getprice.by/tury/mail.php on line 81
[03-Jan-2018 11:09:11 Europe/Minsk] PHP Warning:  stripslashes() expects parameter 1 to be string, array given in /home/retsolme/public_html/getprice.by/tury/mail.php on line 49
[03-Jan-2018 11:09:11 Europe/Minsk] PHP Notice:  Undefined index: morechoose in /home/retsolme/public_html/getprice.by/tury/mail.php on line 67
[03-Jan-2018 11:09:11 Europe/Minsk] PHP Warning:  stripslashes() expects parameter 1 to be string, array given in /home/retsolme/public_html/getprice.by/tury/mail.php on line 81
[03-Jan-2018 11:22:37 Europe/Minsk] PHP Warning:  stripslashes() expects parameter 1 to be string, array given in /home/retsolme/public_html/getprice.by/tury/mail.php on line 49
[03-Jan-2018 11:22:37 Europe/Minsk] PHP Notice:  Undefined index: morechoose in /home/retsolme/public_html/getprice.by/tury/mail.php on line 67
[03-Jan-2018 11:22:37 Europe/Minsk] PHP Warning:  stripslashes() expects parameter 1 to be string, array given in /home/retsolme/public_html/getprice.by/tury/mail.php on line 81
[03-Jan-2018 11:59:43 Europe/Minsk] PHP Warning:  stripslashes() expects parameter 1 to be string, array given in /home/retsolme/public_html/getprice.by/tury/mail.php on line 49
[03-Jan-2018 11:59:43 Europe/Minsk] PHP Warning:  stripslashes() expects parameter 1 to be string, array given in /home/retsolme/public_html/getprice.by/tury/mail.php on line 67
[03-Jan-2018 11:59:43 Europe/Minsk] PHP Warning:  stripslashes() expects parameter 1 to be string, array given in /home/retsolme/public_html/getprice.by/tury/mail.php on line 81
[03-Jan-2018 12:32:15 Europe/Minsk] PHP Warning:  stripslashes() expects parameter 1 to be string, array given in /home/retsolme/public_html/getprice.by/tury/mail.php on line 49
[03-Jan-2018 12:32:15 Europe/Minsk] PHP Notice:  Undefined index: morechoose in /home/retsolme/public_html/getprice.by/tury/mail.php on line 67
[03-Jan-2018 12:32:15 Europe/Minsk] PHP Warning:  stripslashes() expects parameter 1 to be string, array given in /home/retsolme/public_html/getprice.by/tury/mail.php on line 81
[03-Jan-2018 13:18:35 Europe/Minsk] PHP Warning:  stripslashes() expects parameter 1 to be string, array given in /home/retsolme/public_html/getprice.by/tury/mail.php on line 49
[03-Jan-2018 13:18:35 Europe/Minsk] PHP Warning:  stripslashes() expects parameter 1 to be string, array given in /home/retsolme/public_html/getprice.by/tury/mail.php on line 67
[03-Jan-2018 13:18:35 Europe/Minsk] PHP Warning:  stripslashes() expects parameter 1 to be string, array given in /home/retsolme/public_html/getprice.by/tury/mail.php on line 81
[03-Jan-2018 14:20:41 Europe/Minsk] PHP Warning:  stripslashes() expects parameter 1 to be string, array given in /home/retsolme/public_html/getprice.by/tury/mail.php on line 49
[03-Jan-2018 14:20:41 Europe/Minsk] PHP Warning:  stripslashes() expects parameter 1 to be string, array given in /home/retsolme/public_html/getprice.by/tury/mail.php on line 67
[03-Jan-2018 14:20:41 Europe/Minsk] PHP Warning:  stripslashes() expects parameter 1 to be string, array given in /home/retsolme/public_html/getprice.by/tury/mail.php on line 81
[03-Jan-2018 14:27:02 Europe/Minsk] PHP Warning:  stripslashes() expects parameter 1 to be string, array given in /home/retsolme/public_html/getprice.by/tury/mail.php on line 49
[03-Jan-2018 14:27:02 Europe/Minsk] PHP Warning:  stripslashes() expects parameter 1 to be string, array given in /home/retsolme/public_html/getprice.by/tury/mail.php on line 67
[03-Jan-2018 14:27:02 Europe/Minsk] PHP Warning:  stripslashes() expects parameter 1 to be string, array given in /home/retsolme/public_html/getprice.by/tury/mail.php on line 81
[03-Jan-2018 14:27:42 Europe/Moscow] PHP Notice:  Undefined index: email in /home/retsolme/public_html/getprice.by/tury/leads.php on line 17
[03-Jan-2018 14:27:42 Europe/Moscow] PHP Notice:  Undefined index: komments in /home/retsolme/public_html/getprice.by/tury/leads.php on line 18
[03-Jan-2018 14:32:19 Europe/Minsk] PHP Warning:  stripslashes() expects parameter 1 to be string, array given in /home/retsolme/public_html/getprice.by/tury/mail.php on line 49
[03-Jan-2018 14:32:19 Europe/Minsk] PHP Warning:  stripslashes() expects parameter 1 to be string, array given in /home/retsolme/public_html/getprice.by/tury/mail.php on line 67
[03-Jan-2018 14:32:19 Europe/Minsk] PHP Warning:  stripslashes() expects parameter 1 to be string, array given in /home/retsolme/public_html/getprice.by/tury/mail.php on line 81
[03-Jan-2018 14:42:50 Europe/Minsk] PHP Warning:  stripslashes() expects parameter 1 to be string, array given in /home/retsolme/public_html/getprice.by/tury/mail.php on line 49
[03-Jan-2018 14:42:50 Europe/Minsk] PHP Notice:  Undefined index: morechoose in /home/retsolme/public_html/getprice.by/tury/mail.php on line 67
[03-Jan-2018 14:42:50 Europe/Minsk] PHP Warning:  stripslashes() expects parameter 1 to be string, array given in /home/retsolme/public_html/getprice.by/tury/mail.php on line 81
[03-Jan-2018 15:58:44 Europe/Minsk] PHP Warning:  stripslashes() expects parameter 1 to be string, array given in /home/retsolme/public_html/getprice.by/tury/mail.php on line 49
[03-Jan-2018 15:58:44 Europe/Minsk] PHP Warning:  stripslashes() expects parameter 1 to be string, array given in /home/retsolme/public_html/getprice.by/tury/mail.php on line 67
[03-Jan-2018 15:58:44 Europe/Minsk] PHP Warning:  stripslashes() expects parameter 1 to be string, array given in /home/retsolme/public_html/getprice.by/tury/mail.php on line 81
[03-Jan-2018 16:03:21 Europe/Moscow] PHP Notice:  Undefined index: email in /home/retsolme/public_html/getprice.by/tury/leads.php on line 17
[03-Jan-2018 16:03:21 Europe/Moscow] PHP Notice:  Undefined index: komments in /home/retsolme/public_html/getprice.by/tury/leads.php on line 18
[03-Jan-2018 17:16:15 Europe/Minsk] PHP Warning:  stripslashes() expects parameter 1 to be string, array given in /home/retsolme/public_html/getprice.by/tury/mail.php on line 49
[03-Jan-2018 17:16:15 Europe/Minsk] PHP Warning:  stripslashes() expects parameter 1 to be string, array given in /home/retsolme/public_html/getprice.by/tury/mail.php on line 67
[03-Jan-2018 17:16:15 Europe/Minsk] PHP Warning:  stripslashes() expects parameter 1 to be string, array given in /home/retsolme/public_html/getprice.by/tury/mail.php on line 81
[03-Jan-2018 19:12:01 Europe/Minsk] PHP Warning:  stripslashes() expects parameter 1 to be string, array given in /home/retsolme/public_html/getprice.by/tury/mail.php on line 49
[03-Jan-2018 19:12:01 Europe/Minsk] PHP Warning:  stripslashes() expects parameter 1 to be string, array given in /home/retsolme/public_html/getprice.by/tury/mail.php on line 67
[03-Jan-2018 19:12:01 Europe/Minsk] PHP Warning:  stripslashes() expects parameter 1 to be string, array given in /home/retsolme/public_html/getprice.by/tury/mail.php on line 81
[25-Jan-2018 09:57:55 Europe/Minsk] PHP Warning:  stripslashes() expects parameter 1 to be string, array given in /home/retsolme/public_html/getprice.by/tury/mail.php on line 49
[25-Jan-2018 09:57:55 Europe/Minsk] PHP Warning:  stripslashes() expects parameter 1 to be string, array given in /home/retsolme/public_html/getprice.by/tury/mail.php on line 67
[25-Jan-2018 09:57:55 Europe/Minsk] PHP Warning:  stripslashes() expects parameter 1 to be string, array given in /home/retsolme/public_html/getprice.by/tury/mail.php on line 81
[25-Jan-2018 10:32:41 Europe/Minsk] PHP Warning:  stripslashes() expects parameter 1 to be string, array given in /home/retsolme/public_html/getprice.by/tury/mail.php on line 49
[25-Jan-2018 10:32:41 Europe/Minsk] PHP Warning:  stripslashes() expects parameter 1 to be string, array given in /home/retsolme/public_html/getprice.by/tury/mail.php on line 67
[25-Jan-2018 10:32:41 Europe/Minsk] PHP Warning:  stripslashes() expects parameter 1 to be string, array given in /home/retsolme/public_html/getprice.by/tury/mail.php on line 81
[12-Feb-2018 09:06:20 Europe/Minsk] PHP Warning:  stripslashes() expects parameter 1 to be string, array given in /home/retsolme/public_html/getprice.by/tury/mail.php on line 49
[12-Feb-2018 09:06:20 Europe/Minsk] PHP Notice:  Undefined index: morechoose in /home/retsolme/public_html/getprice.by/tury/mail.php on line 67
[12-Feb-2018 09:06:20 Europe/Minsk] PHP Warning:  stripslashes() expects parameter 1 to be string, array given in /home/retsolme/public_html/getprice.by/tury/mail.php on line 81
[13-Feb-2018 09:18:35 Europe/Minsk] PHP Warning:  stripslashes() expects parameter 1 to be string, array given in /home/retsolme/public_html/getprice.by/tury/mail.php on line 49
[13-Feb-2018 09:18:35 Europe/Minsk] PHP Warning:  stripslashes() expects parameter 1 to be string, array given in /home/retsolme/public_html/getprice.by/tury/mail.php on line 67
[13-Feb-2018 09:18:35 Europe/Minsk] PHP Warning:  stripslashes() expects parameter 1 to be string, array given in /home/retsolme/public_html/getprice.by/tury/mail.php on line 81
[14-Apr-2018 10:19:58 Europe/Minsk] PHP Notice:  Undefined index: type in /home/retsolme/public_html/getprice.by/tury/mail.php on line 41
[14-Apr-2018 10:19:58 Europe/Moscow] PHP Notice:  Undefined index: phone in /home/retsolme/public_html/getprice.by/tury/leads.php on line 15
[14-Apr-2018 10:19:58 Europe/Moscow] PHP Notice:  Undefined index: name in /home/retsolme/public_html/getprice.by/tury/leads.php on line 16
[14-Apr-2018 10:19:58 Europe/Moscow] PHP Notice:  Undefined index: email in /home/retsolme/public_html/getprice.by/tury/leads.php on line 17
[14-Apr-2018 10:19:58 Europe/Moscow] PHP Notice:  Undefined index: komments in /home/retsolme/public_html/getprice.by/tury/leads.php on line 18
[14-Apr-2018 10:19:58 Europe/Moscow] PHP Notice:  Undefined index: utm_term in /home/retsolme/public_html/getprice.by/tury/leads.php on line 19
[14-Apr-2018 10:19:58 Europe/Moscow] PHP Notice:  Undefined index: utm_source in /home/retsolme/public_html/getprice.by/tury/leads.php on line 20
[14-Apr-2018 10:19:58 Europe/Moscow] PHP Notice:  Undefined index: utm_medium in /home/retsolme/public_html/getprice.by/tury/leads.php on line 21
[14-Apr-2018 10:19:58 Europe/Moscow] PHP Notice:  Undefined index: utm_campaign in /home/retsolme/public_html/getprice.by/tury/leads.php on line 22
[15-Apr-2018 18:43:51 Europe/Minsk] PHP Warning:  stripslashes() expects parameter 1 to be string, array given in /home/retsolme/public_html/getprice.by/tury/mail.php on line 49
[15-Apr-2018 18:43:51 Europe/Minsk] PHP Notice:  Undefined index: morechoose in /home/retsolme/public_html/getprice.by/tury/mail.php on line 67
[15-Apr-2018 18:43:51 Europe/Minsk] PHP Notice:  Undefined index: meal in /home/retsolme/public_html/getprice.by/tury/mail.php on line 81
