[17-Dec-2019 13:50:46 Europe/Moscow] PHP Warning:  mail(): Failed to connect to mailserver at &quot;localhost&quot; port 25, verify your &quot;SMTP&quot; and &quot;smtp_port&quot; setting in php.ini or use ini_set() in C:\xampp\htdocs\getprice\shkaf-kupe\mail.php on line 65
[17-Dec-2019 15:55:25 Europe/Moscow] PHP Warning:  curl_setopt(): supplied resource is not a valid cURL handle resource in C:\xampp\htdocs\getprice\mebelprofy\shkaf-kupe-leads.php on line 147
[17-Dec-2019 15:55:25 Europe/Moscow] PHP Warning:  curl_setopt(): supplied resource is not a valid cURL handle resource in C:\xampp\htdocs\getprice\mebelprofy\shkaf-kupe-leads.php on line 148
[17-Dec-2019 15:55:25 Europe/Moscow] PHP Warning:  curl_setopt(): supplied resource is not a valid cURL handle resource in C:\xampp\htdocs\getprice\mebelprofy\shkaf-kupe-leads.php on line 149
[17-Dec-2019 15:55:25 Europe/Moscow] PHP Warning:  curl_setopt(): supplied resource is not a valid cURL handle resource in C:\xampp\htdocs\getprice\mebelprofy\shkaf-kupe-leads.php on line 150
[17-Dec-2019 15:55:25 Europe/Moscow] PHP Notice:  Undefined variable: konfig in C:\xampp\htdocs\getprice\mebelprofy\mail.php on line 85
[18-Dec-2019 12:50:34 Europe/Moscow] PHP Fatal error:  Uncaught Exception: Не правильный логин или пароль in /home/getprice/public_html/mebelprofy/amo-int/Amo.php:153
Stack trace:
#0 /home/getprice/public_html/mebelprofy/amo-int/Amo.php(94): AMO->set_error(110, '\xD0\x9D\xD0\xB5\xD0\xB2\xD0\xB5\xD1\x80\xD0\xBD\xD1\x8B\xD0...')
#1 /home/getprice/public_html/mebelprofy/shum-leads.php(131): AMO->add_leads(Array)
#2 /home/getprice/public_html/mebelprofy/mail.php(60): include('/home/getprice/...')
#3 {main}
  thrown in /home/getprice/public_html/mebelprofy/amo-int/Amo.php on line 153
[18-Dec-2019 16:11:10 Europe/Moscow] PHP Warning:  curl_setopt(): supplied resource is not a valid cURL handle resource in /home/getprice/public_html/mebelprofy/shum-leads.php on line 196
[18-Dec-2019 16:11:10 Europe/Moscow] PHP Warning:  curl_setopt(): supplied resource is not a valid cURL handle resource in /home/getprice/public_html/mebelprofy/shum-leads.php on line 197
[19-Dec-2019 12:12:10 Europe/Moscow] PHP Warning:  curl_setopt(): supplied resource is not a valid cURL handle resource in /home/getprice/public_html/mebelprofy/shum-leads.php on line 196
[19-Dec-2019 12:12:10 Europe/Moscow] PHP Warning:  curl_setopt(): supplied resource is not a valid cURL handle resource in /home/getprice/public_html/mebelprofy/shum-leads.php on line 197
[19-Dec-2019 13:36:00 Europe/Moscow] PHP Warning:  curl_setopt(): supplied resource is not a valid cURL handle resource in /home/getprice/public_html/mebelprofy/shum-leads.php on line 196
[19-Dec-2019 13:36:00 Europe/Moscow] PHP Warning:  curl_setopt(): supplied resource is not a valid cURL handle resource in /home/getprice/public_html/mebelprofy/shum-leads.php on line 197
[19-Dec-2019 14:19:55 Europe/Moscow] PHP Warning:  curl_setopt(): supplied resource is not a valid cURL handle resource in /home/getprice/public_html/mebelprofy/shum-leads.php on line 196
[19-Dec-2019 14:19:55 Europe/Moscow] PHP Warning:  curl_setopt(): supplied resource is not a valid cURL handle resource in /home/getprice/public_html/mebelprofy/shum-leads.php on line 197
[19-Dec-2019 15:27:46 Europe/Moscow] PHP Warning:  curl_setopt(): supplied resource is not a valid cURL handle resource in /home/getprice/public_html/mebelprofy/shum-leads.php on line 196
[19-Dec-2019 15:27:46 Europe/Moscow] PHP Warning:  curl_setopt(): supplied resource is not a valid cURL handle resource in /home/getprice/public_html/mebelprofy/shum-leads.php on line 197
[20-Dec-2019 11:24:28 Europe/Moscow] PHP Warning:  curl_setopt(): supplied resource is not a valid cURL handle resource in /home/getprice/public_html/mebelprofy/shum-leads.php on line 196
[20-Dec-2019 11:24:28 Europe/Moscow] PHP Warning:  curl_setopt(): supplied resource is not a valid cURL handle resource in /home/getprice/public_html/mebelprofy/shum-leads.php on line 197
[20-Dec-2019 12:45:54 Europe/Moscow] PHP Warning:  curl_setopt(): supplied resource is not a valid cURL handle resource in /home/getprice/public_html/mebelprofy/shum-leads.php on line 196
[20-Dec-2019 12:45:54 Europe/Moscow] PHP Warning:  curl_setopt(): supplied resource is not a valid cURL handle resource in /home/getprice/public_html/mebelprofy/shum-leads.php on line 197
[21-Dec-2019 11:31:32 Europe/Moscow] PHP Warning:  curl_setopt(): supplied resource is not a valid cURL handle resource in /home/getprice/public_html/mebelprofy/shum-leads.php on line 196
[21-Dec-2019 11:31:32 Europe/Moscow] PHP Warning:  curl_setopt(): supplied resource is not a valid cURL handle resource in /home/getprice/public_html/mebelprofy/shum-leads.php on line 197
[21-Dec-2019 11:50:16 Europe/Moscow] PHP Warning:  curl_setopt(): supplied resource is not a valid cURL handle resource in /home/getprice/public_html/mebelprofy/shum-leads.php on line 196
[21-Dec-2019 11:50:16 Europe/Moscow] PHP Warning:  curl_setopt(): supplied resource is not a valid cURL handle resource in /home/getprice/public_html/mebelprofy/shum-leads.php on line 197
[23-Dec-2019 14:39:05 Europe/Moscow] PHP Warning:  curl_setopt(): supplied resource is not a valid cURL handle resource in /home/getprice/public_html/mebelprofy/shum-leads.php on line 196
[23-Dec-2019 14:39:05 Europe/Moscow] PHP Warning:  curl_setopt(): supplied resource is not a valid cURL handle resource in /home/getprice/public_html/mebelprofy/shum-leads.php on line 197
[24-Dec-2019 12:10:59 Europe/Moscow] PHP Warning:  curl_setopt(): supplied resource is not a valid cURL handle resource in /home/getprice/public_html/mebelprofy/shum-leads.php on line 196
[24-Dec-2019 12:10:59 Europe/Moscow] PHP Warning:  curl_setopt(): supplied resource is not a valid cURL handle resource in /home/getprice/public_html/mebelprofy/shum-leads.php on line 197
[24-Dec-2019 14:53:07 Europe/Moscow] PHP Warning:  curl_setopt(): supplied resource is not a valid cURL handle resource in /home/getprice/public_html/mebelprofy/shum-leads.php on line 196
[24-Dec-2019 14:53:07 Europe/Moscow] PHP Warning:  curl_setopt(): supplied resource is not a valid cURL handle resource in /home/getprice/public_html/mebelprofy/shum-leads.php on line 197
[26-Dec-2019 09:14:30 Europe/Moscow] PHP Warning:  curl_setopt(): supplied resource is not a valid cURL handle resource in /home/getprice/public_html/mebelprofy/shum-leads.php on line 196
[26-Dec-2019 09:14:30 Europe/Moscow] PHP Warning:  curl_setopt(): supplied resource is not a valid cURL handle resource in /home/getprice/public_html/mebelprofy/shum-leads.php on line 197
[26-Dec-2019 09:47:34 Europe/Moscow] PHP Warning:  curl_setopt(): supplied resource is not a valid cURL handle resource in /home/getprice/public_html/mebelprofy/shum-leads.php on line 196
[26-Dec-2019 09:47:34 Europe/Moscow] PHP Warning:  curl_setopt(): supplied resource is not a valid cURL handle resource in /home/getprice/public_html/mebelprofy/shum-leads.php on line 197
[26-Dec-2019 14:32:12 Europe/Moscow] PHP Warning:  curl_setopt(): supplied resource is not a valid cURL handle resource in /home/getprice/public_html/mebelprofy/shum-leads.php on line 196
[26-Dec-2019 14:32:12 Europe/Moscow] PHP Warning:  curl_setopt(): supplied resource is not a valid cURL handle resource in /home/getprice/public_html/mebelprofy/shum-leads.php on line 197
[26-Dec-2019 17:27:07 Europe/Moscow] PHP Warning:  curl_setopt(): supplied resource is not a valid cURL handle resource in /home/getprice/public_html/mebelprofy/shum-leads.php on line 196
[26-Dec-2019 17:27:07 Europe/Moscow] PHP Warning:  curl_setopt(): supplied resource is not a valid cURL handle resource in /home/getprice/public_html/mebelprofy/shum-leads.php on line 197
[27-Dec-2019 09:41:42 Europe/Moscow] PHP Warning:  curl_setopt(): supplied resource is not a valid cURL handle resource in /home/getprice/public_html/mebelprofy/shum-leads.php on line 196
[27-Dec-2019 09:41:42 Europe/Moscow] PHP Warning:  curl_setopt(): supplied resource is not a valid cURL handle resource in /home/getprice/public_html/mebelprofy/shum-leads.php on line 197
[27-Dec-2019 13:13:05 Europe/Moscow] PHP Warning:  curl_setopt(): supplied resource is not a valid cURL handle resource in /home/getprice/public_html/mebelprofy/shum-leads.php on line 196
[27-Dec-2019 13:13:05 Europe/Moscow] PHP Warning:  curl_setopt(): supplied resource is not a valid cURL handle resource in /home/getprice/public_html/mebelprofy/shum-leads.php on line 197
[27-Dec-2019 18:46:07 Europe/Moscow] PHP Warning:  curl_setopt(): supplied resource is not a valid cURL handle resource in /home/getprice/public_html/mebelprofy/shum-leads.php on line 196
[27-Dec-2019 18:46:07 Europe/Moscow] PHP Warning:  curl_setopt(): supplied resource is not a valid cURL handle resource in /home/getprice/public_html/mebelprofy/shum-leads.php on line 197
[28-Dec-2019 10:38:36 Europe/Moscow] PHP Warning:  curl_setopt(): supplied resource is not a valid cURL handle resource in /home/getprice/public_html/mebelprofy/shum-leads.php on line 196
[28-Dec-2019 10:38:36 Europe/Moscow] PHP Warning:  curl_setopt(): supplied resource is not a valid cURL handle resource in /home/getprice/public_html/mebelprofy/shum-leads.php on line 197
[28-Dec-2019 13:25:27 Europe/Moscow] PHP Warning:  curl_setopt(): supplied resource is not a valid cURL handle resource in /home/getprice/public_html/mebelprofy/shum-leads.php on line 196
[28-Dec-2019 13:25:27 Europe/Moscow] PHP Warning:  curl_setopt(): supplied resource is not a valid cURL handle resource in /home/getprice/public_html/mebelprofy/shum-leads.php on line 197
[30-Dec-2019 08:43:28 Europe/Moscow] PHP Warning:  curl_setopt(): supplied resource is not a valid cURL handle resource in /home/getprice/public_html/mebelprofy/shum-leads.php on line 196
[30-Dec-2019 08:43:28 Europe/Moscow] PHP Warning:  curl_setopt(): supplied resource is not a valid cURL handle resource in /home/getprice/public_html/mebelprofy/shum-leads.php on line 197
[30-Dec-2019 09:04:03 Europe/Moscow] PHP Warning:  curl_setopt(): supplied resource is not a valid cURL handle resource in /home/getprice/public_html/mebelprofy/shum-leads.php on line 196
[30-Dec-2019 09:04:03 Europe/Moscow] PHP Warning:  curl_setopt(): supplied resource is not a valid cURL handle resource in /home/getprice/public_html/mebelprofy/shum-leads.php on line 197
[31-Dec-2019 08:19:12 Europe/Moscow] PHP Warning:  curl_setopt(): supplied resource is not a valid cURL handle resource in /home/getprice/public_html/mebelprofy/shum-leads.php on line 196
[31-Dec-2019 08:19:12 Europe/Moscow] PHP Warning:  curl_setopt(): supplied resource is not a valid cURL handle resource in /home/getprice/public_html/mebelprofy/shum-leads.php on line 197
[31-Dec-2019 08:39:06 Europe/Moscow] PHP Warning:  curl_setopt(): supplied resource is not a valid cURL handle resource in /home/getprice/public_html/mebelprofy/shum-leads.php on line 196
[31-Dec-2019 08:39:06 Europe/Moscow] PHP Warning:  curl_setopt(): supplied resource is not a valid cURL handle resource in /home/getprice/public_html/mebelprofy/shum-leads.php on line 197
[03-Jan-2020 09:08:18 Europe/Moscow] PHP Warning:  curl_setopt(): supplied resource is not a valid cURL handle resource in /home/getprice/public_html/mebelprofy/shum-leads.php on line 196
[03-Jan-2020 09:08:18 Europe/Moscow] PHP Warning:  curl_setopt(): supplied resource is not a valid cURL handle resource in /home/getprice/public_html/mebelprofy/shum-leads.php on line 197
[03-Jan-2020 09:19:50 Europe/Moscow] PHP Warning:  curl_setopt(): supplied resource is not a valid cURL handle resource in /home/getprice/public_html/mebelprofy/shum-leads.php on line 196
[03-Jan-2020 09:19:50 Europe/Moscow] PHP Warning:  curl_setopt(): supplied resource is not a valid cURL handle resource in /home/getprice/public_html/mebelprofy/shum-leads.php on line 197
[03-Jan-2020 12:06:08 Europe/Moscow] PHP Warning:  curl_setopt(): supplied resource is not a valid cURL handle resource in /home/getprice/public_html/mebelprofy/shum-leads.php on line 196
[03-Jan-2020 12:06:08 Europe/Moscow] PHP Warning:  curl_setopt(): supplied resource is not a valid cURL handle resource in /home/getprice/public_html/mebelprofy/shum-leads.php on line 197
[03-Jan-2020 13:47:31 Europe/Moscow] PHP Warning:  curl_setopt(): supplied resource is not a valid cURL handle resource in /home/getprice/public_html/mebelprofy/shum-leads.php on line 196
[03-Jan-2020 13:47:31 Europe/Moscow] PHP Warning:  curl_setopt(): supplied resource is not a valid cURL handle resource in /home/getprice/public_html/mebelprofy/shum-leads.php on line 197
[03-Jan-2020 15:15:42 Europe/Moscow] PHP Warning:  curl_setopt(): supplied resource is not a valid cURL handle resource in /home/getprice/public_html/mebelprofy/shum-leads.php on line 196
[03-Jan-2020 15:15:42 Europe/Moscow] PHP Warning:  curl_setopt(): supplied resource is not a valid cURL handle resource in /home/getprice/public_html/mebelprofy/shum-leads.php on line 197
[04-Jan-2020 09:44:05 Europe/Moscow] PHP Warning:  curl_setopt(): supplied resource is not a valid cURL handle resource in /home/getprice/public_html/mebelprofy/shum-leads.php on line 196
[04-Jan-2020 09:44:05 Europe/Moscow] PHP Warning:  curl_setopt(): supplied resource is not a valid cURL handle resource in /home/getprice/public_html/mebelprofy/shum-leads.php on line 197
[04-Jan-2020 13:23:29 Europe/Moscow] PHP Warning:  curl_setopt(): supplied resource is not a valid cURL handle resource in /home/getprice/public_html/mebelprofy/shum-leads.php on line 196
[04-Jan-2020 13:23:29 Europe/Moscow] PHP Warning:  curl_setopt(): supplied resource is not a valid cURL handle resource in /home/getprice/public_html/mebelprofy/shum-leads.php on line 197
[06-Jan-2020 11:23:40 Europe/Moscow] PHP Warning:  curl_setopt(): supplied resource is not a valid cURL handle resource in /home/getprice/public_html/mebelprofy/shum-leads.php on line 196
[06-Jan-2020 11:23:40 Europe/Moscow] PHP Warning:  curl_setopt(): supplied resource is not a valid cURL handle resource in /home/getprice/public_html/mebelprofy/shum-leads.php on line 197
[06-Jan-2020 11:25:31 Europe/Moscow] PHP Warning:  curl_setopt(): supplied resource is not a valid cURL handle resource in /home/getprice/public_html/mebelprofy/shum-leads.php on line 196
[06-Jan-2020 11:25:31 Europe/Moscow] PHP Warning:  curl_setopt(): supplied resource is not a valid cURL handle resource in /home/getprice/public_html/mebelprofy/shum-leads.php on line 197
[06-Jan-2020 11:54:59 Europe/Moscow] PHP Warning:  curl_setopt(): supplied resource is not a valid cURL handle resource in /home/getprice/public_html/mebelprofy/shum-leads.php on line 196
[06-Jan-2020 11:54:59 Europe/Moscow] PHP Warning:  curl_setopt(): supplied resource is not a valid cURL handle resource in /home/getprice/public_html/mebelprofy/shum-leads.php on line 197
[06-Jan-2020 12:45:37 Europe/Moscow] PHP Warning:  curl_setopt(): supplied resource is not a valid cURL handle resource in /home/getprice/public_html/mebelprofy/shum-leads.php on line 196
[06-Jan-2020 12:45:37 Europe/Moscow] PHP Warning:  curl_setopt(): supplied resource is not a valid cURL handle resource in /home/getprice/public_html/mebelprofy/shum-leads.php on line 197
[06-Jan-2020 14:09:02 Europe/Moscow] PHP Warning:  curl_setopt(): supplied resource is not a valid cURL handle resource in /home/getprice/public_html/mebelprofy/shum-leads.php on line 196
[06-Jan-2020 14:09:02 Europe/Moscow] PHP Warning:  curl_setopt(): supplied resource is not a valid cURL handle resource in /home/getprice/public_html/mebelprofy/shum-leads.php on line 197
[06-Jan-2020 14:34:18 Europe/Moscow] PHP Warning:  curl_setopt(): supplied resource is not a valid cURL handle resource in /home/getprice/public_html/mebelprofy/shum-leads.php on line 196
[06-Jan-2020 14:34:18 Europe/Moscow] PHP Warning:  curl_setopt(): supplied resource is not a valid cURL handle resource in /home/getprice/public_html/mebelprofy/shum-leads.php on line 197
[06-Jan-2020 16:05:49 Europe/Moscow] PHP Warning:  curl_setopt(): supplied resource is not a valid cURL handle resource in /home/getprice/public_html/mebelprofy/shum-leads.php on line 196
[06-Jan-2020 16:05:49 Europe/Moscow] PHP Warning:  curl_setopt(): supplied resource is not a valid cURL handle resource in /home/getprice/public_html/mebelprofy/shum-leads.php on line 197
[06-Jan-2020 17:33:29 Europe/Moscow] PHP Warning:  curl_setopt(): supplied resource is not a valid cURL handle resource in /home/getprice/public_html/mebelprofy/shum-leads.php on line 196
[06-Jan-2020 17:33:29 Europe/Moscow] PHP Warning:  curl_setopt(): supplied resource is not a valid cURL handle resource in /home/getprice/public_html/mebelprofy/shum-leads.php on line 197
[06-Jan-2020 17:46:51 Europe/Moscow] PHP Warning:  curl_setopt(): supplied resource is not a valid cURL handle resource in /home/getprice/public_html/mebelprofy/shum-leads.php on line 196
[06-Jan-2020 17:46:51 Europe/Moscow] PHP Warning:  curl_setopt(): supplied resource is not a valid cURL handle resource in /home/getprice/public_html/mebelprofy/shum-leads.php on line 197
[06-Jan-2020 18:10:08 Europe/Moscow] PHP Warning:  curl_setopt(): supplied resource is not a valid cURL handle resource in /home/getprice/public_html/mebelprofy/shum-leads.php on line 196
[06-Jan-2020 18:10:08 Europe/Moscow] PHP Warning:  curl_setopt(): supplied resource is not a valid cURL handle resource in /home/getprice/public_html/mebelprofy/shum-leads.php on line 197
[06-Jan-2020 18:40:54 Europe/Moscow] PHP Warning:  curl_setopt(): supplied resource is not a valid cURL handle resource in /home/getprice/public_html/mebelprofy/shum-leads.php on line 196
[06-Jan-2020 18:40:54 Europe/Moscow] PHP Warning:  curl_setopt(): supplied resource is not a valid cURL handle resource in /home/getprice/public_html/mebelprofy/shum-leads.php on line 197
[07-Jan-2020 09:17:21 Europe/Moscow] PHP Warning:  curl_setopt(): supplied resource is not a valid cURL handle resource in /home/getprice/public_html/mebelprofy/shum-leads.php on line 196
[07-Jan-2020 09:17:21 Europe/Moscow] PHP Warning:  curl_setopt(): supplied resource is not a valid cURL handle resource in /home/getprice/public_html/mebelprofy/shum-leads.php on line 197
[07-Jan-2020 09:52:08 Europe/Moscow] PHP Warning:  curl_setopt(): supplied resource is not a valid cURL handle resource in /home/getprice/public_html/mebelprofy/shum-leads.php on line 196
[07-Jan-2020 09:52:08 Europe/Moscow] PHP Warning:  curl_setopt(): supplied resource is not a valid cURL handle resource in /home/getprice/public_html/mebelprofy/shum-leads.php on line 197
[07-Jan-2020 10:17:27 Europe/Moscow] PHP Warning:  curl_setopt(): supplied resource is not a valid cURL handle resource in /home/getprice/public_html/mebelprofy/shum-leads.php on line 196
[07-Jan-2020 10:17:27 Europe/Moscow] PHP Warning:  curl_setopt(): supplied resource is not a valid cURL handle resource in /home/getprice/public_html/mebelprofy/shum-leads.php on line 197
[07-Jan-2020 10:30:39 Europe/Moscow] PHP Warning:  curl_setopt(): supplied resource is not a valid cURL handle resource in /home/getprice/public_html/mebelprofy/shum-leads.php on line 196
[07-Jan-2020 10:30:39 Europe/Moscow] PHP Warning:  curl_setopt(): supplied resource is not a valid cURL handle resource in /home/getprice/public_html/mebelprofy/shum-leads.php on line 197
[07-Jan-2020 10:33:17 Europe/Moscow] PHP Warning:  curl_setopt(): supplied resource is not a valid cURL handle resource in /home/getprice/public_html/mebelprofy/shum-leads.php on line 196
[07-Jan-2020 10:33:17 Europe/Moscow] PHP Warning:  curl_setopt(): supplied resource is not a valid cURL handle resource in /home/getprice/public_html/mebelprofy/shum-leads.php on line 197
[07-Jan-2020 12:19:49 Europe/Moscow] PHP Warning:  curl_setopt(): supplied resource is not a valid cURL handle resource in /home/getprice/public_html/mebelprofy/shum-leads.php on line 196
[07-Jan-2020 12:19:49 Europe/Moscow] PHP Warning:  curl_setopt(): supplied resource is not a valid cURL handle resource in /home/getprice/public_html/mebelprofy/shum-leads.php on line 197
[07-Jan-2020 14:42:56 Europe/Moscow] PHP Warning:  curl_setopt(): supplied resource is not a valid cURL handle resource in /home/getprice/public_html/mebelprofy/shum-leads.php on line 196
[07-Jan-2020 14:42:56 Europe/Moscow] PHP Warning:  curl_setopt(): supplied resource is not a valid cURL handle resource in /home/getprice/public_html/mebelprofy/shum-leads.php on line 197
[07-Jan-2020 16:03:54 Europe/Moscow] PHP Warning:  curl_setopt(): supplied resource is not a valid cURL handle resource in /home/getprice/public_html/mebelprofy/shum-leads.php on line 196
[07-Jan-2020 16:03:54 Europe/Moscow] PHP Warning:  curl_setopt(): supplied resource is not a valid cURL handle resource in /home/getprice/public_html/mebelprofy/shum-leads.php on line 197
[07-Jan-2020 16:33:30 Europe/Moscow] PHP Warning:  curl_setopt(): supplied resource is not a valid cURL handle resource in /home/getprice/public_html/mebelprofy/shum-leads.php on line 196
[07-Jan-2020 16:33:30 Europe/Moscow] PHP Warning:  curl_setopt(): supplied resource is not a valid cURL handle resource in /home/getprice/public_html/mebelprofy/shum-leads.php on line 197
[07-Jan-2020 17:29:46 Europe/Moscow] PHP Warning:  curl_setopt(): supplied resource is not a valid cURL handle resource in /home/getprice/public_html/mebelprofy/shum-leads.php on line 196
[07-Jan-2020 17:29:46 Europe/Moscow] PHP Warning:  curl_setopt(): supplied resource is not a valid cURL handle resource in /home/getprice/public_html/mebelprofy/shum-leads.php on line 197
[08-Jan-2020 09:18:33 Europe/Moscow] PHP Warning:  curl_setopt(): supplied resource is not a valid cURL handle resource in /home/getprice/public_html/mebelprofy/shum-leads.php on line 196
[08-Jan-2020 09:18:33 Europe/Moscow] PHP Warning:  curl_setopt(): supplied resource is not a valid cURL handle resource in /home/getprice/public_html/mebelprofy/shum-leads.php on line 197
[08-Jan-2020 12:17:51 Europe/Moscow] PHP Warning:  curl_setopt(): supplied resource is not a valid cURL handle resource in /home/getprice/public_html/mebelprofy/shum-leads.php on line 196
[08-Jan-2020 12:17:51 Europe/Moscow] PHP Warning:  curl_setopt(): supplied resource is not a valid cURL handle resource in /home/getprice/public_html/mebelprofy/shum-leads.php on line 197
[08-Jan-2020 13:14:09 Europe/Moscow] PHP Warning:  curl_setopt(): supplied resource is not a valid cURL handle resource in /home/getprice/public_html/mebelprofy/shum-leads.php on line 196
[08-Jan-2020 13:14:09 Europe/Moscow] PHP Warning:  curl_setopt(): supplied resource is not a valid cURL handle resource in /home/getprice/public_html/mebelprofy/shum-leads.php on line 197
[08-Jan-2020 13:43:30 Europe/Moscow] PHP Warning:  curl_setopt(): supplied resource is not a valid cURL handle resource in /home/getprice/public_html/mebelprofy/shum-leads.php on line 196
[08-Jan-2020 13:43:30 Europe/Moscow] PHP Warning:  curl_setopt(): supplied resource is not a valid cURL handle resource in /home/getprice/public_html/mebelprofy/shum-leads.php on line 197
[08-Jan-2020 13:58:59 Europe/Moscow] PHP Warning:  curl_setopt(): supplied resource is not a valid cURL handle resource in /home/getprice/public_html/mebelprofy/shum-leads.php on line 196
[08-Jan-2020 13:58:59 Europe/Moscow] PHP Warning:  curl_setopt(): supplied resource is not a valid cURL handle resource in /home/getprice/public_html/mebelprofy/shum-leads.php on line 197
[09-Jan-2020 08:04:41 Europe/Moscow] PHP Warning:  curl_setopt(): supplied resource is not a valid cURL handle resource in /home/getprice/public_html/mebelprofy/shum-leads.php on line 196
[09-Jan-2020 08:04:41 Europe/Moscow] PHP Warning:  curl_setopt(): supplied resource is not a valid cURL handle resource in /home/getprice/public_html/mebelprofy/shum-leads.php on line 197
[09-Jan-2020 09:40:33 Europe/Moscow] PHP Warning:  curl_setopt(): supplied resource is not a valid cURL handle resource in /home/getprice/public_html/mebelprofy/shum-leads.php on line 196
[09-Jan-2020 09:40:33 Europe/Moscow] PHP Warning:  curl_setopt(): supplied resource is not a valid cURL handle resource in /home/getprice/public_html/mebelprofy/shum-leads.php on line 197
[09-Jan-2020 12:24:19 Europe/Moscow] PHP Warning:  curl_setopt(): supplied resource is not a valid cURL handle resource in /home/getprice/public_html/mebelprofy/shum-leads.php on line 196
[09-Jan-2020 12:24:19 Europe/Moscow] PHP Warning:  curl_setopt(): supplied resource is not a valid cURL handle resource in /home/getprice/public_html/mebelprofy/shum-leads.php on line 197
[09-Jan-2020 15:32:33 Europe/Moscow] PHP Warning:  curl_setopt(): supplied resource is not a valid cURL handle resource in /home/getprice/public_html/mebelprofy/shum-leads.php on line 196
[09-Jan-2020 15:32:33 Europe/Moscow] PHP Warning:  curl_setopt(): supplied resource is not a valid cURL handle resource in /home/getprice/public_html/mebelprofy/shum-leads.php on line 197
[09-Jan-2020 18:17:38 Europe/Moscow] PHP Warning:  curl_setopt(): supplied resource is not a valid cURL handle resource in /home/getprice/public_html/mebelprofy/shum-leads.php on line 196
[09-Jan-2020 18:17:38 Europe/Moscow] PHP Warning:  curl_setopt(): supplied resource is not a valid cURL handle resource in /home/getprice/public_html/mebelprofy/shum-leads.php on line 197
[10-Jan-2020 09:36:20 Europe/Moscow] PHP Warning:  curl_setopt(): supplied resource is not a valid cURL handle resource in /home/getprice/public_html/mebelprofy/shum-leads.php on line 196
[10-Jan-2020 09:36:20 Europe/Moscow] PHP Warning:  curl_setopt(): supplied resource is not a valid cURL handle resource in /home/getprice/public_html/mebelprofy/shum-leads.php on line 197
[10-Jan-2020 11:54:31 Europe/Moscow] PHP Warning:  curl_setopt(): supplied resource is not a valid cURL handle resource in /home/getprice/public_html/mebelprofy/shum-leads.php on line 196
[10-Jan-2020 11:54:31 Europe/Moscow] PHP Warning:  curl_setopt(): supplied resource is not a valid cURL handle resource in /home/getprice/public_html/mebelprofy/shum-leads.php on line 197
[10-Jan-2020 13:11:11 Europe/Moscow] PHP Warning:  curl_setopt(): supplied resource is not a valid cURL handle resource in /home/getprice/public_html/mebelprofy/shum-leads.php on line 196
[10-Jan-2020 13:11:11 Europe/Moscow] PHP Warning:  curl_setopt(): supplied resource is not a valid cURL handle resource in /home/getprice/public_html/mebelprofy/shum-leads.php on line 197
[10-Jan-2020 16:46:15 Europe/Moscow] PHP Warning:  curl_setopt(): supplied resource is not a valid cURL handle resource in /home/getprice/public_html/mebelprofy/shum-leads.php on line 196
[10-Jan-2020 16:46:15 Europe/Moscow] PHP Warning:  curl_setopt(): supplied resource is not a valid cURL handle resource in /home/getprice/public_html/mebelprofy/shum-leads.php on line 197
[11-Jan-2020 09:19:07 Europe/Moscow] PHP Warning:  curl_setopt(): supplied resource is not a valid cURL handle resource in /home/getprice/public_html/mebelprofy/shum-leads.php on line 196
[11-Jan-2020 09:19:07 Europe/Moscow] PHP Warning:  curl_setopt(): supplied resource is not a valid cURL handle resource in /home/getprice/public_html/mebelprofy/shum-leads.php on line 197
[11-Jan-2020 09:22:58 Europe/Moscow] PHP Warning:  curl_setopt(): supplied resource is not a valid cURL handle resource in /home/getprice/public_html/mebelprofy/shum-leads.php on line 196
[11-Jan-2020 09:22:58 Europe/Moscow] PHP Warning:  curl_setopt(): supplied resource is not a valid cURL handle resource in /home/getprice/public_html/mebelprofy/shum-leads.php on line 197
[13-Jan-2020 10:32:58 Europe/Moscow] PHP Warning:  curl_setopt(): supplied resource is not a valid cURL handle resource in /home/getprice/public_html/mebelprofy/shum-leads.php on line 196
[13-Jan-2020 10:32:58 Europe/Moscow] PHP Warning:  curl_setopt(): supplied resource is not a valid cURL handle resource in /home/getprice/public_html/mebelprofy/shum-leads.php on line 197
[13-Jan-2020 12:19:23 Europe/Moscow] PHP Warning:  curl_setopt(): supplied resource is not a valid cURL handle resource in /home/getprice/public_html/mebelprofy/shum-leads.php on line 196
[13-Jan-2020 12:19:23 Europe/Moscow] PHP Warning:  curl_setopt(): supplied resource is not a valid cURL handle resource in /home/getprice/public_html/mebelprofy/shum-leads.php on line 197
[13-Jan-2020 14:04:38 Europe/Moscow] PHP Warning:  curl_setopt(): supplied resource is not a valid cURL handle resource in /home/getprice/public_html/mebelprofy/shum-leads.php on line 196
[13-Jan-2020 14:04:38 Europe/Moscow] PHP Warning:  curl_setopt(): supplied resource is not a valid cURL handle resource in /home/getprice/public_html/mebelprofy/shum-leads.php on line 197
[13-Jan-2020 16:00:35 Europe/Moscow] PHP Warning:  curl_setopt(): supplied resource is not a valid cURL handle resource in /home/getprice/public_html/mebelprofy/shum-leads.php on line 196
[13-Jan-2020 16:00:35 Europe/Moscow] PHP Warning:  curl_setopt(): supplied resource is not a valid cURL handle resource in /home/getprice/public_html/mebelprofy/shum-leads.php on line 197
[14-Jan-2020 09:23:07 Europe/Moscow] PHP Warning:  curl_setopt(): supplied resource is not a valid cURL handle resource in /home/getprice/public_html/mebelprofy/shum-leads.php on line 196
[14-Jan-2020 09:23:07 Europe/Moscow] PHP Warning:  curl_setopt(): supplied resource is not a valid cURL handle resource in /home/getprice/public_html/mebelprofy/shum-leads.php on line 197
[14-Jan-2020 10:02:34 Europe/Moscow] PHP Warning:  curl_setopt(): supplied resource is not a valid cURL handle resource in /home/getprice/public_html/mebelprofy/shum-leads.php on line 196
[14-Jan-2020 10:02:34 Europe/Moscow] PHP Warning:  curl_setopt(): supplied resource is not a valid cURL handle resource in /home/getprice/public_html/mebelprofy/shum-leads.php on line 197
[14-Jan-2020 10:23:32 Europe/Moscow] PHP Warning:  curl_setopt(): supplied resource is not a valid cURL handle resource in /home/getprice/public_html/mebelprofy/shum-leads.php on line 196
[14-Jan-2020 10:23:32 Europe/Moscow] PHP Warning:  curl_setopt(): supplied resource is not a valid cURL handle resource in /home/getprice/public_html/mebelprofy/shum-leads.php on line 197
[14-Jan-2020 11:45:37 Europe/Moscow] PHP Warning:  curl_setopt(): supplied resource is not a valid cURL handle resource in /home/getprice/public_html/mebelprofy/shum-leads.php on line 196
[14-Jan-2020 11:45:37 Europe/Moscow] PHP Warning:  curl_setopt(): supplied resource is not a valid cURL handle resource in /home/getprice/public_html/mebelprofy/shum-leads.php on line 197
[14-Jan-2020 13:06:42 Europe/Moscow] PHP Warning:  curl_setopt(): supplied resource is not a valid cURL handle resource in /home/getprice/public_html/mebelprofy/shum-leads.php on line 196
[14-Jan-2020 13:06:42 Europe/Moscow] PHP Warning:  curl_setopt(): supplied resource is not a valid cURL handle resource in /home/getprice/public_html/mebelprofy/shum-leads.php on line 197
[14-Jan-2020 13:46:27 Europe/Moscow] PHP Warning:  curl_setopt(): supplied resource is not a valid cURL handle resource in /home/getprice/public_html/mebelprofy/shum-leads.php on line 196
[14-Jan-2020 13:46:27 Europe/Moscow] PHP Warning:  curl_setopt(): supplied resource is not a valid cURL handle resource in /home/getprice/public_html/mebelprofy/shum-leads.php on line 197
[14-Jan-2020 16:46:07 Europe/Moscow] PHP Warning:  curl_setopt(): supplied resource is not a valid cURL handle resource in /home/getprice/public_html/mebelprofy/shum-leads.php on line 196
[14-Jan-2020 16:46:07 Europe/Moscow] PHP Warning:  curl_setopt(): supplied resource is not a valid cURL handle resource in /home/getprice/public_html/mebelprofy/shum-leads.php on line 197
[15-Jan-2020 13:20:10 Europe/Moscow] PHP Warning:  curl_setopt(): supplied resource is not a valid cURL handle resource in /home/getprice/public_html/mebelprofy/shum-leads.php on line 196
[15-Jan-2020 13:20:10 Europe/Moscow] PHP Warning:  curl_setopt(): supplied resource is not a valid cURL handle resource in /home/getprice/public_html/mebelprofy/shum-leads.php on line 197
[15-Jan-2020 17:39:36 Europe/Moscow] PHP Warning:  curl_setopt(): supplied resource is not a valid cURL handle resource in /home/getprice/public_html/mebelprofy/shum-leads.php on line 196
[15-Jan-2020 17:39:36 Europe/Moscow] PHP Warning:  curl_setopt(): supplied resource is not a valid cURL handle resource in /home/getprice/public_html/mebelprofy/shum-leads.php on line 197
[16-Jan-2020 09:10:57 Europe/Moscow] PHP Warning:  curl_setopt(): supplied resource is not a valid cURL handle resource in /home/getprice/public_html/mebelprofy/shum-leads.php on line 196
[16-Jan-2020 09:10:57 Europe/Moscow] PHP Warning:  curl_setopt(): supplied resource is not a valid cURL handle resource in /home/getprice/public_html/mebelprofy/shum-leads.php on line 197
[16-Jan-2020 12:54:47 Europe/Moscow] PHP Warning:  curl_setopt(): supplied resource is not a valid cURL handle resource in /home/getprice/public_html/mebelprofy/shum-leads.php on line 196
[16-Jan-2020 12:54:47 Europe/Moscow] PHP Warning:  curl_setopt(): supplied resource is not a valid cURL handle resource in /home/getprice/public_html/mebelprofy/shum-leads.php on line 197
[16-Jan-2020 14:46:35 Europe/Moscow] PHP Warning:  curl_setopt(): supplied resource is not a valid cURL handle resource in /home/getprice/public_html/mebelprofy/shum-leads.php on line 196
[16-Jan-2020 14:46:35 Europe/Moscow] PHP Warning:  curl_setopt(): supplied resource is not a valid cURL handle resource in /home/getprice/public_html/mebelprofy/shum-leads.php on line 197
[16-Jan-2020 16:11:36 Europe/Moscow] PHP Warning:  curl_setopt(): supplied resource is not a valid cURL handle resource in /home/getprice/public_html/mebelprofy/shum-leads.php on line 196
[16-Jan-2020 16:11:36 Europe/Moscow] PHP Warning:  curl_setopt(): supplied resource is not a valid cURL handle resource in /home/getprice/public_html/mebelprofy/shum-leads.php on line 197
[17-Jan-2020 10:10:01 Europe/Moscow] PHP Warning:  curl_setopt(): supplied resource is not a valid cURL handle resource in /home/getprice/public_html/mebelprofy/shum-leads.php on line 196
[17-Jan-2020 10:10:01 Europe/Moscow] PHP Warning:  curl_setopt(): supplied resource is not a valid cURL handle resource in /home/getprice/public_html/mebelprofy/shum-leads.php on line 197
[17-Jan-2020 14:34:28 Europe/Moscow] PHP Warning:  curl_setopt(): supplied resource is not a valid cURL handle resource in /home/getprice/public_html/mebelprofy/shum-leads.php on line 196
[17-Jan-2020 14:34:28 Europe/Moscow] PHP Warning:  curl_setopt(): supplied resource is not a valid cURL handle resource in /home/getprice/public_html/mebelprofy/shum-leads.php on line 197
[17-Jan-2020 14:56:03 Europe/Moscow] PHP Warning:  curl_setopt(): supplied resource is not a valid cURL handle resource in /home/getprice/public_html/mebelprofy/shum-leads.php on line 196
[17-Jan-2020 14:56:03 Europe/Moscow] PHP Warning:  curl_setopt(): supplied resource is not a valid cURL handle resource in /home/getprice/public_html/mebelprofy/shum-leads.php on line 197
[17-Jan-2020 17:49:42 Europe/Moscow] PHP Warning:  curl_setopt(): supplied resource is not a valid cURL handle resource in /home/getprice/public_html/mebelprofy/shum-leads.php on line 196
[17-Jan-2020 17:49:42 Europe/Moscow] PHP Warning:  curl_setopt(): supplied resource is not a valid cURL handle resource in /home/getprice/public_html/mebelprofy/shum-leads.php on line 197
[18-Jan-2020 10:48:41 Europe/Moscow] PHP Warning:  curl_setopt(): supplied resource is not a valid cURL handle resource in /home/getprice/public_html/mebelprofy/shum-leads.php on line 196
[18-Jan-2020 10:48:41 Europe/Moscow] PHP Warning:  curl_setopt(): supplied resource is not a valid cURL handle resource in /home/getprice/public_html/mebelprofy/shum-leads.php on line 197
[19-Jan-2020 12:40:37 Europe/Moscow] PHP Warning:  curl_setopt(): supplied resource is not a valid cURL handle resource in /home/getprice/public_html/mebelprofy/shum-leads.php on line 196
[19-Jan-2020 12:40:37 Europe/Moscow] PHP Warning:  curl_setopt(): supplied resource is not a valid cURL handle resource in /home/getprice/public_html/mebelprofy/shum-leads.php on line 197
[20-Jan-2020 09:30:46 Europe/Moscow] PHP Warning:  curl_setopt(): supplied resource is not a valid cURL handle resource in /home/getprice/public_html/mebelprofy/shum-leads.php on line 196
[20-Jan-2020 09:30:46 Europe/Moscow] PHP Warning:  curl_setopt(): supplied resource is not a valid cURL handle resource in /home/getprice/public_html/mebelprofy/shum-leads.php on line 197
[20-Jan-2020 11:21:12 Europe/Moscow] PHP Warning:  curl_setopt(): supplied resource is not a valid cURL handle resource in /home/getprice/public_html/mebelprofy/shum-leads.php on line 196
[20-Jan-2020 11:21:12 Europe/Moscow] PHP Warning:  curl_setopt(): supplied resource is not a valid cURL handle resource in /home/getprice/public_html/mebelprofy/shum-leads.php on line 197
[20-Jan-2020 14:13:11 Europe/Moscow] PHP Warning:  curl_setopt(): supplied resource is not a valid cURL handle resource in /home/getprice/public_html/mebelprofy/shum-leads.php on line 196
[20-Jan-2020 14:13:11 Europe/Moscow] PHP Warning:  curl_setopt(): supplied resource is not a valid cURL handle resource in /home/getprice/public_html/mebelprofy/shum-leads.php on line 197
[20-Jan-2020 16:00:52 Europe/Moscow] PHP Warning:  curl_setopt(): supplied resource is not a valid cURL handle resource in /home/getprice/public_html/mebelprofy/shum-leads.php on line 196
[20-Jan-2020 16:00:52 Europe/Moscow] PHP Warning:  curl_setopt(): supplied resource is not a valid cURL handle resource in /home/getprice/public_html/mebelprofy/shum-leads.php on line 197
[21-Jan-2020 10:49:02 Europe/Moscow] PHP Warning:  curl_setopt(): supplied resource is not a valid cURL handle resource in /home/getprice/public_html/mebelprofy/shum-leads.php on line 196
[21-Jan-2020 10:49:02 Europe/Moscow] PHP Warning:  curl_setopt(): supplied resource is not a valid cURL handle resource in /home/getprice/public_html/mebelprofy/shum-leads.php on line 197
[22-Jan-2020 12:37:26 Europe/Moscow] PHP Warning:  curl_setopt(): supplied resource is not a valid cURL handle resource in /home/getprice/public_html/mebelprofy/shum-leads.php on line 196
[22-Jan-2020 12:37:26 Europe/Moscow] PHP Warning:  curl_setopt(): supplied resource is not a valid cURL handle resource in /home/getprice/public_html/mebelprofy/shum-leads.php on line 197
