[27-Apr-2018 16:39:23 Europe/Moscow] PHP Notice:  Undefined index: name in /home/retsolme/public_html/getprice.by/potolki/leads.php on line 15
[27-Apr-2018 16:51:40 Europe/Moscow] PHP Notice:  Undefined index: name in /home/retsolme/public_html/getprice.by/potolki/leads.php on line 15
[02-May-2018 20:23:57 Europe/Moscow] PHP Notice:  Undefined index: name in /home/retsolme/public_html/getprice.by/potolki/leads.php on line 15
[02-May-2018 20:23:57 Europe/Moscow] PHP Notice:  Undefined variable: bonus in /home/retsolme/public_html/getprice.by/potolki/leads.php on line 26
[02-May-2018 20:23:57 Europe/Moscow] PHP Notice:  Undefined variable: linkmethod in /home/retsolme/public_html/getprice.by/potolki/leads.php on line 27
[02-May-2018 21:00:17 Europe/Moscow] PHP Notice:  Undefined index: name in /home/retsolme/public_html/getprice.by/potolki/leads.php on line 15
[02-May-2018 21:00:17 Europe/Moscow] PHP Notice:  Undefined variable: linkmethod in /home/retsolme/public_html/getprice.by/potolki/leads.php on line 27
[03-May-2018 20:06:15 Europe/Moscow] PHP Notice:  Undefined index: name in /home/retsolme/public_html/getprice.by/potolki/leads.php on line 15
[03-May-2018 21:00:05 Europe/Moscow] PHP Notice:  Undefined index: name in /home/retsolme/public_html/getprice.by/potolki/leads.php on line 15
[03-May-2018 21:00:05 Europe/Moscow] PHP Notice:  Undefined variable: linkmethod in /home/retsolme/public_html/getprice.by/potolki/leads.php on line 27
[03-May-2018 21:00:58 Europe/Moscow] PHP Notice:  Undefined index: name in /home/retsolme/public_html/getprice.by/potolki/leads.php on line 15
[03-May-2018 21:00:58 Europe/Moscow] PHP Notice:  Undefined variable: linkmethod in /home/retsolme/public_html/getprice.by/potolki/leads.php on line 27
[03-May-2018 22:15:13 Europe/Moscow] PHP Notice:  Undefined index: name in /home/retsolme/public_html/getprice.by/potolki/leads.php on line 15
[03-May-2018 22:15:13 Europe/Moscow] PHP Notice:  Undefined variable: tip in /home/retsolme/public_html/getprice.by/potolki/leads.php on line 22
[03-May-2018 22:15:13 Europe/Moscow] PHP Notice:  Undefined variable: bonus in /home/retsolme/public_html/getprice.by/potolki/leads.php on line 26
[03-May-2018 22:15:13 Europe/Moscow] PHP Notice:  Undefined variable: linkmethod in /home/retsolme/public_html/getprice.by/potolki/leads.php on line 27
[04-May-2018 07:28:34 Europe/Moscow] PHP Notice:  Undefined index: name in /home/retsolme/public_html/getprice.by/potolki/leads.php on line 15
[04-May-2018 07:28:34 Europe/Moscow] PHP Notice:  Undefined variable: svet in /home/retsolme/public_html/getprice.by/potolki/leads.php on line 25
[04-May-2018 07:29:50 Europe/Moscow] PHP Notice:  Undefined index: name in /home/retsolme/public_html/getprice.by/potolki/leads.php on line 15
[04-May-2018 07:29:50 Europe/Moscow] PHP Notice:  Undefined variable: linkmethod in /home/retsolme/public_html/getprice.by/potolki/leads.php on line 27
[06-May-2018 20:27:28 Europe/Moscow] PHP Notice:  Undefined index: name in /home/retsolme/public_html/getprice.by/potolki/leads.php on line 15
[06-May-2018 22:23:36 Europe/Moscow] PHP Notice:  Undefined index: name in /home/retsolme/public_html/getprice.by/potolki/leads.php on line 15
[07-May-2018 16:20:33 Europe/Moscow] PHP Notice:  Undefined index: name in /home/retsolme/public_html/getprice.by/potolki/leads.php on line 15
[07-May-2018 22:32:56 Europe/Moscow] PHP Notice:  Undefined index: name in /home/retsolme/public_html/getprice.by/potolki/leads.php on line 15
[08-May-2018 15:11:02 Europe/Moscow] PHP Notice:  Undefined index: name in /home/retsolme/public_html/getprice.by/potolki/leads.php on line 15
[08-May-2018 18:20:05 Europe/Moscow] PHP Notice:  Undefined index: name in /home/retsolme/public_html/getprice.by/potolki/leads.php on line 15
[08-May-2018 18:20:05 Europe/Moscow] PHP Notice:  Undefined variable: svet in /home/retsolme/public_html/getprice.by/potolki/leads.php on line 25
[08-May-2018 18:21:37 Europe/Moscow] PHP Notice:  Undefined index: name in /home/retsolme/public_html/getprice.by/potolki/leads.php on line 15
[08-May-2018 18:21:37 Europe/Moscow] PHP Notice:  Undefined variable: svet in /home/retsolme/public_html/getprice.by/potolki/leads.php on line 25
[08-May-2018 22:56:42 Europe/Moscow] PHP Notice:  Undefined index: name in /home/retsolme/public_html/getprice.by/potolki/leads.php on line 15
[08-May-2018 22:56:42 Europe/Moscow] PHP Notice:  Undefined variable: svet in /home/retsolme/public_html/getprice.by/potolki/leads.php on line 25
[09-May-2018 18:01:00 Europe/Moscow] PHP Notice:  Undefined index: name in /home/retsolme/public_html/getprice.by/potolki/leads.php on line 15
[09-May-2018 18:01:00 Europe/Moscow] PHP Notice:  Undefined variable: square in /home/retsolme/public_html/getprice.by/potolki/leads.php on line 24
[09-May-2018 18:01:00 Europe/Moscow] PHP Notice:  Undefined variable: svet in /home/retsolme/public_html/getprice.by/potolki/leads.php on line 25
[09-May-2018 18:01:00 Europe/Moscow] PHP Notice:  Undefined variable: bonus in /home/retsolme/public_html/getprice.by/potolki/leads.php on line 26
[09-May-2018 19:11:17 Europe/Moscow] PHP Notice:  Undefined index: name in /home/retsolme/public_html/getprice.by/potolki/leads.php on line 15
[09-May-2018 19:11:17 Europe/Moscow] PHP Notice:  Undefined variable: linkmethod in /home/retsolme/public_html/getprice.by/potolki/leads.php on line 27
[09-May-2018 20:54:29 Europe/Moscow] PHP Notice:  Undefined index: name in /home/retsolme/public_html/getprice.by/potolki/leads.php on line 15
[09-May-2018 21:52:40 Europe/Moscow] PHP Notice:  Undefined index: name in /home/retsolme/public_html/getprice.by/potolki/leads.php on line 15
[10-May-2018 07:43:45 Europe/Moscow] PHP Notice:  Undefined index: name in /home/retsolme/public_html/getprice.by/potolki/leads.php on line 15
[10-May-2018 07:43:45 Europe/Moscow] PHP Notice:  Undefined variable: linkmethod in /home/retsolme/public_html/getprice.by/potolki/leads.php on line 27
[10-May-2018 08:21:20 Europe/Moscow] PHP Notice:  Undefined index: name in /home/retsolme/public_html/getprice.by/potolki/leads.php on line 15
[10-May-2018 08:55:12 Europe/Moscow] PHP Notice:  Undefined variable: tip in /home/retsolme/public_html/getprice.by/potolki/leads.php on line 22
[10-May-2018 08:55:12 Europe/Moscow] PHP Notice:  Undefined variable: rooms in /home/retsolme/public_html/getprice.by/potolki/leads.php on line 23
[10-May-2018 08:55:12 Europe/Moscow] PHP Notice:  Undefined variable: square in /home/retsolme/public_html/getprice.by/potolki/leads.php on line 24
[10-May-2018 08:55:12 Europe/Moscow] PHP Notice:  Undefined variable: svet in /home/retsolme/public_html/getprice.by/potolki/leads.php on line 25
[10-May-2018 08:55:12 Europe/Moscow] PHP Notice:  Undefined variable: bonus in /home/retsolme/public_html/getprice.by/potolki/leads.php on line 26
[10-May-2018 08:55:12 Europe/Moscow] PHP Notice:  Undefined variable: linkmethod in /home/retsolme/public_html/getprice.by/potolki/leads.php on line 27
[10-May-2018 12:24:53 Europe/Moscow] PHP Notice:  Undefined index: name in /home/retsolme/public_html/getprice.by/potolki/leads.php on line 15
[10-May-2018 15:28:24 Europe/Moscow] PHP Notice:  Undefined index: name in /home/retsolme/public_html/getprice.by/potolki/leads.php on line 15
[10-May-2018 18:08:48 Europe/Moscow] PHP Notice:  Undefined variable: tip in /home/retsolme/public_html/getprice.by/potolki/leads.php on line 22
[10-May-2018 18:08:48 Europe/Moscow] PHP Notice:  Undefined variable: rooms in /home/retsolme/public_html/getprice.by/potolki/leads.php on line 23
[10-May-2018 18:08:48 Europe/Moscow] PHP Notice:  Undefined variable: square in /home/retsolme/public_html/getprice.by/potolki/leads.php on line 24
[10-May-2018 18:08:48 Europe/Moscow] PHP Notice:  Undefined variable: svet in /home/retsolme/public_html/getprice.by/potolki/leads.php on line 25
[10-May-2018 18:08:48 Europe/Moscow] PHP Notice:  Undefined variable: bonus in /home/retsolme/public_html/getprice.by/potolki/leads.php on line 26
[10-May-2018 18:08:48 Europe/Moscow] PHP Notice:  Undefined variable: linkmethod in /home/retsolme/public_html/getprice.by/potolki/leads.php on line 27
[10-May-2018 18:54:30 Europe/Moscow] PHP Notice:  Undefined variable: tip in /home/retsolme/public_html/getprice.by/potolki/leads.php on line 22
[10-May-2018 18:54:30 Europe/Moscow] PHP Notice:  Undefined variable: rooms in /home/retsolme/public_html/getprice.by/potolki/leads.php on line 23
[10-May-2018 18:54:30 Europe/Moscow] PHP Notice:  Undefined variable: square in /home/retsolme/public_html/getprice.by/potolki/leads.php on line 24
[10-May-2018 18:54:30 Europe/Moscow] PHP Notice:  Undefined variable: svet in /home/retsolme/public_html/getprice.by/potolki/leads.php on line 25
[10-May-2018 18:54:30 Europe/Moscow] PHP Notice:  Undefined variable: bonus in /home/retsolme/public_html/getprice.by/potolki/leads.php on line 26
[10-May-2018 18:54:30 Europe/Moscow] PHP Notice:  Undefined variable: linkmethod in /home/retsolme/public_html/getprice.by/potolki/leads.php on line 27
[10-May-2018 20:34:43 Europe/Moscow] PHP Notice:  Undefined index: name in /home/retsolme/public_html/getprice.by/potolki/leads.php on line 15
[10-May-2018 20:34:43 Europe/Moscow] PHP Notice:  Undefined variable: bonus in /home/retsolme/public_html/getprice.by/potolki/leads.php on line 26
[10-May-2018 21:31:28 Europe/Moscow] PHP Notice:  Undefined index: name in /home/retsolme/public_html/getprice.by/potolki/leads.php on line 15
[10-May-2018 22:56:19 Europe/Moscow] PHP Notice:  Undefined variable: tip in /home/retsolme/public_html/getprice.by/potolki/leads.php on line 22
[10-May-2018 22:56:19 Europe/Moscow] PHP Notice:  Undefined variable: rooms in /home/retsolme/public_html/getprice.by/potolki/leads.php on line 23
[10-May-2018 22:56:19 Europe/Moscow] PHP Notice:  Undefined variable: square in /home/retsolme/public_html/getprice.by/potolki/leads.php on line 24
[10-May-2018 22:56:19 Europe/Moscow] PHP Notice:  Undefined variable: svet in /home/retsolme/public_html/getprice.by/potolki/leads.php on line 25
[10-May-2018 22:56:19 Europe/Moscow] PHP Notice:  Undefined variable: bonus in /home/retsolme/public_html/getprice.by/potolki/leads.php on line 26
[10-May-2018 22:56:19 Europe/Moscow] PHP Notice:  Undefined variable: linkmethod in /home/retsolme/public_html/getprice.by/potolki/leads.php on line 27
[11-May-2018 07:31:17 Europe/Moscow] PHP Notice:  Undefined variable: tip in /home/retsolme/public_html/getprice.by/potolki/leads.php on line 22
[11-May-2018 07:31:17 Europe/Moscow] PHP Notice:  Undefined variable: rooms in /home/retsolme/public_html/getprice.by/potolki/leads.php on line 23
[11-May-2018 07:31:17 Europe/Moscow] PHP Notice:  Undefined variable: square in /home/retsolme/public_html/getprice.by/potolki/leads.php on line 24
[11-May-2018 07:31:17 Europe/Moscow] PHP Notice:  Undefined variable: svet in /home/retsolme/public_html/getprice.by/potolki/leads.php on line 25
[11-May-2018 07:31:17 Europe/Moscow] PHP Notice:  Undefined variable: bonus in /home/retsolme/public_html/getprice.by/potolki/leads.php on line 26
[11-May-2018 07:31:17 Europe/Moscow] PHP Notice:  Undefined variable: linkmethod in /home/retsolme/public_html/getprice.by/potolki/leads.php on line 27
[11-May-2018 10:26:22 Europe/Moscow] PHP Notice:  Undefined index: name in /home/retsolme/public_html/getprice.by/potolki/leads.php on line 15
[11-May-2018 10:26:22 Europe/Moscow] PHP Notice:  Undefined variable: bonus in /home/retsolme/public_html/getprice.by/potolki/leads.php on line 26
[11-May-2018 12:46:48 Europe/Moscow] PHP Notice:  Undefined index: name in /home/retsolme/public_html/getprice.by/potolki/leads.php on line 15
[11-May-2018 13:49:21 Europe/Moscow] PHP Notice:  Undefined index: name in /home/retsolme/public_html/getprice.by/potolki/leads.php on line 15
[14-May-2018 10:12:03 Europe/Moscow] PHP Notice:  Undefined variable: tip in /home/retsolme/public_html/getprice.by/potolki/leads.php on line 22
[14-May-2018 10:12:03 Europe/Moscow] PHP Notice:  Undefined variable: rooms in /home/retsolme/public_html/getprice.by/potolki/leads.php on line 23
[14-May-2018 10:12:03 Europe/Moscow] PHP Notice:  Undefined variable: square in /home/retsolme/public_html/getprice.by/potolki/leads.php on line 24
[14-May-2018 10:12:03 Europe/Moscow] PHP Notice:  Undefined variable: svet in /home/retsolme/public_html/getprice.by/potolki/leads.php on line 25
[14-May-2018 10:12:03 Europe/Moscow] PHP Notice:  Undefined variable: bonus in /home/retsolme/public_html/getprice.by/potolki/leads.php on line 26
[14-May-2018 10:12:03 Europe/Moscow] PHP Notice:  Undefined variable: linkmethod in /home/retsolme/public_html/getprice.by/potolki/leads.php on line 27
[14-May-2018 11:59:25 Europe/Moscow] PHP Notice:  Undefined index: name in /home/retsolme/public_html/getprice.by/potolki/leads.php on line 15
[14-May-2018 14:44:17 Europe/Moscow] PHP Notice:  Undefined index: name in /home/retsolme/public_html/getprice.by/potolki/leads.php on line 15
[14-May-2018 19:23:08 Europe/Moscow] PHP Notice:  Undefined index: name in /home/retsolme/public_html/getprice.by/potolki/leads.php on line 15
[14-May-2018 20:00:13 Europe/Moscow] PHP Notice:  Undefined index: name in /home/retsolme/public_html/getprice.by/potolki/leads.php on line 15
[14-May-2018 20:22:14 Europe/Moscow] PHP Notice:  Undefined index: name in /home/retsolme/public_html/getprice.by/potolki/leads.php on line 15
[15-May-2018 13:53:29 Europe/Moscow] PHP Notice:  Undefined variable: tip in /home/retsolme/public_html/getprice.by/potolki/leads.php on line 22
[15-May-2018 13:53:29 Europe/Moscow] PHP Notice:  Undefined variable: rooms in /home/retsolme/public_html/getprice.by/potolki/leads.php on line 23
[15-May-2018 13:53:29 Europe/Moscow] PHP Notice:  Undefined variable: square in /home/retsolme/public_html/getprice.by/potolki/leads.php on line 24
[15-May-2018 13:53:29 Europe/Moscow] PHP Notice:  Undefined variable: svet in /home/retsolme/public_html/getprice.by/potolki/leads.php on line 25
[15-May-2018 13:53:29 Europe/Moscow] PHP Notice:  Undefined variable: bonus in /home/retsolme/public_html/getprice.by/potolki/leads.php on line 26
[15-May-2018 13:53:29 Europe/Moscow] PHP Notice:  Undefined variable: linkmethod in /home/retsolme/public_html/getprice.by/potolki/leads.php on line 27
[15-May-2018 13:53:49 Europe/Moscow] PHP Notice:  Undefined variable: tip in /home/retsolme/public_html/getprice.by/potolki/leads.php on line 22
[15-May-2018 13:53:49 Europe/Moscow] PHP Notice:  Undefined variable: rooms in /home/retsolme/public_html/getprice.by/potolki/leads.php on line 23
[15-May-2018 13:53:49 Europe/Moscow] PHP Notice:  Undefined variable: square in /home/retsolme/public_html/getprice.by/potolki/leads.php on line 24
[15-May-2018 13:53:49 Europe/Moscow] PHP Notice:  Undefined variable: svet in /home/retsolme/public_html/getprice.by/potolki/leads.php on line 25
[15-May-2018 13:53:49 Europe/Moscow] PHP Notice:  Undefined variable: bonus in /home/retsolme/public_html/getprice.by/potolki/leads.php on line 26
[15-May-2018 13:53:49 Europe/Moscow] PHP Notice:  Undefined variable: linkmethod in /home/retsolme/public_html/getprice.by/potolki/leads.php on line 27
[15-May-2018 16:11:45 Europe/Moscow] PHP Notice:  Undefined index: name in /home/retsolme/public_html/getprice.by/potolki/leads.php on line 15
[15-May-2018 16:11:45 Europe/Moscow] PHP Notice:  Undefined variable: linkmethod in /home/retsolme/public_html/getprice.by/potolki/leads.php on line 27
[15-May-2018 18:20:29 Europe/Moscow] PHP Notice:  Undefined index: name in /home/retsolme/public_html/getprice.by/potolki/leads.php on line 15
[15-May-2018 18:20:30 Europe/Moscow] PHP Notice:  Undefined variable: linkmethod in /home/retsolme/public_html/getprice.by/potolki/leads.php on line 27
[15-May-2018 19:12:42 Europe/Moscow] PHP Notice:  Undefined index: name in /home/retsolme/public_html/getprice.by/potolki/leads.php on line 15
[15-May-2018 19:12:42 Europe/Moscow] PHP Notice:  Undefined variable: linkmethod in /home/retsolme/public_html/getprice.by/potolki/leads.php on line 27
[15-May-2018 19:19:05 Europe/Moscow] PHP Notice:  Undefined variable: tip in /home/retsolme/public_html/getprice.by/potolki/leads.php on line 22
[15-May-2018 19:19:05 Europe/Moscow] PHP Notice:  Undefined variable: rooms in /home/retsolme/public_html/getprice.by/potolki/leads.php on line 23
[15-May-2018 19:19:05 Europe/Moscow] PHP Notice:  Undefined variable: square in /home/retsolme/public_html/getprice.by/potolki/leads.php on line 24
[15-May-2018 19:19:05 Europe/Moscow] PHP Notice:  Undefined variable: svet in /home/retsolme/public_html/getprice.by/potolki/leads.php on line 25
[15-May-2018 19:19:05 Europe/Moscow] PHP Notice:  Undefined variable: bonus in /home/retsolme/public_html/getprice.by/potolki/leads.php on line 26
[15-May-2018 19:19:05 Europe/Moscow] PHP Notice:  Undefined variable: linkmethod in /home/retsolme/public_html/getprice.by/potolki/leads.php on line 27
[15-May-2018 22:16:21 Europe/Moscow] PHP Notice:  Undefined index: name in /home/retsolme/public_html/getprice.by/potolki/leads.php on line 15
[15-May-2018 22:16:21 Europe/Moscow] PHP Notice:  Undefined variable: bonus in /home/retsolme/public_html/getprice.by/potolki/leads.php on line 26
[15-May-2018 22:16:21 Europe/Moscow] PHP Notice:  Undefined variable: linkmethod in /home/retsolme/public_html/getprice.by/potolki/leads.php on line 27
[16-May-2018 20:07:19 Europe/Moscow] PHP Notice:  Undefined variable: linkmethod in /home/retsolme/public_html/getprice.by/potolki/leads.php on line 27
[16-May-2018 22:03:23 Europe/Moscow] PHP Notice:  Undefined variable: linkmethod in /home/retsolme/public_html/getprice.by/potolki/leads.php on line 27
[16-May-2018 22:29:11 Europe/Moscow] PHP Notice:  Undefined variable: tip in /home/retsolme/public_html/getprice.by/potolki/leads.php on line 22
[16-May-2018 22:29:11 Europe/Moscow] PHP Notice:  Undefined variable: rooms in /home/retsolme/public_html/getprice.by/potolki/leads.php on line 23
[16-May-2018 22:29:11 Europe/Moscow] PHP Notice:  Undefined variable: square in /home/retsolme/public_html/getprice.by/potolki/leads.php on line 24
[16-May-2018 22:29:11 Europe/Moscow] PHP Notice:  Undefined variable: svet in /home/retsolme/public_html/getprice.by/potolki/leads.php on line 25
[16-May-2018 22:29:11 Europe/Moscow] PHP Notice:  Undefined variable: bonus in /home/retsolme/public_html/getprice.by/potolki/leads.php on line 26
[16-May-2018 22:29:11 Europe/Moscow] PHP Notice:  Undefined variable: linkmethod in /home/retsolme/public_html/getprice.by/potolki/leads.php on line 27
[17-May-2018 08:59:52 Europe/Moscow] PHP Notice:  Undefined variable: linkmethod in /home/retsolme/public_html/getprice.by/potolki/leads.php on line 27
[17-May-2018 11:34:50 Europe/Moscow] PHP Notice:  Undefined variable: linkmethod in /home/retsolme/public_html/getprice.by/potolki/leads.php on line 27
[17-May-2018 11:36:43 Europe/Moscow] PHP Notice:  Undefined variable: linkmethod in /home/retsolme/public_html/getprice.by/potolki/leads.php on line 27
[18-May-2018 10:37:41 Europe/Moscow] PHP Notice:  Undefined variable: linkmethod in /home/retsolme/public_html/getprice.by/potolki/leads.php on line 27
[18-May-2018 14:55:56 Europe/Moscow] PHP Notice:  Undefined variable: tip in /home/retsolme/public_html/getprice.by/potolki/leads.php on line 22
[18-May-2018 14:55:56 Europe/Moscow] PHP Notice:  Undefined variable: rooms in /home/retsolme/public_html/getprice.by/potolki/leads.php on line 23
[18-May-2018 14:55:56 Europe/Moscow] PHP Notice:  Undefined variable: square in /home/retsolme/public_html/getprice.by/potolki/leads.php on line 24
[18-May-2018 14:55:56 Europe/Moscow] PHP Notice:  Undefined variable: svet in /home/retsolme/public_html/getprice.by/potolki/leads.php on line 25
[18-May-2018 14:55:56 Europe/Moscow] PHP Notice:  Undefined variable: bonus in /home/retsolme/public_html/getprice.by/potolki/leads.php on line 26
[18-May-2018 14:55:56 Europe/Moscow] PHP Notice:  Undefined variable: linkmethod in /home/retsolme/public_html/getprice.by/potolki/leads.php on line 27
[18-May-2018 14:56:37 Europe/Moscow] PHP Notice:  Undefined variable: tip in /home/retsolme/public_html/getprice.by/potolki/leads.php on line 22
[18-May-2018 14:56:37 Europe/Moscow] PHP Notice:  Undefined variable: rooms in /home/retsolme/public_html/getprice.by/potolki/leads.php on line 23
[18-May-2018 14:56:37 Europe/Moscow] PHP Notice:  Undefined variable: square in /home/retsolme/public_html/getprice.by/potolki/leads.php on line 24
[18-May-2018 14:56:37 Europe/Moscow] PHP Notice:  Undefined variable: svet in /home/retsolme/public_html/getprice.by/potolki/leads.php on line 25
[18-May-2018 14:56:37 Europe/Moscow] PHP Notice:  Undefined variable: bonus in /home/retsolme/public_html/getprice.by/potolki/leads.php on line 26
[18-May-2018 14:56:37 Europe/Moscow] PHP Notice:  Undefined variable: linkmethod in /home/retsolme/public_html/getprice.by/potolki/leads.php on line 27
[18-May-2018 15:01:24 Europe/Moscow] PHP Notice:  Undefined variable: linkmethod in /home/retsolme/public_html/getprice.by/potolki/leads.php on line 27
[18-May-2018 19:04:55 Europe/Moscow] PHP Notice:  Undefined variable: bonus in /home/retsolme/public_html/getprice.by/potolki/leads.php on line 26
[18-May-2018 19:04:55 Europe/Moscow] PHP Notice:  Undefined variable: linkmethod in /home/retsolme/public_html/getprice.by/potolki/leads.php on line 27
[18-May-2018 19:06:37 Europe/Moscow] PHP Notice:  Undefined variable: svet in /home/retsolme/public_html/getprice.by/potolki/leads.php on line 25
[18-May-2018 19:06:37 Europe/Moscow] PHP Notice:  Undefined variable: linkmethod in /home/retsolme/public_html/getprice.by/potolki/leads.php on line 27
[18-May-2018 20:19:44 Europe/Moscow] PHP Notice:  Undefined variable: linkmethod in /home/retsolme/public_html/getprice.by/potolki/leads.php on line 27
[18-May-2018 21:52:19 Europe/Moscow] PHP Notice:  Undefined variable: linkmethod in /home/retsolme/public_html/getprice.by/potolki/leads.php on line 27
[18-May-2018 21:56:33 Europe/Moscow] PHP Notice:  Undefined variable: linkmethod in /home/retsolme/public_html/getprice.by/potolki/leads.php on line 27
[21-May-2018 12:49:17 Europe/Moscow] PHP Notice:  Undefined variable: tip in /home/retsolme/public_html/getprice.by/potolki/leads.php on line 22
[21-May-2018 12:49:17 Europe/Moscow] PHP Notice:  Undefined variable: rooms in /home/retsolme/public_html/getprice.by/potolki/leads.php on line 23
[21-May-2018 12:49:17 Europe/Moscow] PHP Notice:  Undefined variable: square in /home/retsolme/public_html/getprice.by/potolki/leads.php on line 24
[21-May-2018 12:49:17 Europe/Moscow] PHP Notice:  Undefined variable: svet in /home/retsolme/public_html/getprice.by/potolki/leads.php on line 25
[21-May-2018 12:49:17 Europe/Moscow] PHP Notice:  Undefined variable: bonus in /home/retsolme/public_html/getprice.by/potolki/leads.php on line 26
[21-May-2018 12:49:17 Europe/Moscow] PHP Notice:  Undefined variable: linkmethod in /home/retsolme/public_html/getprice.by/potolki/leads.php on line 27
[21-May-2018 19:57:34 Europe/Moscow] PHP Notice:  Undefined variable: linkmethod in /home/retsolme/public_html/getprice.by/potolki/leads.php on line 27
[21-May-2018 22:11:11 Europe/Moscow] PHP Notice:  Undefined variable: bonus in /home/retsolme/public_html/getprice.by/potolki/leads.php on line 26
[21-May-2018 22:11:11 Europe/Moscow] PHP Notice:  Undefined variable: linkmethod in /home/retsolme/public_html/getprice.by/potolki/leads.php on line 27
[21-May-2018 22:52:06 Europe/Moscow] PHP Notice:  Undefined variable: linkmethod in /home/retsolme/public_html/getprice.by/potolki/leads.php on line 27
[22-May-2018 07:18:06 Europe/Moscow] PHP Notice:  Undefined variable: linkmethod in /home/retsolme/public_html/getprice.by/potolki/leads.php on line 27
[22-May-2018 19:05:26 Europe/Moscow] PHP Notice:  Undefined variable: tip in /home/retsolme/public_html/getprice.by/potolki/leads.php on line 22
[22-May-2018 19:05:26 Europe/Moscow] PHP Notice:  Undefined variable: rooms in /home/retsolme/public_html/getprice.by/potolki/leads.php on line 23
[22-May-2018 19:05:26 Europe/Moscow] PHP Notice:  Undefined variable: square in /home/retsolme/public_html/getprice.by/potolki/leads.php on line 24
[22-May-2018 19:05:26 Europe/Moscow] PHP Notice:  Undefined variable: svet in /home/retsolme/public_html/getprice.by/potolki/leads.php on line 25
[22-May-2018 19:05:26 Europe/Moscow] PHP Notice:  Undefined variable: bonus in /home/retsolme/public_html/getprice.by/potolki/leads.php on line 26
[22-May-2018 19:05:26 Europe/Moscow] PHP Notice:  Undefined variable: linkmethod in /home/retsolme/public_html/getprice.by/potolki/leads.php on line 27
[23-May-2018 07:06:05 Europe/Moscow] PHP Notice:  Undefined variable: linkmethod in /home/retsolme/public_html/getprice.by/potolki/leads.php on line 27
[23-May-2018 11:58:57 Europe/Moscow] PHP Notice:  Undefined variable: linkmethod in /home/retsolme/public_html/getprice.by/potolki/leads.php on line 27
[23-May-2018 20:26:45 Europe/Moscow] PHP Notice:  Undefined variable: linkmethod in /home/retsolme/public_html/getprice.by/potolki/leads.php on line 27
[23-May-2018 21:16:28 Europe/Moscow] PHP Notice:  Undefined variable: tip in /home/retsolme/public_html/getprice.by/potolki/leads.php on line 22
[23-May-2018 21:16:28 Europe/Moscow] PHP Notice:  Undefined variable: rooms in /home/retsolme/public_html/getprice.by/potolki/leads.php on line 23
[23-May-2018 21:16:28 Europe/Moscow] PHP Notice:  Undefined variable: square in /home/retsolme/public_html/getprice.by/potolki/leads.php on line 24
[23-May-2018 21:16:28 Europe/Moscow] PHP Notice:  Undefined variable: svet in /home/retsolme/public_html/getprice.by/potolki/leads.php on line 25
[23-May-2018 21:16:28 Europe/Moscow] PHP Notice:  Undefined variable: bonus in /home/retsolme/public_html/getprice.by/potolki/leads.php on line 26
[23-May-2018 21:16:28 Europe/Moscow] PHP Notice:  Undefined variable: linkmethod in /home/retsolme/public_html/getprice.by/potolki/leads.php on line 27
[24-May-2018 09:24:43 Europe/Moscow] PHP Notice:  Undefined variable: linkmethod in /home/retsolme/public_html/getprice.by/potolki/leads.php on line 27
[24-May-2018 10:24:44 Europe/Moscow] PHP Notice:  Undefined variable: linkmethod in /home/retsolme/public_html/getprice.by/potolki/leads.php on line 27
[24-May-2018 22:23:37 Europe/Moscow] PHP Notice:  Undefined variable: linkmethod in /home/retsolme/public_html/getprice.by/potolki/leads.php on line 27
[25-May-2018 12:26:40 Europe/Moscow] PHP Notice:  Undefined variable: tip in /home/retsolme/public_html/getprice.by/potolki/leads.php on line 22
[25-May-2018 12:26:40 Europe/Moscow] PHP Notice:  Undefined variable: rooms in /home/retsolme/public_html/getprice.by/potolki/leads.php on line 23
[25-May-2018 12:26:40 Europe/Moscow] PHP Notice:  Undefined variable: square in /home/retsolme/public_html/getprice.by/potolki/leads.php on line 24
[25-May-2018 12:26:40 Europe/Moscow] PHP Notice:  Undefined variable: svet in /home/retsolme/public_html/getprice.by/potolki/leads.php on line 25
[25-May-2018 12:26:40 Europe/Moscow] PHP Notice:  Undefined variable: bonus in /home/retsolme/public_html/getprice.by/potolki/leads.php on line 26
[25-May-2018 12:26:40 Europe/Moscow] PHP Notice:  Undefined variable: linkmethod in /home/retsolme/public_html/getprice.by/potolki/leads.php on line 27
[28-May-2018 20:18:03 Europe/Moscow] PHP Notice:  Undefined variable: linkmethod in /home/retsolme/public_html/getprice.by/potolki/leads.php on line 27
[28-May-2018 20:19:08 Europe/Moscow] PHP Notice:  Undefined variable: linkmethod in /home/retsolme/public_html/getprice.by/potolki/leads.php on line 27
[28-May-2018 21:16:19 Europe/Moscow] PHP Notice:  Undefined variable: linkmethod in /home/retsolme/public_html/getprice.by/potolki/leads.php on line 27
[28-May-2018 21:28:13 Europe/Moscow] PHP Notice:  Undefined variable: svet in /home/retsolme/public_html/getprice.by/potolki/leads.php on line 25
[28-May-2018 21:28:13 Europe/Moscow] PHP Notice:  Undefined variable: linkmethod in /home/retsolme/public_html/getprice.by/potolki/leads.php on line 27
[29-May-2018 21:48:08 Europe/Moscow] PHP Notice:  Undefined variable: linkmethod in /home/retsolme/public_html/getprice.by/potolki/leads.php on line 27
[04-Jun-2018 09:40:34 Europe/Moscow] PHP Notice:  Undefined variable: linkmethod in /home/retsolme/public_html/getprice.by/potolki/leads.php on line 27
[04-Jun-2018 15:33:24 Europe/Moscow] PHP Notice:  Undefined variable: linkmethod in /home/retsolme/public_html/getprice.by/potolki/leads.php on line 27
[04-Jun-2018 20:14:43 Europe/Moscow] PHP Notice:  Undefined variable: svet in /home/retsolme/public_html/getprice.by/potolki/leads.php on line 25
[04-Jun-2018 20:14:43 Europe/Moscow] PHP Notice:  Undefined variable: bonus in /home/retsolme/public_html/getprice.by/potolki/leads.php on line 26
[04-Jun-2018 20:14:43 Europe/Moscow] PHP Notice:  Undefined variable: linkmethod in /home/retsolme/public_html/getprice.by/potolki/leads.php on line 27
[04-Jun-2018 20:59:27 Europe/Moscow] PHP Notice:  Undefined variable: linkmethod in /home/retsolme/public_html/getprice.by/potolki/leads.php on line 27
[05-Jun-2018 15:01:17 Europe/Moscow] PHP Notice:  Undefined variable: linkmethod in /home/retsolme/public_html/getprice.by/potolki/leads.php on line 27
[05-Jun-2018 18:51:32 Europe/Moscow] PHP Notice:  Undefined variable: linkmethod in /home/retsolme/public_html/getprice.by/potolki/leads.php on line 27
[06-Jun-2018 06:03:05 Europe/Moscow] PHP Notice:  Undefined variable: linkmethod in /home/retsolme/public_html/getprice.by/potolki/leads.php on line 27
[06-Jun-2018 07:07:59 Europe/Moscow] PHP Notice:  Undefined variable: tip in /home/retsolme/public_html/getprice.by/potolki/leads.php on line 22
[06-Jun-2018 07:07:59 Europe/Moscow] PHP Notice:  Undefined variable: svet in /home/retsolme/public_html/getprice.by/potolki/leads.php on line 25
[06-Jun-2018 07:07:59 Europe/Moscow] PHP Notice:  Undefined variable: bonus in /home/retsolme/public_html/getprice.by/potolki/leads.php on line 26
[06-Jun-2018 07:07:59 Europe/Moscow] PHP Notice:  Undefined variable: linkmethod in /home/retsolme/public_html/getprice.by/potolki/leads.php on line 27
[08-Jun-2018 12:13:29 Europe/Moscow] PHP Notice:  Undefined variable: linkmethod in /home/retsolme/public_html/getprice.by/potolki/leads.php on line 27
[08-Jun-2018 15:51:58 Europe/Moscow] PHP Notice:  Undefined variable: tip in /home/retsolme/public_html/getprice.by/potolki/leads.php on line 22
[08-Jun-2018 15:51:58 Europe/Moscow] PHP Notice:  Undefined variable: bonus in /home/retsolme/public_html/getprice.by/potolki/leads.php on line 26
[08-Jun-2018 15:51:58 Europe/Moscow] PHP Notice:  Undefined variable: linkmethod in /home/retsolme/public_html/getprice.by/potolki/leads.php on line 27
[09-Jun-2018 19:32:40 Europe/Moscow] PHP Notice:  Undefined variable: linkmethod in /home/retsolme/public_html/getprice.by/potolki/leads.php on line 27
