[12-Jun-2017 13:14:21 UTC] PHP Warning:  copy(/var/www/cl134377/data/www/neon-elektro.ru/upload/1465215393_igra_moi_malenkii_poni_pinki_pai_sobiraet_keksiki.jpg): failed to open stream: No such file or directory in /var/www/cl134377/data/www/neon-elektro.ru/mail/mail.php on line 33
[12-Jun-2017 13:19:24 UTC] PHP Warning:  copy(./files/1465215393_igra_moi_malenkii_poni_pinki_pai_sobiraet_keksiki.jpg): failed to open stream: No such file or directory in /var/www/cl134377/data/www/neon-elektro.ru/mail/mail.php on line 34
[12-Jun-2017 13:19:24 UTC] PHP Notice:  Undefined index: uploadfile in /var/www/cl134377/data/www/neon-elektro.ru/mail/mail.php on line 45
[12-Jun-2017 13:19:24 UTC] PHP Notice:  Undefined index: uploadfile in /var/www/cl134377/data/www/neon-elektro.ru/mail/mail.php on line 46
[12-Jun-2017 13:31:59 UTC] PHP Notice:  Undefined index: filename in /var/www/cl134377/data/www/neon-elektro.ru/mail/mail.php on line 32
[12-Jun-2017 13:31:59 UTC] PHP Notice:  Undefined index: filename in /var/www/cl134377/data/www/neon-elektro.ru/mail/mail.php on line 32
[12-Jun-2017 13:31:59 UTC] PHP Notice:  Undefined index: uploadfile in /var/www/cl134377/data/www/neon-elektro.ru/mail/mail.php on line 36
[12-Jun-2017 13:31:59 UTC] PHP Notice:  Undefined index: uploadfile in /var/www/cl134377/data/www/neon-elektro.ru/mail/mail.php on line 37
[12-Jun-2017 13:35:08 UTC] PHP Notice:  Undefined index: filename in /var/www/cl134377/data/www/neon-elektro.ru/mail/mail.php on line 32
[12-Jun-2017 13:35:08 UTC] PHP Warning:  move_uploaded_file(/files/): failed to open stream: Is a directory in /var/www/cl134377/data/www/neon-elektro.ru/mail/mail.php on line 32
[12-Jun-2017 13:35:08 UTC] PHP Warning:  move_uploaded_file(): Unable to move '/var/www/cl134377/data/mod-tmp/phpoXl9TF' to '/files/' in /var/www/cl134377/data/www/neon-elektro.ru/mail/mail.php on line 32
[26-Nov-2018 19:09:28 Europe/Moscow] PHP Notice:  Undefined index: usluga in /home/retsolme/public_html/getprice.by/elektro/mail/lead.php on line 14
[26-Nov-2018 19:09:47 Europe/Moscow] PHP Notice:  Undefined index: usluga in /home/retsolme/public_html/getprice.by/elektro/mail/lead.php on line 14
[26-Nov-2018 19:12:29 Europe/Moscow] PHP Notice:  Undefined index: usluga in /home/retsolme/public_html/getprice.by/elektro/mail/lead.php on line 14
[26-Nov-2018 19:24:07 Europe/Moscow] PHP Notice:  Undefined index: usluga in /home/retsolme/public_html/getprice.by/elektro/mail/lead.php on line 14
[26-Nov-2018 19:24:24 Europe/Moscow] PHP Notice:  Undefined index: usluga in /home/retsolme/public_html/getprice.by/elektro/mail/lead.php on line 14
[26-Nov-2018 19:25:44 Europe/Moscow] PHP Notice:  Undefined index: phone in /home/retsolme/public_html/getprice.by/elektro/mail/lead.php on line 11
[26-Nov-2018 19:25:44 Europe/Moscow] PHP Notice:  Undefined index: name in /home/retsolme/public_html/getprice.by/elektro/mail/lead.php on line 12
[26-Nov-2018 19:25:44 Europe/Moscow] PHP Notice:  Undefined index: type in /home/retsolme/public_html/getprice.by/elektro/mail/lead.php on line 13
[26-Nov-2018 19:25:44 Europe/Moscow] PHP Notice:  Undefined index: usluga in /home/retsolme/public_html/getprice.by/elektro/mail/lead.php on line 14
[26-Nov-2018 19:25:44 Europe/Moscow] PHP Notice:  Undefined index: utm_term in /home/retsolme/public_html/getprice.by/elektro/mail/lead.php on line 15
[26-Nov-2018 19:25:44 Europe/Moscow] PHP Notice:  Undefined index: utm_source in /home/retsolme/public_html/getprice.by/elektro/mail/lead.php on line 16
[26-Nov-2018 19:25:44 Europe/Moscow] PHP Notice:  Undefined index: utm_medium in /home/retsolme/public_html/getprice.by/elektro/mail/lead.php on line 17
[26-Nov-2018 19:25:44 Europe/Moscow] PHP Notice:  Undefined index: utm_campaign in /home/retsolme/public_html/getprice.by/elektro/mail/lead.php on line 18
[26-Nov-2018 19:25:44 Europe/Moscow] PHP Notice:  Undefined index: utm_content in /home/retsolme/public_html/getprice.by/elektro/mail/lead.php on line 19
[26-Nov-2018 19:25:45 Europe/Moscow] PHP Notice:  Undefined index: utm_medium in /home/retsolme/public_html/getprice.by/elektro/mail/lead.php on line 46
[26-Nov-2018 19:25:45 Europe/Moscow] PHP Notice:  Undefined index: utm_source in /home/retsolme/public_html/getprice.by/elektro/mail/lead.php on line 47
[26-Nov-2018 19:25:45 Europe/Moscow] PHP Notice:  Undefined index: utm_campaign in /home/retsolme/public_html/getprice.by/elektro/mail/lead.php on line 48
[26-Nov-2018 19:25:45 Europe/Moscow] PHP Notice:  Undefined index: utm_term in /home/retsolme/public_html/getprice.by/elektro/mail/lead.php on line 49
[26-Nov-2018 19:25:45 Europe/Moscow] PHP Notice:  Undefined index: utm_content in /home/retsolme/public_html/getprice.by/elektro/mail/lead.php on line 50
[26-Nov-2018 19:25:45 Europe/Moscow] PHP Notice:  Undefined index: type in /home/retsolme/public_html/getprice.by/elektro/mail/lead.php on line 52
[26-Nov-2018 19:25:45 Europe/Moscow] PHP Notice:  Undefined index: phone in /home/retsolme/public_html/getprice.by/elektro/mail/lead.php on line 53
[26-Nov-2018 19:28:03 Europe/Moscow] PHP Notice:  Undefined index: phone in /home/retsolme/public_html/getprice.by/elektro/mail/lead.php on line 11
[26-Nov-2018 19:28:03 Europe/Moscow] PHP Notice:  Undefined index: name in /home/retsolme/public_html/getprice.by/elektro/mail/lead.php on line 12
[26-Nov-2018 19:28:03 Europe/Moscow] PHP Notice:  Undefined index: type in /home/retsolme/public_html/getprice.by/elektro/mail/lead.php on line 13
[26-Nov-2018 19:28:03 Europe/Moscow] PHP Notice:  Undefined index: usluga in /home/retsolme/public_html/getprice.by/elektro/mail/lead.php on line 14
[26-Nov-2018 19:28:03 Europe/Moscow] PHP Notice:  Undefined index: utm_term in /home/retsolme/public_html/getprice.by/elektro/mail/lead.php on line 15
[26-Nov-2018 19:28:03 Europe/Moscow] PHP Notice:  Undefined index: utm_source in /home/retsolme/public_html/getprice.by/elektro/mail/lead.php on line 16
[26-Nov-2018 19:28:03 Europe/Moscow] PHP Notice:  Undefined index: utm_medium in /home/retsolme/public_html/getprice.by/elektro/mail/lead.php on line 17
[26-Nov-2018 19:28:03 Europe/Moscow] PHP Notice:  Undefined index: utm_campaign in /home/retsolme/public_html/getprice.by/elektro/mail/lead.php on line 18
[26-Nov-2018 19:28:03 Europe/Moscow] PHP Notice:  Undefined index: utm_content in /home/retsolme/public_html/getprice.by/elektro/mail/lead.php on line 19
[26-Nov-2018 19:28:04 Europe/Moscow] PHP Notice:  Undefined index: utm_medium in /home/retsolme/public_html/getprice.by/elektro/mail/lead.php on line 46
[26-Nov-2018 19:28:04 Europe/Moscow] PHP Notice:  Undefined index: utm_source in /home/retsolme/public_html/getprice.by/elektro/mail/lead.php on line 47
[26-Nov-2018 19:28:04 Europe/Moscow] PHP Notice:  Undefined index: utm_campaign in /home/retsolme/public_html/getprice.by/elektro/mail/lead.php on line 48
[26-Nov-2018 19:28:04 Europe/Moscow] PHP Notice:  Undefined index: utm_term in /home/retsolme/public_html/getprice.by/elektro/mail/lead.php on line 49
[26-Nov-2018 19:28:04 Europe/Moscow] PHP Notice:  Undefined index: utm_content in /home/retsolme/public_html/getprice.by/elektro/mail/lead.php on line 50
[26-Nov-2018 19:28:04 Europe/Moscow] PHP Notice:  Undefined index: type in /home/retsolme/public_html/getprice.by/elektro/mail/lead.php on line 52
[26-Nov-2018 19:28:04 Europe/Moscow] PHP Notice:  Undefined index: phone in /home/retsolme/public_html/getprice.by/elektro/mail/lead.php on line 53
[26-Nov-2018 19:28:26 Europe/Moscow] PHP Notice:  Undefined index: phone in /home/retsolme/public_html/getprice.by/elektro/mail/lead.php on line 11
[26-Nov-2018 19:28:26 Europe/Moscow] PHP Notice:  Undefined index: name in /home/retsolme/public_html/getprice.by/elektro/mail/lead.php on line 12
[26-Nov-2018 19:28:26 Europe/Moscow] PHP Notice:  Undefined index: type in /home/retsolme/public_html/getprice.by/elektro/mail/lead.php on line 13
[26-Nov-2018 19:28:26 Europe/Moscow] PHP Notice:  Undefined index: usluga in /home/retsolme/public_html/getprice.by/elektro/mail/lead.php on line 14
[26-Nov-2018 19:28:26 Europe/Moscow] PHP Notice:  Undefined index: utm_term in /home/retsolme/public_html/getprice.by/elektro/mail/lead.php on line 15
[26-Nov-2018 19:28:26 Europe/Moscow] PHP Notice:  Undefined index: utm_source in /home/retsolme/public_html/getprice.by/elektro/mail/lead.php on line 16
[26-Nov-2018 19:28:26 Europe/Moscow] PHP Notice:  Undefined index: utm_medium in /home/retsolme/public_html/getprice.by/elektro/mail/lead.php on line 17
[26-Nov-2018 19:28:26 Europe/Moscow] PHP Notice:  Undefined index: utm_campaign in /home/retsolme/public_html/getprice.by/elektro/mail/lead.php on line 18
[26-Nov-2018 19:28:26 Europe/Moscow] PHP Notice:  Undefined index: utm_content in /home/retsolme/public_html/getprice.by/elektro/mail/lead.php on line 19
[26-Nov-2018 19:28:27 Europe/Moscow] PHP Notice:  Undefined index: utm_medium in /home/retsolme/public_html/getprice.by/elektro/mail/lead.php on line 46
[26-Nov-2018 19:28:27 Europe/Moscow] PHP Notice:  Undefined index: utm_source in /home/retsolme/public_html/getprice.by/elektro/mail/lead.php on line 47
[26-Nov-2018 19:28:27 Europe/Moscow] PHP Notice:  Undefined index: utm_campaign in /home/retsolme/public_html/getprice.by/elektro/mail/lead.php on line 48
[26-Nov-2018 19:28:27 Europe/Moscow] PHP Notice:  Undefined index: utm_term in /home/retsolme/public_html/getprice.by/elektro/mail/lead.php on line 49
[26-Nov-2018 19:28:27 Europe/Moscow] PHP Notice:  Undefined index: utm_content in /home/retsolme/public_html/getprice.by/elektro/mail/lead.php on line 50
[26-Nov-2018 19:28:27 Europe/Moscow] PHP Notice:  Undefined index: type in /home/retsolme/public_html/getprice.by/elektro/mail/lead.php on line 52
[26-Nov-2018 19:28:27 Europe/Moscow] PHP Notice:  Undefined index: phone in /home/retsolme/public_html/getprice.by/elektro/mail/lead.php on line 53
[26-Nov-2018 19:29:13 Europe/Moscow] PHP Notice:  Undefined index: phone in /home/retsolme/public_html/getprice.by/elektro/mail/lead.php on line 11
[26-Nov-2018 19:29:13 Europe/Moscow] PHP Notice:  Undefined index: name in /home/retsolme/public_html/getprice.by/elektro/mail/lead.php on line 12
[26-Nov-2018 19:29:13 Europe/Moscow] PHP Notice:  Undefined index: type in /home/retsolme/public_html/getprice.by/elektro/mail/lead.php on line 13
[26-Nov-2018 19:29:13 Europe/Moscow] PHP Notice:  Undefined index: usluga in /home/retsolme/public_html/getprice.by/elektro/mail/lead.php on line 14
[26-Nov-2018 19:29:13 Europe/Moscow] PHP Notice:  Undefined index: utm_term in /home/retsolme/public_html/getprice.by/elektro/mail/lead.php on line 15
[26-Nov-2018 19:29:13 Europe/Moscow] PHP Notice:  Undefined index: utm_source in /home/retsolme/public_html/getprice.by/elektro/mail/lead.php on line 16
[26-Nov-2018 19:29:13 Europe/Moscow] PHP Notice:  Undefined index: utm_medium in /home/retsolme/public_html/getprice.by/elektro/mail/lead.php on line 17
[26-Nov-2018 19:29:13 Europe/Moscow] PHP Notice:  Undefined index: utm_campaign in /home/retsolme/public_html/getprice.by/elektro/mail/lead.php on line 18
[26-Nov-2018 19:29:13 Europe/Moscow] PHP Notice:  Undefined index: utm_content in /home/retsolme/public_html/getprice.by/elektro/mail/lead.php on line 19
[26-Nov-2018 19:29:15 Europe/Moscow] PHP Notice:  Undefined index: utm_medium in /home/retsolme/public_html/getprice.by/elektro/mail/lead.php on line 46
[26-Nov-2018 19:29:15 Europe/Moscow] PHP Notice:  Undefined index: utm_source in /home/retsolme/public_html/getprice.by/elektro/mail/lead.php on line 47
[26-Nov-2018 19:29:15 Europe/Moscow] PHP Notice:  Undefined index: utm_campaign in /home/retsolme/public_html/getprice.by/elektro/mail/lead.php on line 48
[26-Nov-2018 19:29:15 Europe/Moscow] PHP Notice:  Undefined index: utm_term in /home/retsolme/public_html/getprice.by/elektro/mail/lead.php on line 49
[26-Nov-2018 19:29:15 Europe/Moscow] PHP Notice:  Undefined index: utm_content in /home/retsolme/public_html/getprice.by/elektro/mail/lead.php on line 50
[26-Nov-2018 19:29:15 Europe/Moscow] PHP Notice:  Undefined index: type in /home/retsolme/public_html/getprice.by/elektro/mail/lead.php on line 52
[26-Nov-2018 19:29:15 Europe/Moscow] PHP Notice:  Undefined index: phone in /home/retsolme/public_html/getprice.by/elektro/mail/lead.php on line 53
[14-Jan-2019 12:16:39 Europe/Moscow] PHP Notice:  Undefined index: usluga in C:\xampp\htdocs\getprice\elektro\mail\lead.php on line 14
[14-Jan-2019 13:37:12 Europe/Moscow] PHP Notice:  Undefined index: phone in C:\xampp\htdocs\getprice\elektro\mail\lead.php on line 11
[14-Jan-2019 13:37:12 Europe/Moscow] PHP Notice:  Undefined index: name in C:\xampp\htdocs\getprice\elektro\mail\lead.php on line 12
[14-Jan-2019 13:37:12 Europe/Moscow] PHP Notice:  Undefined index: type in C:\xampp\htdocs\getprice\elektro\mail\lead.php on line 13
[14-Jan-2019 13:37:12 Europe/Moscow] PHP Notice:  Undefined index: usluga in C:\xampp\htdocs\getprice\elektro\mail\lead.php on line 14
[14-Jan-2019 13:37:12 Europe/Moscow] PHP Notice:  Undefined index: utm_term in C:\xampp\htdocs\getprice\elektro\mail\lead.php on line 15
[14-Jan-2019 13:37:12 Europe/Moscow] PHP Notice:  Undefined index: utm_source in C:\xampp\htdocs\getprice\elektro\mail\lead.php on line 16
[14-Jan-2019 13:37:12 Europe/Moscow] PHP Notice:  Undefined index: utm_medium in C:\xampp\htdocs\getprice\elektro\mail\lead.php on line 17
[14-Jan-2019 13:37:12 Europe/Moscow] PHP Notice:  Undefined index: utm_campaign in C:\xampp\htdocs\getprice\elektro\mail\lead.php on line 18
[14-Jan-2019 13:37:12 Europe/Moscow] PHP Notice:  Undefined index: utm_content in C:\xampp\htdocs\getprice\elektro\mail\lead.php on line 19
[14-Jan-2019 13:37:14 Europe/Moscow] PHP Notice:  Undefined index: utm_medium in C:\xampp\htdocs\getprice\elektro\mail\lead.php on line 41
[14-Jan-2019 13:37:14 Europe/Moscow] PHP Notice:  Undefined index: utm_source in C:\xampp\htdocs\getprice\elektro\mail\lead.php on line 42
[14-Jan-2019 13:37:14 Europe/Moscow] PHP Notice:  Undefined index: utm_campaign in C:\xampp\htdocs\getprice\elektro\mail\lead.php on line 43
[14-Jan-2019 13:37:14 Europe/Moscow] PHP Notice:  Undefined index: utm_term in C:\xampp\htdocs\getprice\elektro\mail\lead.php on line 44
[14-Jan-2019 13:37:14 Europe/Moscow] PHP Notice:  Undefined index: utm_content in C:\xampp\htdocs\getprice\elektro\mail\lead.php on line 45
[14-Jan-2019 13:37:14 Europe/Moscow] PHP Notice:  Undefined index: type in C:\xampp\htdocs\getprice\elektro\mail\lead.php on line 47
[14-Jan-2019 13:37:14 Europe/Moscow] PHP Notice:  Undefined index: phone in C:\xampp\htdocs\getprice\elektro\mail\lead.php on line 48
[14-Jan-2019 13:37:15 Europe/Moscow] PHP Notice:  Undefined index: phone in C:\xampp\htdocs\getprice\elektro\mail\mail.php on line 40
[14-Jan-2019 13:39:53 Europe/Moscow] PHP Notice:  Undefined index: usluga in C:\xampp\htdocs\getprice\elektro\mail\lead.php on line 14
[14-Jan-2019 14:19:33 Europe/Moscow] PHP Notice:  Undefined index: usluga in C:\xampp\htdocs\getprice\elektro\mail\lead.php on line 14
