[26-Jun-2019 14:04:33 Europe/Moscow] PHP Notice:  Undefined index: id in C:\xampp\htdocs\getprice\buhgaltery\AMO\contact_add.php on line 57
[26-Jun-2019 14:05:20 Europe/Moscow] PHP Notice:  Undefined index: id in C:\xampp\htdocs\getprice\buhgaltery\AMO\contact_add.php on line 57
[26-Jun-2019 13:13:04 Europe/Berlin] PHP Notice:  Undefined index: type in C:\xampp\htdocs\getprice\buhgaltery\mail.php on line 38
[26-Jun-2019 14:13:05 Europe/Moscow] PHP Notice:  Undefined index: type in C:\xampp\htdocs\getprice\buhgaltery\leads.php on line 17
[26-Jun-2019 14:13:05 Europe/Moscow] PHP Notice:  Undefined index: utm_term in C:\xampp\htdocs\getprice\buhgaltery\leads.php on line 18
[26-Jun-2019 14:13:05 Europe/Moscow] PHP Notice:  Undefined index: utm_source in C:\xampp\htdocs\getprice\buhgaltery\leads.php on line 19
[26-Jun-2019 14:13:05 Europe/Moscow] PHP Notice:  Undefined index: utm_medium in C:\xampp\htdocs\getprice\buhgaltery\leads.php on line 20
[26-Jun-2019 14:13:05 Europe/Moscow] PHP Notice:  Undefined index: utm_campaign in C:\xampp\htdocs\getprice\buhgaltery\leads.php on line 21
[26-Jun-2019 14:13:05 Europe/Moscow] PHP Notice:  Undefined index: utm_content in C:\xampp\htdocs\getprice\buhgaltery\leads.php on line 22
[26-Jun-2019 14:13:06 Europe/Moscow] PHP Notice:  Undefined index: utm_medium in C:\xampp\htdocs\getprice\buhgaltery\leads.php on line 48
[26-Jun-2019 14:13:06 Europe/Moscow] PHP Notice:  Undefined index: utm_source in C:\xampp\htdocs\getprice\buhgaltery\leads.php on line 49
[26-Jun-2019 14:13:06 Europe/Moscow] PHP Notice:  Undefined index: utm_campaign in C:\xampp\htdocs\getprice\buhgaltery\leads.php on line 50
[26-Jun-2019 14:13:06 Europe/Moscow] PHP Notice:  Undefined index: utm_term in C:\xampp\htdocs\getprice\buhgaltery\leads.php on line 51
[26-Jun-2019 14:13:06 Europe/Moscow] PHP Notice:  Undefined index: utm_content in C:\xampp\htdocs\getprice\buhgaltery\leads.php on line 52
[26-Jun-2019 14:13:06 Europe/Moscow] PHP Notice:  Undefined index: type in C:\xampp\htdocs\getprice\buhgaltery\leads.php on line 54
[26-Jun-2019 13:13:50 Europe/Berlin] PHP Notice:  Undefined index: type in C:\xampp\htdocs\getprice\buhgaltery\mail.php on line 38
[26-Jun-2019 14:13:50 Europe/Moscow] PHP Notice:  Undefined index: type in C:\xampp\htdocs\getprice\buhgaltery\leads.php on line 17
[26-Jun-2019 14:13:50 Europe/Moscow] PHP Notice:  Undefined index: utm_term in C:\xampp\htdocs\getprice\buhgaltery\leads.php on line 18
[26-Jun-2019 14:13:50 Europe/Moscow] PHP Notice:  Undefined index: utm_source in C:\xampp\htdocs\getprice\buhgaltery\leads.php on line 19
[26-Jun-2019 14:13:50 Europe/Moscow] PHP Notice:  Undefined index: utm_medium in C:\xampp\htdocs\getprice\buhgaltery\leads.php on line 20
[26-Jun-2019 14:13:50 Europe/Moscow] PHP Notice:  Undefined index: utm_campaign in C:\xampp\htdocs\getprice\buhgaltery\leads.php on line 21
[26-Jun-2019 14:13:50 Europe/Moscow] PHP Notice:  Undefined index: utm_content in C:\xampp\htdocs\getprice\buhgaltery\leads.php on line 22
[26-Jun-2019 14:13:52 Europe/Moscow] PHP Notice:  Undefined index: utm_medium in C:\xampp\htdocs\getprice\buhgaltery\leads.php on line 48
[26-Jun-2019 14:13:52 Europe/Moscow] PHP Notice:  Undefined index: utm_source in C:\xampp\htdocs\getprice\buhgaltery\leads.php on line 49
[26-Jun-2019 14:13:52 Europe/Moscow] PHP Notice:  Undefined index: utm_campaign in C:\xampp\htdocs\getprice\buhgaltery\leads.php on line 50
[26-Jun-2019 14:13:52 Europe/Moscow] PHP Notice:  Undefined index: utm_term in C:\xampp\htdocs\getprice\buhgaltery\leads.php on line 51
[26-Jun-2019 14:13:52 Europe/Moscow] PHP Notice:  Undefined index: utm_content in C:\xampp\htdocs\getprice\buhgaltery\leads.php on line 52
[26-Jun-2019 14:13:52 Europe/Moscow] PHP Notice:  Undefined index: type in C:\xampp\htdocs\getprice\buhgaltery\leads.php on line 54
[26-Jun-2019 13:14:39 Europe/Berlin] PHP Notice:  Undefined index: type in C:\xampp\htdocs\getprice\buhgaltery\mail.php on line 38
[26-Jun-2019 14:14:39 Europe/Moscow] PHP Notice:  Undefined index: type in C:\xampp\htdocs\getprice\buhgaltery\leads.php on line 17
[26-Jun-2019 14:14:39 Europe/Moscow] PHP Notice:  Undefined index: utm_term in C:\xampp\htdocs\getprice\buhgaltery\leads.php on line 18
[26-Jun-2019 14:14:39 Europe/Moscow] PHP Notice:  Undefined index: utm_source in C:\xampp\htdocs\getprice\buhgaltery\leads.php on line 19
[26-Jun-2019 14:14:39 Europe/Moscow] PHP Notice:  Undefined index: utm_medium in C:\xampp\htdocs\getprice\buhgaltery\leads.php on line 20
[26-Jun-2019 14:14:39 Europe/Moscow] PHP Notice:  Undefined index: utm_campaign in C:\xampp\htdocs\getprice\buhgaltery\leads.php on line 21
[26-Jun-2019 14:14:39 Europe/Moscow] PHP Notice:  Undefined index: utm_content in C:\xampp\htdocs\getprice\buhgaltery\leads.php on line 22
[26-Jun-2019 14:14:41 Europe/Moscow] PHP Notice:  Undefined index: utm_medium in C:\xampp\htdocs\getprice\buhgaltery\leads.php on line 48
[26-Jun-2019 14:14:41 Europe/Moscow] PHP Notice:  Undefined index: utm_source in C:\xampp\htdocs\getprice\buhgaltery\leads.php on line 49
[26-Jun-2019 14:14:41 Europe/Moscow] PHP Notice:  Undefined index: utm_campaign in C:\xampp\htdocs\getprice\buhgaltery\leads.php on line 50
[26-Jun-2019 14:14:41 Europe/Moscow] PHP Notice:  Undefined index: utm_term in C:\xampp\htdocs\getprice\buhgaltery\leads.php on line 51
[26-Jun-2019 14:14:41 Europe/Moscow] PHP Notice:  Undefined index: utm_content in C:\xampp\htdocs\getprice\buhgaltery\leads.php on line 52
[26-Jun-2019 14:14:41 Europe/Moscow] PHP Notice:  Undefined index: type in C:\xampp\htdocs\getprice\buhgaltery\leads.php on line 54
[26-Jun-2019 13:16:02 Europe/Berlin] PHP Notice:  Undefined index: type in C:\xampp\htdocs\getprice\buhgaltery\mail.php on line 38
[26-Jun-2019 14:16:02 Europe/Moscow] PHP Notice:  Undefined index: type in C:\xampp\htdocs\getprice\buhgaltery\leads.php on line 17
[26-Jun-2019 14:16:02 Europe/Moscow] PHP Notice:  Undefined index: utm_term in C:\xampp\htdocs\getprice\buhgaltery\leads.php on line 18
[26-Jun-2019 14:16:02 Europe/Moscow] PHP Notice:  Undefined index: utm_source in C:\xampp\htdocs\getprice\buhgaltery\leads.php on line 19
[26-Jun-2019 14:16:02 Europe/Moscow] PHP Notice:  Undefined index: utm_medium in C:\xampp\htdocs\getprice\buhgaltery\leads.php on line 20
[26-Jun-2019 14:16:02 Europe/Moscow] PHP Notice:  Undefined index: utm_campaign in C:\xampp\htdocs\getprice\buhgaltery\leads.php on line 21
[26-Jun-2019 14:16:02 Europe/Moscow] PHP Notice:  Undefined index: utm_content in C:\xampp\htdocs\getprice\buhgaltery\leads.php on line 22
[26-Jun-2019 14:16:04 Europe/Moscow] PHP Notice:  Undefined index: utm_medium in C:\xampp\htdocs\getprice\buhgaltery\leads.php on line 48
[26-Jun-2019 14:16:04 Europe/Moscow] PHP Notice:  Undefined index: utm_source in C:\xampp\htdocs\getprice\buhgaltery\leads.php on line 49
[26-Jun-2019 14:16:04 Europe/Moscow] PHP Notice:  Undefined index: utm_campaign in C:\xampp\htdocs\getprice\buhgaltery\leads.php on line 50
[26-Jun-2019 14:16:04 Europe/Moscow] PHP Notice:  Undefined index: utm_term in C:\xampp\htdocs\getprice\buhgaltery\leads.php on line 51
[26-Jun-2019 14:16:04 Europe/Moscow] PHP Notice:  Undefined index: utm_content in C:\xampp\htdocs\getprice\buhgaltery\leads.php on line 52
[26-Jun-2019 14:16:04 Europe/Moscow] PHP Notice:  Undefined index: type in C:\xampp\htdocs\getprice\buhgaltery\leads.php on line 54
[26-Jun-2019 13:16:56 Europe/Berlin] PHP Notice:  Undefined index: type in C:\xampp\htdocs\getprice\buhgaltery\mail.php on line 38
[26-Jun-2019 14:16:57 Europe/Moscow] PHP Notice:  Undefined index: type in C:\xampp\htdocs\getprice\buhgaltery\leads.php on line 17
[26-Jun-2019 14:16:57 Europe/Moscow] PHP Notice:  Undefined index: utm_term in C:\xampp\htdocs\getprice\buhgaltery\leads.php on line 18
[26-Jun-2019 14:16:57 Europe/Moscow] PHP Notice:  Undefined index: utm_source in C:\xampp\htdocs\getprice\buhgaltery\leads.php on line 19
[26-Jun-2019 14:16:57 Europe/Moscow] PHP Notice:  Undefined index: utm_medium in C:\xampp\htdocs\getprice\buhgaltery\leads.php on line 20
[26-Jun-2019 14:16:57 Europe/Moscow] PHP Notice:  Undefined index: utm_campaign in C:\xampp\htdocs\getprice\buhgaltery\leads.php on line 21
[26-Jun-2019 14:16:57 Europe/Moscow] PHP Notice:  Undefined index: utm_content in C:\xampp\htdocs\getprice\buhgaltery\leads.php on line 22
[26-Jun-2019 14:16:58 Europe/Moscow] PHP Notice:  Undefined index: utm_medium in C:\xampp\htdocs\getprice\buhgaltery\leads.php on line 48
[26-Jun-2019 14:16:58 Europe/Moscow] PHP Notice:  Undefined index: utm_source in C:\xampp\htdocs\getprice\buhgaltery\leads.php on line 49
[26-Jun-2019 14:16:58 Europe/Moscow] PHP Notice:  Undefined index: utm_campaign in C:\xampp\htdocs\getprice\buhgaltery\leads.php on line 50
[26-Jun-2019 14:16:58 Europe/Moscow] PHP Notice:  Undefined index: utm_term in C:\xampp\htdocs\getprice\buhgaltery\leads.php on line 51
[26-Jun-2019 14:16:58 Europe/Moscow] PHP Notice:  Undefined index: utm_content in C:\xampp\htdocs\getprice\buhgaltery\leads.php on line 52
[26-Jun-2019 14:16:58 Europe/Moscow] PHP Notice:  Undefined index: type in C:\xampp\htdocs\getprice\buhgaltery\leads.php on line 54
[26-Jun-2019 13:21:04 Europe/Berlin] PHP Notice:  Undefined index: type in C:\xampp\htdocs\getprice\buhgaltery\mail.php on line 38
[26-Jun-2019 14:21:04 Europe/Moscow] PHP Notice:  Undefined index: type in C:\xampp\htdocs\getprice\buhgaltery\leads.php on line 17
[26-Jun-2019 14:21:04 Europe/Moscow] PHP Notice:  Undefined index: utm_term in C:\xampp\htdocs\getprice\buhgaltery\leads.php on line 18
[26-Jun-2019 14:21:04 Europe/Moscow] PHP Notice:  Undefined index: utm_source in C:\xampp\htdocs\getprice\buhgaltery\leads.php on line 19
[26-Jun-2019 14:21:04 Europe/Moscow] PHP Notice:  Undefined index: utm_medium in C:\xampp\htdocs\getprice\buhgaltery\leads.php on line 20
[26-Jun-2019 14:21:04 Europe/Moscow] PHP Notice:  Undefined index: utm_campaign in C:\xampp\htdocs\getprice\buhgaltery\leads.php on line 21
[26-Jun-2019 14:21:04 Europe/Moscow] PHP Notice:  Undefined index: utm_content in C:\xampp\htdocs\getprice\buhgaltery\leads.php on line 22
[26-Jun-2019 14:21:06 Europe/Moscow] PHP Notice:  Undefined index: utm_medium in C:\xampp\htdocs\getprice\buhgaltery\leads.php on line 48
[26-Jun-2019 14:21:06 Europe/Moscow] PHP Notice:  Undefined index: utm_source in C:\xampp\htdocs\getprice\buhgaltery\leads.php on line 49
[26-Jun-2019 14:21:06 Europe/Moscow] PHP Notice:  Undefined index: utm_campaign in C:\xampp\htdocs\getprice\buhgaltery\leads.php on line 50
[26-Jun-2019 14:21:06 Europe/Moscow] PHP Notice:  Undefined index: utm_term in C:\xampp\htdocs\getprice\buhgaltery\leads.php on line 51
[26-Jun-2019 14:21:06 Europe/Moscow] PHP Notice:  Undefined index: utm_content in C:\xampp\htdocs\getprice\buhgaltery\leads.php on line 52
[26-Jun-2019 14:21:06 Europe/Moscow] PHP Notice:  Undefined index: type in C:\xampp\htdocs\getprice\buhgaltery\leads.php on line 54
[26-Jun-2019 13:23:39 Europe/Berlin] PHP Notice:  Undefined index: type in C:\xampp\htdocs\getprice\buhgaltery\mail.php on line 38
[26-Jun-2019 14:23:39 Europe/Moscow] PHP Notice:  Undefined index: type in C:\xampp\htdocs\getprice\buhgaltery\leads.php on line 17
[26-Jun-2019 14:23:39 Europe/Moscow] PHP Notice:  Undefined index: utm_term in C:\xampp\htdocs\getprice\buhgaltery\leads.php on line 18
[26-Jun-2019 14:23:39 Europe/Moscow] PHP Notice:  Undefined index: utm_source in C:\xampp\htdocs\getprice\buhgaltery\leads.php on line 19
[26-Jun-2019 14:23:39 Europe/Moscow] PHP Notice:  Undefined index: utm_medium in C:\xampp\htdocs\getprice\buhgaltery\leads.php on line 20
[26-Jun-2019 14:23:39 Europe/Moscow] PHP Notice:  Undefined index: utm_campaign in C:\xampp\htdocs\getprice\buhgaltery\leads.php on line 21
[26-Jun-2019 14:23:39 Europe/Moscow] PHP Notice:  Undefined index: utm_content in C:\xampp\htdocs\getprice\buhgaltery\leads.php on line 22
[26-Jun-2019 14:23:41 Europe/Moscow] PHP Notice:  Undefined index: utm_medium in C:\xampp\htdocs\getprice\buhgaltery\leads.php on line 48
[26-Jun-2019 14:23:41 Europe/Moscow] PHP Notice:  Undefined index: utm_source in C:\xampp\htdocs\getprice\buhgaltery\leads.php on line 49
[26-Jun-2019 14:23:41 Europe/Moscow] PHP Notice:  Undefined index: utm_campaign in C:\xampp\htdocs\getprice\buhgaltery\leads.php on line 50
[26-Jun-2019 14:23:41 Europe/Moscow] PHP Notice:  Undefined index: utm_term in C:\xampp\htdocs\getprice\buhgaltery\leads.php on line 51
[26-Jun-2019 14:23:41 Europe/Moscow] PHP Notice:  Undefined index: utm_content in C:\xampp\htdocs\getprice\buhgaltery\leads.php on line 52
[26-Jun-2019 14:23:41 Europe/Moscow] PHP Notice:  Undefined index: type in C:\xampp\htdocs\getprice\buhgaltery\leads.php on line 54
[26-Jun-2019 13:24:31 Europe/Berlin] PHP Notice:  Undefined index: type in C:\xampp\htdocs\getprice\buhgaltery\mail.php on line 38
[26-Jun-2019 14:24:32 Europe/Moscow] PHP Notice:  Undefined index: type in C:\xampp\htdocs\getprice\buhgaltery\leads.php on line 17
[26-Jun-2019 14:24:32 Europe/Moscow] PHP Notice:  Undefined index: utm_term in C:\xampp\htdocs\getprice\buhgaltery\leads.php on line 18
[26-Jun-2019 14:24:32 Europe/Moscow] PHP Notice:  Undefined index: utm_source in C:\xampp\htdocs\getprice\buhgaltery\leads.php on line 19
[26-Jun-2019 14:24:32 Europe/Moscow] PHP Notice:  Undefined index: utm_medium in C:\xampp\htdocs\getprice\buhgaltery\leads.php on line 20
[26-Jun-2019 14:24:32 Europe/Moscow] PHP Notice:  Undefined index: utm_campaign in C:\xampp\htdocs\getprice\buhgaltery\leads.php on line 21
[26-Jun-2019 14:24:32 Europe/Moscow] PHP Notice:  Undefined index: utm_content in C:\xampp\htdocs\getprice\buhgaltery\leads.php on line 22
[26-Jun-2019 14:24:33 Europe/Moscow] PHP Notice:  Undefined index: utm_medium in C:\xampp\htdocs\getprice\buhgaltery\leads.php on line 48
[26-Jun-2019 14:24:33 Europe/Moscow] PHP Notice:  Undefined index: utm_source in C:\xampp\htdocs\getprice\buhgaltery\leads.php on line 49
[26-Jun-2019 14:24:33 Europe/Moscow] PHP Notice:  Undefined index: utm_campaign in C:\xampp\htdocs\getprice\buhgaltery\leads.php on line 50
[26-Jun-2019 14:24:33 Europe/Moscow] PHP Notice:  Undefined index: utm_term in C:\xampp\htdocs\getprice\buhgaltery\leads.php on line 51
[26-Jun-2019 14:24:33 Europe/Moscow] PHP Notice:  Undefined index: utm_content in C:\xampp\htdocs\getprice\buhgaltery\leads.php on line 52
[26-Jun-2019 14:24:33 Europe/Moscow] PHP Notice:  Undefined index: type in C:\xampp\htdocs\getprice\buhgaltery\leads.php on line 54
