[21-Mar-2018 11:32:41 Europe/Moscow] PHP Notice:  Undefined variable: where in /home/retsolme/public_html/getprice.by/kasko/leads.php on line 23
[21-Mar-2018 11:32:41 Europe/Moscow] PHP Notice:  Undefined variable: size in /home/retsolme/public_html/getprice.by/kasko/leads.php on line 24
[21-Mar-2018 11:32:41 Europe/Moscow] PHP Notice:  Undefined variable: typecond in /home/retsolme/public_html/getprice.by/kasko/leads.php on line 25
[21-Mar-2018 11:32:41 Europe/Moscow] PHP Notice:  Undefined variable: price in /home/retsolme/public_html/getprice.by/kasko/leads.php on line 26
[21-Mar-2018 11:32:41 Europe/Moscow] PHP Notice:  Undefined variable: additional in /home/retsolme/public_html/getprice.by/kasko/leads.php on line 27
[21-Mar-2018 11:32:41 Europe/Moscow] PHP Notice:  Undefined variable: model in /home/retsolme/public_html/getprice.by/kasko/leads.php on line 28
[21-Mar-2018 11:33:58 Europe/Moscow] PHP Notice:  Undefined variable: where in /home/retsolme/public_html/getprice.by/kasko/leads.php on line 23
[21-Mar-2018 11:33:58 Europe/Moscow] PHP Notice:  Undefined variable: size in /home/retsolme/public_html/getprice.by/kasko/leads.php on line 24
[21-Mar-2018 11:33:58 Europe/Moscow] PHP Notice:  Undefined variable: typecond in /home/retsolme/public_html/getprice.by/kasko/leads.php on line 25
[21-Mar-2018 11:33:58 Europe/Moscow] PHP Notice:  Undefined variable: price in /home/retsolme/public_html/getprice.by/kasko/leads.php on line 26
[21-Mar-2018 11:33:58 Europe/Moscow] PHP Notice:  Undefined variable: additional in /home/retsolme/public_html/getprice.by/kasko/leads.php on line 27
[21-Mar-2018 11:33:58 Europe/Moscow] PHP Notice:  Undefined variable: model in /home/retsolme/public_html/getprice.by/kasko/leads.php on line 28
[21-Mar-2018 11:34:40 Europe/Moscow] PHP Notice:  Undefined variable: where in /home/retsolme/public_html/getprice.by/kasko/leads.php on line 23
[21-Mar-2018 11:34:40 Europe/Moscow] PHP Notice:  Undefined variable: size in /home/retsolme/public_html/getprice.by/kasko/leads.php on line 24
[21-Mar-2018 11:34:40 Europe/Moscow] PHP Notice:  Undefined variable: typecond in /home/retsolme/public_html/getprice.by/kasko/leads.php on line 25
[21-Mar-2018 11:34:40 Europe/Moscow] PHP Notice:  Undefined variable: price in /home/retsolme/public_html/getprice.by/kasko/leads.php on line 26
[21-Mar-2018 11:34:40 Europe/Moscow] PHP Notice:  Undefined variable: additional in /home/retsolme/public_html/getprice.by/kasko/leads.php on line 27
[21-Mar-2018 11:34:40 Europe/Moscow] PHP Notice:  Undefined variable: model in /home/retsolme/public_html/getprice.by/kasko/leads.php on line 28
[21-Mar-2018 11:36:16 Europe/Moscow] PHP Notice:  Undefined variable: where in /home/retsolme/public_html/getprice.by/kasko/leads.php on line 23
[21-Mar-2018 11:36:16 Europe/Moscow] PHP Notice:  Undefined variable: size in /home/retsolme/public_html/getprice.by/kasko/leads.php on line 24
[21-Mar-2018 11:36:16 Europe/Moscow] PHP Notice:  Undefined variable: typecond in /home/retsolme/public_html/getprice.by/kasko/leads.php on line 25
[21-Mar-2018 11:36:16 Europe/Moscow] PHP Notice:  Undefined variable: price in /home/retsolme/public_html/getprice.by/kasko/leads.php on line 26
[21-Mar-2018 11:36:16 Europe/Moscow] PHP Notice:  Undefined variable: additional in /home/retsolme/public_html/getprice.by/kasko/leads.php on line 27
[21-Mar-2018 11:36:16 Europe/Moscow] PHP Notice:  Undefined variable: model in /home/retsolme/public_html/getprice.by/kasko/leads.php on line 28
[21-Mar-2018 12:00:12 Europe/Moscow] PHP Notice:  Undefined variable: name in /home/retsolme/public_html/getprice.by/kasko/leads.php on line 16
[22-Mar-2018 16:11:04 Europe/Moscow] PHP Notice:  Undefined variable: name in /home/retsolme/public_html/getprice.by/kasko/leads.php on line 16
[22-Mar-2018 16:11:04 Europe/Moscow] PHP Notice:  Undefined variable: marka in /home/retsolme/public_html/getprice.by/kasko/leads.php on line 23
[22-Mar-2018 16:11:04 Europe/Moscow] PHP Notice:  Undefined variable: model in /home/retsolme/public_html/getprice.by/kasko/leads.php on line 24
[22-Mar-2018 16:11:04 Europe/Moscow] PHP Notice:  Undefined variable: year in /home/retsolme/public_html/getprice.by/kasko/leads.php on line 25
[22-Mar-2018 16:11:04 Europe/Moscow] PHP Notice:  Undefined variable: stazh in /home/retsolme/public_html/getprice.by/kasko/leads.php on line 26
[22-Mar-2018 16:11:04 Europe/Moscow] PHP Notice:  Undefined variable: region in /home/retsolme/public_html/getprice.by/kasko/leads.php on line 27
[22-Mar-2018 16:11:04 Europe/Moscow] PHP Notice:  Undefined variable: linkmethod in /home/retsolme/public_html/getprice.by/kasko/leads.php on line 28
[22-Mar-2018 17:28:50 Europe/Moscow] PHP Notice:  Undefined variable: name in /home/retsolme/public_html/getprice.by/kasko/leads.php on line 16
[22-Mar-2018 17:28:50 Europe/Moscow] PHP Notice:  Undefined variable: marka in /home/retsolme/public_html/getprice.by/kasko/leads.php on line 23
[22-Mar-2018 17:28:50 Europe/Moscow] PHP Notice:  Undefined variable: model in /home/retsolme/public_html/getprice.by/kasko/leads.php on line 24
[22-Mar-2018 17:28:50 Europe/Moscow] PHP Notice:  Undefined variable: year in /home/retsolme/public_html/getprice.by/kasko/leads.php on line 25
[22-Mar-2018 17:28:50 Europe/Moscow] PHP Notice:  Undefined variable: stazh in /home/retsolme/public_html/getprice.by/kasko/leads.php on line 26
[22-Mar-2018 17:28:50 Europe/Moscow] PHP Notice:  Undefined variable: region in /home/retsolme/public_html/getprice.by/kasko/leads.php on line 27
[22-Mar-2018 17:28:50 Europe/Moscow] PHP Notice:  Undefined variable: linkmethod in /home/retsolme/public_html/getprice.by/kasko/leads.php on line 28
[22-Mar-2018 17:29:05 Europe/Moscow] PHP Notice:  Undefined variable: name in /home/retsolme/public_html/getprice.by/kasko/leads.php on line 16
[22-Mar-2018 17:29:05 Europe/Moscow] PHP Notice:  Undefined variable: marka in /home/retsolme/public_html/getprice.by/kasko/leads.php on line 23
[22-Mar-2018 17:29:05 Europe/Moscow] PHP Notice:  Undefined variable: model in /home/retsolme/public_html/getprice.by/kasko/leads.php on line 24
[22-Mar-2018 17:29:05 Europe/Moscow] PHP Notice:  Undefined variable: year in /home/retsolme/public_html/getprice.by/kasko/leads.php on line 25
[22-Mar-2018 17:29:05 Europe/Moscow] PHP Notice:  Undefined variable: stazh in /home/retsolme/public_html/getprice.by/kasko/leads.php on line 26
[22-Mar-2018 17:29:05 Europe/Moscow] PHP Notice:  Undefined variable: region in /home/retsolme/public_html/getprice.by/kasko/leads.php on line 27
[22-Mar-2018 17:29:05 Europe/Moscow] PHP Notice:  Undefined variable: linkmethod in /home/retsolme/public_html/getprice.by/kasko/leads.php on line 28
[22-Mar-2018 17:29:26 Europe/Moscow] PHP Notice:  Undefined variable: name in /home/retsolme/public_html/getprice.by/kasko/leads.php on line 16
[22-Mar-2018 17:29:26 Europe/Moscow] PHP Notice:  Undefined variable: marka in /home/retsolme/public_html/getprice.by/kasko/leads.php on line 23
[22-Mar-2018 17:29:26 Europe/Moscow] PHP Notice:  Undefined variable: model in /home/retsolme/public_html/getprice.by/kasko/leads.php on line 24
[22-Mar-2018 17:29:26 Europe/Moscow] PHP Notice:  Undefined variable: year in /home/retsolme/public_html/getprice.by/kasko/leads.php on line 25
[22-Mar-2018 17:29:26 Europe/Moscow] PHP Notice:  Undefined variable: stazh in /home/retsolme/public_html/getprice.by/kasko/leads.php on line 26
[22-Mar-2018 17:29:26 Europe/Moscow] PHP Notice:  Undefined variable: region in /home/retsolme/public_html/getprice.by/kasko/leads.php on line 27
[22-Mar-2018 17:29:26 Europe/Moscow] PHP Notice:  Undefined variable: linkmethod in /home/retsolme/public_html/getprice.by/kasko/leads.php on line 28
[23-Mar-2018 10:29:10 Europe/Moscow] PHP Notice:  Undefined variable: name in /home/retsolme/public_html/getprice.by/kasko/leads.php on line 16
[23-Mar-2018 13:23:29 Europe/Moscow] PHP Notice:  Undefined variable: name in /home/retsolme/public_html/getprice.by/kasko/leads.php on line 16
[23-Mar-2018 14:01:41 Europe/Moscow] PHP Notice:  Undefined variable: name in /home/retsolme/public_html/getprice.by/kasko/leads.php on line 16
[23-Mar-2018 14:01:41 Europe/Moscow] PHP Notice:  Undefined variable: marka in /home/retsolme/public_html/getprice.by/kasko/leads.php on line 23
[23-Mar-2018 14:01:41 Europe/Moscow] PHP Notice:  Undefined variable: stazh in /home/retsolme/public_html/getprice.by/kasko/leads.php on line 26
[23-Mar-2018 14:01:41 Europe/Moscow] PHP Notice:  Undefined variable: region in /home/retsolme/public_html/getprice.by/kasko/leads.php on line 27
[23-Mar-2018 15:17:13 Europe/Moscow] PHP Notice:  Undefined variable: name in /home/retsolme/public_html/getprice.by/kasko/leads.php on line 16
[23-Mar-2018 15:48:45 Europe/Moscow] PHP Notice:  Undefined variable: name in /home/retsolme/public_html/getprice.by/kasko/leads.php on line 16
[23-Mar-2018 15:48:45 Europe/Moscow] PHP Notice:  Undefined variable: stazh in /home/retsolme/public_html/getprice.by/kasko/leads.php on line 26
[23-Mar-2018 15:53:58 Europe/Moscow] PHP Notice:  Undefined variable: name in /home/retsolme/public_html/getprice.by/kasko/leads.php on line 16
[23-Mar-2018 15:53:58 Europe/Moscow] PHP Notice:  Undefined variable: linkmethod in /home/retsolme/public_html/getprice.by/kasko/leads.php on line 28
[23-Mar-2018 16:43:32 Europe/Moscow] PHP Notice:  Undefined variable: name in /home/retsolme/public_html/getprice.by/kasko/leads.php on line 16
[23-Mar-2018 16:43:32 Europe/Moscow] PHP Notice:  Undefined variable: linkmethod in /home/retsolme/public_html/getprice.by/kasko/leads.php on line 28
[23-Mar-2018 17:46:31 Europe/Moscow] PHP Notice:  Undefined variable: name in /home/retsolme/public_html/getprice.by/kasko/leads.php on line 16
[23-Mar-2018 18:28:37 Europe/Moscow] PHP Notice:  Undefined variable: name in /home/retsolme/public_html/getprice.by/kasko/leads.php on line 16
[23-Mar-2018 18:28:37 Europe/Moscow] PHP Notice:  Undefined variable: stazh in /home/retsolme/public_html/getprice.by/kasko/leads.php on line 26
[23-Mar-2018 19:30:30 Europe/Moscow] PHP Notice:  Undefined variable: name in /home/retsolme/public_html/getprice.by/kasko/leads.php on line 16
[24-Mar-2018 10:29:40 Europe/Moscow] PHP Notice:  Undefined variable: name in /home/retsolme/public_html/getprice.by/kasko/leads.php on line 16
[24-Mar-2018 12:50:50 Europe/Moscow] PHP Notice:  Undefined variable: name in /home/retsolme/public_html/getprice.by/kasko/leads.php on line 16
[25-Mar-2018 13:07:21 Europe/Moscow] PHP Notice:  Undefined variable: name in /home/retsolme/public_html/getprice.by/kasko/leads.php on line 16
[25-Mar-2018 15:06:31 Europe/Moscow] PHP Notice:  Undefined variable: name in /home/retsolme/public_html/getprice.by/kasko/leads.php on line 16
[25-Mar-2018 15:06:31 Europe/Moscow] PHP Notice:  Undefined variable: stazh in /home/retsolme/public_html/getprice.by/kasko/leads.php on line 26
[25-Mar-2018 15:06:31 Europe/Moscow] PHP Notice:  Undefined variable: region in /home/retsolme/public_html/getprice.by/kasko/leads.php on line 27
[25-Mar-2018 15:42:59 Europe/Moscow] PHP Notice:  Undefined variable: name in /home/retsolme/public_html/getprice.by/kasko/leads.php on line 16
[25-Mar-2018 15:42:59 Europe/Moscow] PHP Notice:  Undefined variable: linkmethod in /home/retsolme/public_html/getprice.by/kasko/leads.php on line 28
[25-Mar-2018 15:47:50 Europe/Moscow] PHP Notice:  Undefined variable: name in /home/retsolme/public_html/getprice.by/kasko/leads.php on line 16
[25-Mar-2018 16:27:51 Europe/Moscow] PHP Notice:  Undefined variable: name in /home/retsolme/public_html/getprice.by/kasko/leads.php on line 16
[25-Mar-2018 16:27:51 Europe/Moscow] PHP Notice:  Undefined variable: stazh in /home/retsolme/public_html/getprice.by/kasko/leads.php on line 26
[25-Mar-2018 16:27:51 Europe/Moscow] PHP Notice:  Undefined variable: region in /home/retsolme/public_html/getprice.by/kasko/leads.php on line 27
[25-Mar-2018 16:56:49 Europe/Moscow] PHP Notice:  Undefined variable: name in /home/retsolme/public_html/getprice.by/kasko/leads.php on line 16
[25-Mar-2018 18:12:02 Europe/Moscow] PHP Notice:  Undefined variable: name in /home/retsolme/public_html/getprice.by/kasko/leads.php on line 16
[25-Mar-2018 18:21:49 Europe/Moscow] PHP Notice:  Undefined variable: name in /home/retsolme/public_html/getprice.by/kasko/leads.php on line 16
[25-Mar-2018 18:21:49 Europe/Moscow] PHP Notice:  Undefined variable: linkmethod in /home/retsolme/public_html/getprice.by/kasko/leads.php on line 28
[25-Mar-2018 20:12:34 Europe/Moscow] PHP Notice:  Undefined variable: name in /home/retsolme/public_html/getprice.by/kasko/leads.php on line 16
[25-Mar-2018 20:12:34 Europe/Moscow] PHP Notice:  Undefined variable: stazh in /home/retsolme/public_html/getprice.by/kasko/leads.php on line 26
[25-Mar-2018 20:12:34 Europe/Moscow] PHP Notice:  Undefined variable: region in /home/retsolme/public_html/getprice.by/kasko/leads.php on line 27
[26-Mar-2018 12:00:34 Europe/Moscow] PHP Notice:  Undefined variable: marka in /home/retsolme/public_html/getprice.by/kasko/leads.php on line 23
[26-Mar-2018 12:00:34 Europe/Moscow] PHP Notice:  Undefined variable: model in /home/retsolme/public_html/getprice.by/kasko/leads.php on line 24
[26-Mar-2018 12:00:34 Europe/Moscow] PHP Notice:  Undefined variable: year in /home/retsolme/public_html/getprice.by/kasko/leads.php on line 25
[26-Mar-2018 12:00:34 Europe/Moscow] PHP Notice:  Undefined variable: stazh in /home/retsolme/public_html/getprice.by/kasko/leads.php on line 26
[26-Mar-2018 12:00:34 Europe/Moscow] PHP Notice:  Undefined variable: region in /home/retsolme/public_html/getprice.by/kasko/leads.php on line 27
[26-Mar-2018 12:00:34 Europe/Moscow] PHP Notice:  Undefined variable: linkmethod in /home/retsolme/public_html/getprice.by/kasko/leads.php on line 28
[26-Mar-2018 13:49:42 Europe/Moscow] PHP Notice:  Undefined variable: name in /home/retsolme/public_html/getprice.by/kasko/leads.php on line 16
[26-Mar-2018 13:53:21 Europe/Moscow] PHP Notice:  Undefined variable: name in /home/retsolme/public_html/getprice.by/kasko/leads.php on line 16
[26-Mar-2018 13:53:21 Europe/Moscow] PHP Notice:  Undefined variable: linkmethod in /home/retsolme/public_html/getprice.by/kasko/leads.php on line 28
[26-Mar-2018 15:32:53 Europe/Moscow] PHP Notice:  Undefined variable: name in /home/retsolme/public_html/getprice.by/kasko/leads.php on line 16
[26-Mar-2018 15:32:53 Europe/Moscow] PHP Notice:  Undefined variable: stazh in /home/retsolme/public_html/getprice.by/kasko/leads.php on line 26
[26-Mar-2018 15:32:53 Europe/Moscow] PHP Notice:  Undefined variable: region in /home/retsolme/public_html/getprice.by/kasko/leads.php on line 27
[26-Mar-2018 15:32:53 Europe/Moscow] PHP Notice:  Undefined variable: linkmethod in /home/retsolme/public_html/getprice.by/kasko/leads.php on line 28
[27-Mar-2018 09:17:30 Europe/Moscow] PHP Notice:  Undefined variable: name in /home/retsolme/public_html/getprice.by/kasko/leads.php on line 16
[27-Mar-2018 10:56:59 Europe/Moscow] PHP Notice:  Undefined variable: name in /home/retsolme/public_html/getprice.by/kasko/leads.php on line 16
[27-Mar-2018 12:04:32 Europe/Moscow] PHP Notice:  Undefined variable: name in /home/retsolme/public_html/getprice.by/kasko/leads.php on line 16
[27-Mar-2018 13:41:59 Europe/Moscow] PHP Notice:  Undefined variable: name in /home/retsolme/public_html/getprice.by/kasko/leads.php on line 16
[27-Mar-2018 15:10:26 Europe/Moscow] PHP Notice:  Undefined variable: name in /home/retsolme/public_html/getprice.by/kasko/leads.php on line 16
[27-Mar-2018 15:10:26 Europe/Moscow] PHP Notice:  Undefined variable: stazh in /home/retsolme/public_html/getprice.by/kasko/leads.php on line 26
[27-Mar-2018 15:10:26 Europe/Moscow] PHP Notice:  Undefined variable: region in /home/retsolme/public_html/getprice.by/kasko/leads.php on line 27
[27-Mar-2018 15:10:26 Europe/Moscow] PHP Notice:  Undefined variable: linkmethod in /home/retsolme/public_html/getprice.by/kasko/leads.php on line 28
[27-Mar-2018 21:02:55 Europe/Moscow] PHP Notice:  Undefined variable: name in /home/retsolme/public_html/getprice.by/kasko/leads.php on line 16
[28-Mar-2018 09:22:58 Europe/Moscow] PHP Notice:  Undefined variable: name in /home/retsolme/public_html/getprice.by/kasko/leads.php on line 16
[28-Mar-2018 10:55:37 Europe/Moscow] PHP Notice:  Undefined variable: name in /home/retsolme/public_html/getprice.by/kasko/leads.php on line 16
[28-Mar-2018 10:55:37 Europe/Moscow] PHP Notice:  Undefined variable: marka in /home/retsolme/public_html/getprice.by/kasko/leads.php on line 23
[28-Mar-2018 10:55:37 Europe/Moscow] PHP Notice:  Undefined variable: model in /home/retsolme/public_html/getprice.by/kasko/leads.php on line 24
[28-Mar-2018 10:55:37 Europe/Moscow] PHP Notice:  Undefined variable: year in /home/retsolme/public_html/getprice.by/kasko/leads.php on line 25
[28-Mar-2018 10:55:37 Europe/Moscow] PHP Notice:  Undefined variable: region in /home/retsolme/public_html/getprice.by/kasko/leads.php on line 27
[28-Mar-2018 12:22:31 Europe/Moscow] PHP Notice:  Undefined variable: name in /home/retsolme/public_html/getprice.by/kasko/leads.php on line 16
[28-Mar-2018 14:09:33 Europe/Moscow] PHP Notice:  Undefined variable: name in /home/retsolme/public_html/getprice.by/kasko/leads.php on line 16
[28-Mar-2018 14:34:52 Europe/Moscow] PHP Notice:  Undefined variable: name in /home/retsolme/public_html/getprice.by/kasko/leads.php on line 16
[28-Mar-2018 14:57:50 Europe/Moscow] PHP Notice:  Undefined variable: name in /home/retsolme/public_html/getprice.by/kasko/leads.php on line 16
[28-Mar-2018 16:14:04 Europe/Moscow] PHP Notice:  Undefined variable: name in /home/retsolme/public_html/getprice.by/kasko/leads.php on line 16
[28-Mar-2018 16:14:04 Europe/Moscow] PHP Notice:  Undefined variable: stazh in /home/retsolme/public_html/getprice.by/kasko/leads.php on line 26
[28-Mar-2018 16:14:04 Europe/Moscow] PHP Notice:  Undefined variable: region in /home/retsolme/public_html/getprice.by/kasko/leads.php on line 27
[28-Mar-2018 17:59:43 Europe/Moscow] PHP Notice:  Undefined variable: name in /home/retsolme/public_html/getprice.by/kasko/leads.php on line 16
[28-Mar-2018 21:35:03 Europe/Moscow] PHP Notice:  Undefined variable: name in /home/retsolme/public_html/getprice.by/kasko/leads.php on line 16
[28-Mar-2018 21:35:03 Europe/Moscow] PHP Notice:  Undefined variable: stazh in /home/retsolme/public_html/getprice.by/kasko/leads.php on line 26
[28-Mar-2018 21:35:03 Europe/Moscow] PHP Notice:  Undefined variable: region in /home/retsolme/public_html/getprice.by/kasko/leads.php on line 27
[29-Mar-2018 10:12:43 Europe/Moscow] PHP Notice:  Undefined variable: name in /home/retsolme/public_html/getprice.by/kasko/leads.php on line 16
[29-Mar-2018 10:23:42 Europe/Moscow] PHP Notice:  Undefined variable: name in /home/retsolme/public_html/getprice.by/kasko/leads.php on line 16
[29-Mar-2018 11:27:48 Europe/Moscow] PHP Notice:  Undefined variable: name in /home/retsolme/public_html/getprice.by/kasko/leads.php on line 16
[29-Mar-2018 11:39:21 Europe/Moscow] PHP Notice:  Undefined variable: name in /home/retsolme/public_html/getprice.by/kasko/leads.php on line 16
[29-Mar-2018 11:39:21 Europe/Moscow] PHP Notice:  Undefined variable: stazh in /home/retsolme/public_html/getprice.by/kasko/leads.php on line 26
[29-Mar-2018 11:39:21 Europe/Moscow] PHP Notice:  Undefined variable: linkmethod in /home/retsolme/public_html/getprice.by/kasko/leads.php on line 28
[29-Mar-2018 15:49:11 Europe/Moscow] PHP Notice:  Undefined variable: name in /home/retsolme/public_html/getprice.by/kasko/leads.php on line 16
[29-Mar-2018 16:05:59 Europe/Moscow] PHP Notice:  Undefined variable: name in /home/retsolme/public_html/getprice.by/kasko/leads.php on line 16
[29-Mar-2018 16:52:47 Europe/Moscow] PHP Notice:  Undefined variable: name in /home/retsolme/public_html/getprice.by/kasko/leads.php on line 16
[29-Mar-2018 19:01:26 Europe/Moscow] PHP Notice:  Undefined variable: name in /home/retsolme/public_html/getprice.by/kasko/leads.php on line 16
[29-Mar-2018 19:01:26 Europe/Moscow] PHP Notice:  Undefined variable: linkmethod in /home/retsolme/public_html/getprice.by/kasko/leads.php on line 28
[29-Mar-2018 22:57:38 Europe/Moscow] PHP Notice:  Undefined variable: name in /home/retsolme/public_html/getprice.by/kasko/leads.php on line 16
[29-Mar-2018 22:57:38 Europe/Moscow] PHP Notice:  Undefined variable: linkmethod in /home/retsolme/public_html/getprice.by/kasko/leads.php on line 28
[30-Mar-2018 11:46:57 Europe/Moscow] PHP Notice:  Undefined variable: name in /home/retsolme/public_html/getprice.by/kasko/leads.php on line 16
[30-Mar-2018 11:46:57 Europe/Moscow] PHP Notice:  Undefined variable: stazh in /home/retsolme/public_html/getprice.by/kasko/leads.php on line 26
[30-Mar-2018 11:46:57 Europe/Moscow] PHP Notice:  Undefined variable: region in /home/retsolme/public_html/getprice.by/kasko/leads.php on line 27
[30-Mar-2018 12:31:52 Europe/Moscow] PHP Notice:  Undefined variable: name in /home/retsolme/public_html/getprice.by/kasko/leads.php on line 16
[30-Mar-2018 13:05:53 Europe/Moscow] PHP Notice:  Undefined variable: name in /home/retsolme/public_html/getprice.by/kasko/leads.php on line 16
[30-Mar-2018 17:15:07 Europe/Moscow] PHP Notice:  Undefined variable: name in /home/retsolme/public_html/getprice.by/kasko/leads.php on line 16
[30-Mar-2018 23:42:00 Europe/Moscow] PHP Notice:  Undefined variable: name in /home/retsolme/public_html/getprice.by/kasko/leads.php on line 16
[31-Mar-2018 13:21:34 Europe/Moscow] PHP Notice:  Undefined variable: name in /home/retsolme/public_html/getprice.by/kasko/leads.php on line 16
[31-Mar-2018 13:49:35 Europe/Moscow] PHP Notice:  Undefined variable: name in /home/retsolme/public_html/getprice.by/kasko/leads.php on line 16
[31-Mar-2018 17:11:24 Europe/Moscow] PHP Notice:  Undefined variable: name in /home/retsolme/public_html/getprice.by/kasko/leads.php on line 16
[31-Mar-2018 17:11:24 Europe/Moscow] PHP Notice:  Undefined variable: linkmethod in /home/retsolme/public_html/getprice.by/kasko/leads.php on line 28
[31-Mar-2018 17:14:34 Europe/Moscow] PHP Notice:  Undefined variable: marka in /home/retsolme/public_html/getprice.by/kasko/leads.php on line 23
[31-Mar-2018 17:14:34 Europe/Moscow] PHP Notice:  Undefined variable: model in /home/retsolme/public_html/getprice.by/kasko/leads.php on line 24
[31-Mar-2018 17:14:34 Europe/Moscow] PHP Notice:  Undefined variable: year in /home/retsolme/public_html/getprice.by/kasko/leads.php on line 25
[31-Mar-2018 17:14:34 Europe/Moscow] PHP Notice:  Undefined variable: stazh in /home/retsolme/public_html/getprice.by/kasko/leads.php on line 26
[31-Mar-2018 17:14:34 Europe/Moscow] PHP Notice:  Undefined variable: region in /home/retsolme/public_html/getprice.by/kasko/leads.php on line 27
[31-Mar-2018 17:14:34 Europe/Moscow] PHP Notice:  Undefined variable: linkmethod in /home/retsolme/public_html/getprice.by/kasko/leads.php on line 28
[31-Mar-2018 20:59:31 Europe/Moscow] PHP Notice:  Undefined variable: name in /home/retsolme/public_html/getprice.by/kasko/leads.php on line 16
[01-Apr-2018 11:34:48 Europe/Moscow] PHP Notice:  Undefined variable: name in /home/retsolme/public_html/getprice.by/kasko/leads.php on line 16
[01-Apr-2018 11:46:27 Europe/Moscow] PHP Notice:  Undefined variable: name in /home/retsolme/public_html/getprice.by/kasko/leads.php on line 16
[01-Apr-2018 18:39:35 Europe/Moscow] PHP Notice:  Undefined variable: name in /home/retsolme/public_html/getprice.by/kasko/leads.php on line 16
[01-Apr-2018 18:41:36 Europe/Moscow] PHP Notice:  Undefined variable: name in /home/retsolme/public_html/getprice.by/kasko/leads.php on line 16
[01-Apr-2018 18:53:42 Europe/Moscow] PHP Notice:  Undefined variable: name in /home/retsolme/public_html/getprice.by/kasko/leads.php on line 16
[01-Apr-2018 20:29:46 Europe/Moscow] PHP Notice:  Undefined variable: name in /home/retsolme/public_html/getprice.by/kasko/leads.php on line 16
[01-Apr-2018 20:29:46 Europe/Moscow] PHP Notice:  Undefined variable: linkmethod in /home/retsolme/public_html/getprice.by/kasko/leads.php on line 28
[01-Apr-2018 22:54:49 Europe/Moscow] PHP Notice:  Undefined variable: name in /home/retsolme/public_html/getprice.by/kasko/leads.php on line 16
[02-Apr-2018 11:10:22 Europe/Moscow] PHP Notice:  Undefined variable: name in /home/retsolme/public_html/getprice.by/kasko/leads.php on line 16
[02-Apr-2018 12:07:37 Europe/Moscow] PHP Notice:  Undefined variable: name in /home/retsolme/public_html/getprice.by/kasko/leads.php on line 16
[02-Apr-2018 12:07:37 Europe/Moscow] PHP Notice:  Undefined variable: linkmethod in /home/retsolme/public_html/getprice.by/kasko/leads.php on line 28
[02-Apr-2018 13:18:47 Europe/Moscow] PHP Notice:  Undefined variable: name in /home/retsolme/public_html/getprice.by/kasko/leads.php on line 16
[02-Apr-2018 13:18:47 Europe/Moscow] PHP Notice:  Undefined variable: stazh in /home/retsolme/public_html/getprice.by/kasko/leads.php on line 26
[02-Apr-2018 13:30:20 Europe/Moscow] PHP Notice:  Undefined variable: name in /home/retsolme/public_html/getprice.by/kasko/leads.php on line 16
[02-Apr-2018 16:38:18 Europe/Moscow] PHP Notice:  Undefined variable: name in /home/retsolme/public_html/getprice.by/kasko/leads.php on line 16
[02-Apr-2018 16:38:18 Europe/Moscow] PHP Notice:  Undefined variable: linkmethod in /home/retsolme/public_html/getprice.by/kasko/leads.php on line 28
[02-Apr-2018 17:38:19 Europe/Moscow] PHP Notice:  Undefined variable: name in /home/retsolme/public_html/getprice.by/kasko/leads.php on line 16
[02-Apr-2018 21:38:04 Europe/Moscow] PHP Notice:  Undefined variable: name in /home/retsolme/public_html/getprice.by/kasko/leads.php on line 16
[03-Apr-2018 11:58:14 Europe/Moscow] PHP Notice:  Undefined variable: name in /home/retsolme/public_html/getprice.by/kasko/leads.php on line 16
[03-Apr-2018 13:02:55 Europe/Moscow] PHP Notice:  Undefined variable: name in /home/retsolme/public_html/getprice.by/kasko/leads.php on line 16
[03-Apr-2018 15:36:08 Europe/Moscow] PHP Notice:  Undefined variable: name in /home/retsolme/public_html/getprice.by/kasko/leads.php on line 16
[03-Apr-2018 15:36:08 Europe/Moscow] PHP Notice:  Undefined variable: stazh in /home/retsolme/public_html/getprice.by/kasko/leads.php on line 26
[03-Apr-2018 15:36:08 Europe/Moscow] PHP Notice:  Undefined variable: region in /home/retsolme/public_html/getprice.by/kasko/leads.php on line 27
[03-Apr-2018 16:40:25 Europe/Moscow] PHP Notice:  Undefined variable: name in /home/retsolme/public_html/getprice.by/kasko/leads.php on line 16
[03-Apr-2018 16:40:25 Europe/Moscow] PHP Notice:  Undefined variable: stazh in /home/retsolme/public_html/getprice.by/kasko/leads.php on line 26
[03-Apr-2018 16:40:25 Europe/Moscow] PHP Notice:  Undefined variable: region in /home/retsolme/public_html/getprice.by/kasko/leads.php on line 27
[03-Apr-2018 18:21:36 Europe/Moscow] PHP Notice:  Undefined variable: name in /home/retsolme/public_html/getprice.by/kasko/leads.php on line 16
[03-Apr-2018 18:38:09 Europe/Moscow] PHP Notice:  Undefined variable: name in /home/retsolme/public_html/getprice.by/kasko/leads.php on line 16
[03-Apr-2018 20:30:37 Europe/Moscow] PHP Notice:  Undefined variable: name in /home/retsolme/public_html/getprice.by/kasko/leads.php on line 16
[03-Apr-2018 20:30:37 Europe/Moscow] PHP Notice:  Undefined variable: linkmethod in /home/retsolme/public_html/getprice.by/kasko/leads.php on line 28
[03-Apr-2018 20:37:06 Europe/Moscow] PHP Notice:  Undefined variable: name in /home/retsolme/public_html/getprice.by/kasko/leads.php on line 16
[03-Apr-2018 20:57:12 Europe/Moscow] PHP Notice:  Undefined variable: name in /home/retsolme/public_html/getprice.by/kasko/leads.php on line 16
[03-Apr-2018 20:57:12 Europe/Moscow] PHP Notice:  Undefined variable: region in /home/retsolme/public_html/getprice.by/kasko/leads.php on line 27
[03-Apr-2018 21:07:44 Europe/Moscow] PHP Notice:  Undefined variable: name in /home/retsolme/public_html/getprice.by/kasko/leads.php on line 16
[04-Apr-2018 10:02:37 Europe/Moscow] PHP Notice:  Undefined variable: name in /home/retsolme/public_html/getprice.by/kasko/leads.php on line 16
[04-Apr-2018 11:30:12 Europe/Moscow] PHP Notice:  Undefined variable: name in /home/retsolme/public_html/getprice.by/kasko/leads.php on line 16
[04-Apr-2018 11:56:13 Europe/Moscow] PHP Notice:  Undefined variable: name in /home/retsolme/public_html/getprice.by/kasko/leads.php on line 16
[04-Apr-2018 12:01:24 Europe/Moscow] PHP Notice:  Undefined variable: name in /home/retsolme/public_html/getprice.by/kasko/leads.php on line 16
[04-Apr-2018 13:34:35 Europe/Moscow] PHP Notice:  Undefined variable: name in /home/retsolme/public_html/getprice.by/kasko/leads.php on line 16
[04-Apr-2018 13:34:35 Europe/Moscow] PHP Notice:  Undefined variable: region in /home/retsolme/public_html/getprice.by/kasko/leads.php on line 27
[04-Apr-2018 15:11:35 Europe/Moscow] PHP Notice:  Undefined variable: name in /home/retsolme/public_html/getprice.by/kasko/leads.php on line 16
[04-Apr-2018 16:53:37 Europe/Moscow] PHP Notice:  Undefined variable: name in /home/retsolme/public_html/getprice.by/kasko/leads.php on line 16
[04-Apr-2018 19:19:45 Europe/Moscow] PHP Notice:  Undefined variable: name in /home/retsolme/public_html/getprice.by/kasko/leads.php on line 16
[04-Apr-2018 19:19:45 Europe/Moscow] PHP Notice:  Undefined variable: stazh in /home/retsolme/public_html/getprice.by/kasko/leads.php on line 26
[04-Apr-2018 20:14:13 Europe/Moscow] PHP Notice:  Undefined variable: name in /home/retsolme/public_html/getprice.by/kasko/leads.php on line 16
[05-Apr-2018 17:34:36 Europe/Moscow] PHP Notice:  Undefined variable: name in /home/retsolme/public_html/getprice.by/kasko/leads.php on line 16
[05-Apr-2018 20:30:59 Europe/Moscow] PHP Notice:  Undefined variable: name in /home/retsolme/public_html/getprice.by/kasko/leads.php on line 16
[05-Apr-2018 21:09:11 Europe/Moscow] PHP Notice:  Undefined variable: name in /home/retsolme/public_html/getprice.by/kasko/leads.php on line 16
[05-Apr-2018 21:09:11 Europe/Moscow] PHP Notice:  Undefined variable: stazh in /home/retsolme/public_html/getprice.by/kasko/leads.php on line 26
[05-Apr-2018 23:21:02 Europe/Moscow] PHP Notice:  Undefined variable: name in /home/retsolme/public_html/getprice.by/kasko/leads.php on line 16
[06-Apr-2018 10:13:18 Europe/Moscow] PHP Notice:  Undefined variable: name in /home/retsolme/public_html/getprice.by/kasko/leads.php on line 16
[06-Apr-2018 10:13:19 Europe/Moscow] PHP Notice:  Undefined variable: linkmethod in /home/retsolme/public_html/getprice.by/kasko/leads.php on line 28
[06-Apr-2018 10:14:25 Europe/Moscow] PHP Notice:  Undefined variable: marka in /home/retsolme/public_html/getprice.by/kasko/leads.php on line 23
[06-Apr-2018 10:14:25 Europe/Moscow] PHP Notice:  Undefined variable: model in /home/retsolme/public_html/getprice.by/kasko/leads.php on line 24
[06-Apr-2018 10:14:25 Europe/Moscow] PHP Notice:  Undefined variable: year in /home/retsolme/public_html/getprice.by/kasko/leads.php on line 25
[06-Apr-2018 10:14:25 Europe/Moscow] PHP Notice:  Undefined variable: stazh in /home/retsolme/public_html/getprice.by/kasko/leads.php on line 26
[06-Apr-2018 10:14:25 Europe/Moscow] PHP Notice:  Undefined variable: region in /home/retsolme/public_html/getprice.by/kasko/leads.php on line 27
[06-Apr-2018 10:14:25 Europe/Moscow] PHP Notice:  Undefined variable: linkmethod in /home/retsolme/public_html/getprice.by/kasko/leads.php on line 28
[06-Apr-2018 12:41:07 Europe/Moscow] PHP Notice:  Undefined variable: name in /home/retsolme/public_html/getprice.by/kasko/leads.php on line 16
[06-Apr-2018 12:41:07 Europe/Moscow] PHP Notice:  Undefined variable: marka in /home/retsolme/public_html/getprice.by/kasko/leads.php on line 23
[06-Apr-2018 12:41:07 Europe/Moscow] PHP Notice:  Undefined variable: model in /home/retsolme/public_html/getprice.by/kasko/leads.php on line 24
[06-Apr-2018 12:41:07 Europe/Moscow] PHP Notice:  Undefined variable: year in /home/retsolme/public_html/getprice.by/kasko/leads.php on line 25
[06-Apr-2018 12:41:07 Europe/Moscow] PHP Notice:  Undefined variable: stazh in /home/retsolme/public_html/getprice.by/kasko/leads.php on line 26
[06-Apr-2018 12:41:07 Europe/Moscow] PHP Notice:  Undefined variable: region in /home/retsolme/public_html/getprice.by/kasko/leads.php on line 27
[07-Apr-2018 11:59:42 Europe/Moscow] PHP Notice:  Undefined variable: name in /home/retsolme/public_html/getprice.by/kasko/leads.php on line 16
[07-Apr-2018 11:59:42 Europe/Moscow] PHP Notice:  Undefined variable: linkmethod in /home/retsolme/public_html/getprice.by/kasko/leads.php on line 28
[07-Apr-2018 17:16:53 Europe/Moscow] PHP Notice:  Undefined variable: name in /home/retsolme/public_html/getprice.by/kasko/leads.php on line 16
[08-Apr-2018 11:14:09 Europe/Moscow] PHP Notice:  Undefined variable: name in /home/retsolme/public_html/getprice.by/kasko/leads.php on line 16
[08-Apr-2018 16:17:35 Europe/Moscow] PHP Notice:  Undefined variable: name in /home/retsolme/public_html/getprice.by/kasko/leads.php on line 16
[08-Apr-2018 17:59:38 Europe/Moscow] PHP Notice:  Undefined variable: name in /home/retsolme/public_html/getprice.by/kasko/leads.php on line 16
[08-Apr-2018 17:59:38 Europe/Moscow] PHP Notice:  Undefined variable: linkmethod in /home/retsolme/public_html/getprice.by/kasko/leads.php on line 28
[08-Apr-2018 19:59:11 Europe/Moscow] PHP Notice:  Undefined variable: name in /home/retsolme/public_html/getprice.by/kasko/leads.php on line 16
[08-Apr-2018 19:59:11 Europe/Moscow] PHP Notice:  Undefined variable: stazh in /home/retsolme/public_html/getprice.by/kasko/leads.php on line 26
[08-Apr-2018 19:59:11 Europe/Moscow] PHP Notice:  Undefined variable: region in /home/retsolme/public_html/getprice.by/kasko/leads.php on line 27
[08-Apr-2018 20:46:27 Europe/Moscow] PHP Notice:  Undefined variable: name in /home/retsolme/public_html/getprice.by/kasko/leads.php on line 16
[08-Apr-2018 20:46:27 Europe/Moscow] PHP Notice:  Undefined variable: region in /home/retsolme/public_html/getprice.by/kasko/leads.php on line 27
[08-Apr-2018 20:46:27 Europe/Moscow] PHP Notice:  Undefined variable: linkmethod in /home/retsolme/public_html/getprice.by/kasko/leads.php on line 28
[08-Apr-2018 22:44:50 Europe/Moscow] PHP Notice:  Undefined variable: name in /home/retsolme/public_html/getprice.by/kasko/leads.php on line 16
[08-Apr-2018 23:57:16 Europe/Moscow] PHP Notice:  Undefined variable: name in /home/retsolme/public_html/getprice.by/kasko/leads.php on line 16
[09-Apr-2018 11:07:39 Europe/Moscow] PHP Notice:  Undefined variable: name in /home/retsolme/public_html/getprice.by/kasko/leads.php on line 16
[09-Apr-2018 13:19:07 Europe/Moscow] PHP Notice:  Undefined variable: name in /home/retsolme/public_html/getprice.by/kasko/leads.php on line 16
[09-Apr-2018 14:33:25 Europe/Moscow] PHP Notice:  Undefined variable: name in /home/retsolme/public_html/getprice.by/kasko/leads.php on line 16
[09-Apr-2018 14:33:25 Europe/Moscow] PHP Notice:  Undefined variable: linkmethod in /home/retsolme/public_html/getprice.by/kasko/leads.php on line 28
[09-Apr-2018 15:00:02 Europe/Moscow] PHP Notice:  Undefined variable: name in /home/retsolme/public_html/getprice.by/kasko/leads.php on line 16
[09-Apr-2018 18:34:19 Europe/Moscow] PHP Notice:  Undefined variable: name in /home/retsolme/public_html/getprice.by/kasko/leads.php on line 16
[09-Apr-2018 19:25:18 Europe/Moscow] PHP Notice:  Undefined variable: name in /home/retsolme/public_html/getprice.by/kasko/leads.php on line 16
[10-Apr-2018 10:35:26 Europe/Moscow] PHP Notice:  Undefined variable: name in /home/retsolme/public_html/getprice.by/kasko/leads.php on line 16
[10-Apr-2018 10:35:26 Europe/Moscow] PHP Notice:  Undefined variable: stazh in /home/retsolme/public_html/getprice.by/kasko/leads.php on line 26
[10-Apr-2018 11:41:37 Europe/Moscow] PHP Notice:  Undefined variable: name in /home/retsolme/public_html/getprice.by/kasko/leads.php on line 16
[10-Apr-2018 11:41:37 Europe/Moscow] PHP Notice:  Undefined variable: region in /home/retsolme/public_html/getprice.by/kasko/leads.php on line 27
[10-Apr-2018 12:55:19 Europe/Moscow] PHP Notice:  Undefined variable: name in /home/retsolme/public_html/getprice.by/kasko/leads.php on line 16
[10-Apr-2018 13:03:28 Europe/Moscow] PHP Notice:  Undefined variable: name in /home/retsolme/public_html/getprice.by/kasko/leads.php on line 16
[10-Apr-2018 13:08:51 Europe/Moscow] PHP Notice:  Undefined variable: name in /home/retsolme/public_html/getprice.by/kasko/leads.php on line 16
[10-Apr-2018 14:46:23 Europe/Moscow] PHP Notice:  Undefined variable: name in /home/retsolme/public_html/getprice.by/kasko/leads.php on line 16
[10-Apr-2018 15:20:44 Europe/Moscow] PHP Notice:  Undefined variable: name in /home/retsolme/public_html/getprice.by/kasko/leads.php on line 16
[10-Apr-2018 16:57:06 Europe/Moscow] PHP Notice:  Undefined variable: name in /home/retsolme/public_html/getprice.by/kasko/leads.php on line 16
[10-Apr-2018 20:02:29 Europe/Moscow] PHP Notice:  Undefined variable: name in /home/retsolme/public_html/getprice.by/kasko/leads.php on line 16
[11-Apr-2018 10:18:22 Europe/Moscow] PHP Notice:  Undefined variable: name in /home/retsolme/public_html/getprice.by/kasko/leads.php on line 16
[11-Apr-2018 12:37:54 Europe/Moscow] PHP Notice:  Undefined variable: name in /home/retsolme/public_html/getprice.by/kasko/leads.php on line 16
[11-Apr-2018 12:37:54 Europe/Moscow] PHP Notice:  Undefined variable: linkmethod in /home/retsolme/public_html/getprice.by/kasko/leads.php on line 28
[11-Apr-2018 12:41:34 Europe/Moscow] PHP Notice:  Undefined variable: name in /home/retsolme/public_html/getprice.by/kasko/leads.php on line 16
[11-Apr-2018 13:15:35 Europe/Moscow] PHP Notice:  Undefined variable: name in /home/retsolme/public_html/getprice.by/kasko/leads.php on line 16
[11-Apr-2018 13:43:24 Europe/Moscow] PHP Notice:  Undefined variable: name in /home/retsolme/public_html/getprice.by/kasko/leads.php on line 16
[11-Apr-2018 13:43:24 Europe/Moscow] PHP Notice:  Undefined variable: marka in /home/retsolme/public_html/getprice.by/kasko/leads.php on line 23
[11-Apr-2018 13:43:24 Europe/Moscow] PHP Notice:  Undefined variable: model in /home/retsolme/public_html/getprice.by/kasko/leads.php on line 24
[11-Apr-2018 13:43:24 Europe/Moscow] PHP Notice:  Undefined variable: year in /home/retsolme/public_html/getprice.by/kasko/leads.php on line 25
[11-Apr-2018 13:43:24 Europe/Moscow] PHP Notice:  Undefined variable: stazh in /home/retsolme/public_html/getprice.by/kasko/leads.php on line 26
[11-Apr-2018 13:43:24 Europe/Moscow] PHP Notice:  Undefined variable: region in /home/retsolme/public_html/getprice.by/kasko/leads.php on line 27
[11-Apr-2018 13:43:24 Europe/Moscow] PHP Notice:  Undefined variable: linkmethod in /home/retsolme/public_html/getprice.by/kasko/leads.php on line 28
[11-Apr-2018 15:22:25 Europe/Moscow] PHP Notice:  Undefined variable: name in /home/retsolme/public_html/getprice.by/kasko/leads.php on line 16
[11-Apr-2018 17:08:30 Europe/Moscow] PHP Notice:  Undefined variable: name in /home/retsolme/public_html/getprice.by/kasko/leads.php on line 16
[11-Apr-2018 17:08:30 Europe/Moscow] PHP Notice:  Undefined variable: stazh in /home/retsolme/public_html/getprice.by/kasko/leads.php on line 26
[11-Apr-2018 17:08:30 Europe/Moscow] PHP Notice:  Undefined variable: region in /home/retsolme/public_html/getprice.by/kasko/leads.php on line 27
[13-Apr-2018 10:35:38 Europe/Moscow] PHP Notice:  Undefined variable: name in /home/retsolme/public_html/getprice.by/kasko/leads.php on line 16
[13-Apr-2018 10:35:38 Europe/Moscow] PHP Notice:  Undefined variable: stazh in /home/retsolme/public_html/getprice.by/kasko/leads.php on line 26
[13-Apr-2018 10:35:38 Europe/Moscow] PHP Notice:  Undefined variable: region in /home/retsolme/public_html/getprice.by/kasko/leads.php on line 27
[13-Apr-2018 13:17:21 Europe/Moscow] PHP Notice:  Undefined variable: name in /home/retsolme/public_html/getprice.by/kasko/leads.php on line 16
[13-Apr-2018 13:17:21 Europe/Moscow] PHP Notice:  Undefined variable: linkmethod in /home/retsolme/public_html/getprice.by/kasko/leads.php on line 28
[13-Apr-2018 13:56:54 Europe/Moscow] PHP Notice:  Undefined variable: name in /home/retsolme/public_html/getprice.by/kasko/leads.php on line 16
[13-Apr-2018 13:56:54 Europe/Moscow] PHP Notice:  Undefined variable: stazh in /home/retsolme/public_html/getprice.by/kasko/leads.php on line 26
[13-Apr-2018 13:56:54 Europe/Moscow] PHP Notice:  Undefined variable: region in /home/retsolme/public_html/getprice.by/kasko/leads.php on line 27
[13-Apr-2018 21:08:01 Europe/Moscow] PHP Notice:  Undefined variable: name in /home/retsolme/public_html/getprice.by/kasko/leads.php on line 16
[13-Apr-2018 22:57:52 Europe/Moscow] PHP Notice:  Undefined variable: name in /home/retsolme/public_html/getprice.by/kasko/leads.php on line 16
[14-Apr-2018 13:44:18 Europe/Moscow] PHP Notice:  Undefined variable: name in /home/retsolme/public_html/getprice.by/kasko/leads.php on line 16
[14-Apr-2018 20:13:02 Europe/Moscow] PHP Notice:  Undefined variable: name in /home/retsolme/public_html/getprice.by/kasko/leads.php on line 16
[14-Apr-2018 20:13:02 Europe/Moscow] PHP Notice:  Undefined variable: stazh in /home/retsolme/public_html/getprice.by/kasko/leads.php on line 26
[14-Apr-2018 20:13:02 Europe/Moscow] PHP Notice:  Undefined variable: region in /home/retsolme/public_html/getprice.by/kasko/leads.php on line 27
[14-Apr-2018 20:13:02 Europe/Moscow] PHP Notice:  Undefined variable: linkmethod in /home/retsolme/public_html/getprice.by/kasko/leads.php on line 28
[14-Apr-2018 23:16:21 Europe/Moscow] PHP Notice:  Undefined variable: name in /home/retsolme/public_html/getprice.by/kasko/leads.php on line 16
[16-Apr-2018 19:33:47 Europe/Moscow] PHP Notice:  Undefined variable: marka in /home/retsolme/public_html/getprice.by/kasko/leads.php on line 23
[16-Apr-2018 19:33:47 Europe/Moscow] PHP Notice:  Undefined variable: model in /home/retsolme/public_html/getprice.by/kasko/leads.php on line 24
[16-Apr-2018 19:33:47 Europe/Moscow] PHP Notice:  Undefined variable: year in /home/retsolme/public_html/getprice.by/kasko/leads.php on line 25
[16-Apr-2018 19:33:47 Europe/Moscow] PHP Notice:  Undefined variable: stazh in /home/retsolme/public_html/getprice.by/kasko/leads.php on line 26
[16-Apr-2018 19:33:47 Europe/Moscow] PHP Notice:  Undefined variable: region in /home/retsolme/public_html/getprice.by/kasko/leads.php on line 27
[16-Apr-2018 19:33:47 Europe/Moscow] PHP Notice:  Undefined variable: linkmethod in /home/retsolme/public_html/getprice.by/kasko/leads.php on line 28
[18-Apr-2018 11:18:12 Europe/Moscow] PHP Notice:  Undefined variable: name in /home/retsolme/public_html/getprice.by/kasko/leads.php on line 16
[18-Apr-2018 17:41:07 Europe/Moscow] PHP Notice:  Undefined variable: name in /home/retsolme/public_html/getprice.by/kasko/leads.php on line 16
[18-Apr-2018 17:41:07 Europe/Moscow] PHP Notice:  Undefined variable: region in /home/retsolme/public_html/getprice.by/kasko/leads.php on line 27
[18-Apr-2018 18:26:53 Europe/Moscow] PHP Notice:  Undefined variable: name in /home/retsolme/public_html/getprice.by/kasko/leads.php on line 16
[18-Apr-2018 18:26:53 Europe/Moscow] PHP Notice:  Undefined variable: region in /home/retsolme/public_html/getprice.by/kasko/leads.php on line 27
[18-Apr-2018 20:01:15 Europe/Moscow] PHP Notice:  Undefined variable: marka in /home/retsolme/public_html/getprice.by/kasko/leads.php on line 23
[18-Apr-2018 20:01:15 Europe/Moscow] PHP Notice:  Undefined variable: model in /home/retsolme/public_html/getprice.by/kasko/leads.php on line 24
[18-Apr-2018 20:01:15 Europe/Moscow] PHP Notice:  Undefined variable: year in /home/retsolme/public_html/getprice.by/kasko/leads.php on line 25
[18-Apr-2018 20:01:15 Europe/Moscow] PHP Notice:  Undefined variable: stazh in /home/retsolme/public_html/getprice.by/kasko/leads.php on line 26
[18-Apr-2018 20:01:15 Europe/Moscow] PHP Notice:  Undefined variable: region in /home/retsolme/public_html/getprice.by/kasko/leads.php on line 27
[18-Apr-2018 20:01:15 Europe/Moscow] PHP Notice:  Undefined variable: linkmethod in /home/retsolme/public_html/getprice.by/kasko/leads.php on line 28
[19-Apr-2018 09:32:38 Europe/Moscow] PHP Notice:  Undefined variable: name in /home/retsolme/public_html/getprice.by/kasko/leads.php on line 16
[19-Apr-2018 09:34:45 Europe/Moscow] PHP Notice:  Undefined variable: name in /home/retsolme/public_html/getprice.by/kasko/leads.php on line 16
[19-Apr-2018 12:17:44 Europe/Moscow] PHP Notice:  Undefined variable: name in /home/retsolme/public_html/getprice.by/kasko/leads.php on line 16
[19-Apr-2018 12:17:44 Europe/Moscow] PHP Notice:  Undefined variable: region in /home/retsolme/public_html/getprice.by/kasko/leads.php on line 27
[19-Apr-2018 12:29:54 Europe/Moscow] PHP Notice:  Undefined variable: name in /home/retsolme/public_html/getprice.by/kasko/leads.php on line 16
[19-Apr-2018 12:38:25 Europe/Moscow] PHP Notice:  Undefined variable: name in /home/retsolme/public_html/getprice.by/kasko/leads.php on line 16
[19-Apr-2018 14:21:55 Europe/Moscow] PHP Notice:  Undefined variable: name in /home/retsolme/public_html/getprice.by/kasko/leads.php on line 16
[19-Apr-2018 16:19:40 Europe/Moscow] PHP Notice:  Undefined variable: name in /home/retsolme/public_html/getprice.by/kasko/leads.php on line 16
[19-Apr-2018 16:19:40 Europe/Moscow] PHP Notice:  Undefined variable: region in /home/retsolme/public_html/getprice.by/kasko/leads.php on line 27
[19-Apr-2018 16:48:53 Europe/Moscow] PHP Notice:  Undefined variable: name in /home/retsolme/public_html/getprice.by/kasko/leads.php on line 16
[19-Apr-2018 16:48:53 Europe/Moscow] PHP Notice:  Undefined variable: marka in /home/retsolme/public_html/getprice.by/kasko/leads.php on line 23
[19-Apr-2018 16:48:53 Europe/Moscow] PHP Notice:  Undefined variable: model in /home/retsolme/public_html/getprice.by/kasko/leads.php on line 24
[19-Apr-2018 16:48:53 Europe/Moscow] PHP Notice:  Undefined variable: region in /home/retsolme/public_html/getprice.by/kasko/leads.php on line 27
[20-Apr-2018 10:34:38 Europe/Moscow] PHP Notice:  Undefined variable: name in /home/retsolme/public_html/getprice.by/kasko/leads.php on line 16
[20-Apr-2018 10:34:38 Europe/Moscow] PHP Notice:  Undefined variable: year in /home/retsolme/public_html/getprice.by/kasko/leads.php on line 25
[20-Apr-2018 10:46:48 Europe/Moscow] PHP Notice:  Undefined variable: name in /home/retsolme/public_html/getprice.by/kasko/leads.php on line 16
[20-Apr-2018 10:46:48 Europe/Moscow] PHP Notice:  Undefined variable: region in /home/retsolme/public_html/getprice.by/kasko/leads.php on line 27
[21-Apr-2018 12:18:58 Europe/Moscow] PHP Notice:  Undefined variable: name in /home/retsolme/public_html/getprice.by/kasko/leads.php on line 16
[21-Apr-2018 13:45:22 Europe/Moscow] PHP Notice:  Undefined variable: name in /home/retsolme/public_html/getprice.by/kasko/leads.php on line 16
[21-Apr-2018 13:45:22 Europe/Moscow] PHP Notice:  Undefined variable: region in /home/retsolme/public_html/getprice.by/kasko/leads.php on line 27
[22-Apr-2018 12:29:48 Europe/Moscow] PHP Notice:  Undefined variable: name in /home/retsolme/public_html/getprice.by/kasko/leads.php on line 16
[22-Apr-2018 15:14:24 Europe/Moscow] PHP Notice:  Undefined variable: name in /home/retsolme/public_html/getprice.by/kasko/leads.php on line 16
[22-Apr-2018 18:18:02 Europe/Moscow] PHP Notice:  Undefined variable: name in /home/retsolme/public_html/getprice.by/kasko/leads.php on line 16
[23-Apr-2018 10:12:05 Europe/Moscow] PHP Notice:  Undefined variable: name in /home/retsolme/public_html/getprice.by/kasko/leads.php on line 16
[23-Apr-2018 10:20:23 Europe/Moscow] PHP Notice:  Undefined variable: name in /home/retsolme/public_html/getprice.by/kasko/leads.php on line 16
[23-Apr-2018 10:20:23 Europe/Moscow] PHP Notice:  Undefined variable: region in /home/retsolme/public_html/getprice.by/kasko/leads.php on line 27
[23-Apr-2018 16:02:53 Europe/Moscow] PHP Notice:  Undefined variable: name in /home/retsolme/public_html/getprice.by/kasko/leads.php on line 16
[23-Apr-2018 16:02:53 Europe/Moscow] PHP Notice:  Undefined variable: region in /home/retsolme/public_html/getprice.by/kasko/leads.php on line 27
[23-Apr-2018 16:34:34 Europe/Moscow] PHP Notice:  Undefined variable: name in /home/retsolme/public_html/getprice.by/kasko/leads.php on line 16
[23-Apr-2018 18:22:23 Europe/Moscow] PHP Notice:  Undefined variable: name in /home/retsolme/public_html/getprice.by/kasko/leads.php on line 16
[23-Apr-2018 19:08:33 Europe/Moscow] PHP Notice:  Undefined variable: name in /home/retsolme/public_html/getprice.by/kasko/leads.php on line 16
[23-Apr-2018 22:05:22 Europe/Moscow] PHP Notice:  Undefined variable: name in /home/retsolme/public_html/getprice.by/kasko/leads.php on line 16
[23-Apr-2018 22:05:22 Europe/Moscow] PHP Notice:  Undefined variable: region in /home/retsolme/public_html/getprice.by/kasko/leads.php on line 27
[24-Apr-2018 11:06:03 Europe/Moscow] PHP Notice:  Undefined variable: name in /home/retsolme/public_html/getprice.by/kasko/leads.php on line 16
[24-Apr-2018 16:22:59 Europe/Moscow] PHP Notice:  Undefined variable: name in /home/retsolme/public_html/getprice.by/kasko/leads.php on line 16
[24-Apr-2018 16:22:59 Europe/Moscow] PHP Notice:  Undefined variable: linkmethod in /home/retsolme/public_html/getprice.by/kasko/leads.php on line 28
[24-Apr-2018 20:36:33 Europe/Moscow] PHP Notice:  Undefined variable: name in /home/retsolme/public_html/getprice.by/kasko/leads.php on line 16
[25-Apr-2018 10:32:37 Europe/Moscow] PHP Notice:  Undefined variable: name in /home/retsolme/public_html/getprice.by/kasko/leads.php on line 16
[25-Apr-2018 20:26:15 Europe/Moscow] PHP Notice:  Undefined variable: name in /home/retsolme/public_html/getprice.by/kasko/leads.php on line 16
[26-Apr-2018 09:24:12 Europe/Moscow] PHP Notice:  Undefined variable: name in /home/retsolme/public_html/getprice.by/kasko/leads.php on line 16
[26-Apr-2018 10:08:57 Europe/Moscow] PHP Notice:  Undefined variable: name in /home/retsolme/public_html/getprice.by/kasko/leads.php on line 16
[26-Apr-2018 10:08:57 Europe/Moscow] PHP Notice:  Undefined variable: linkmethod in /home/retsolme/public_html/getprice.by/kasko/leads.php on line 28
[26-Apr-2018 11:51:50 Europe/Moscow] PHP Notice:  Undefined variable: name in /home/retsolme/public_html/getprice.by/kasko/leads.php on line 16
[26-Apr-2018 11:51:50 Europe/Moscow] PHP Notice:  Undefined variable: region in /home/retsolme/public_html/getprice.by/kasko/leads.php on line 27
[26-Apr-2018 14:44:58 Europe/Moscow] PHP Notice:  Undefined variable: name in /home/retsolme/public_html/getprice.by/kasko/leads.php on line 16
[26-Apr-2018 15:33:10 Europe/Moscow] PHP Notice:  Undefined variable: name in /home/retsolme/public_html/getprice.by/kasko/leads.php on line 16
[26-Apr-2018 18:01:52 Europe/Moscow] PHP Notice:  Undefined variable: name in /home/retsolme/public_html/getprice.by/kasko/leads.php on line 16
[26-Apr-2018 19:19:14 Europe/Moscow] PHP Notice:  Undefined variable: name in /home/retsolme/public_html/getprice.by/kasko/leads.php on line 16
[26-Apr-2018 19:24:08 Europe/Moscow] PHP Notice:  Undefined variable: marka in /home/retsolme/public_html/getprice.by/kasko/leads.php on line 23
[26-Apr-2018 19:24:08 Europe/Moscow] PHP Notice:  Undefined variable: model in /home/retsolme/public_html/getprice.by/kasko/leads.php on line 24
[26-Apr-2018 19:24:08 Europe/Moscow] PHP Notice:  Undefined variable: year in /home/retsolme/public_html/getprice.by/kasko/leads.php on line 25
[26-Apr-2018 19:24:08 Europe/Moscow] PHP Notice:  Undefined variable: stazh in /home/retsolme/public_html/getprice.by/kasko/leads.php on line 26
[26-Apr-2018 19:24:08 Europe/Moscow] PHP Notice:  Undefined variable: region in /home/retsolme/public_html/getprice.by/kasko/leads.php on line 27
[26-Apr-2018 19:24:08 Europe/Moscow] PHP Notice:  Undefined variable: linkmethod in /home/retsolme/public_html/getprice.by/kasko/leads.php on line 28
[27-Apr-2018 19:38:05 Europe/Moscow] PHP Notice:  Undefined variable: name in /home/retsolme/public_html/getprice.by/kasko/leads.php on line 16
[27-Apr-2018 19:38:05 Europe/Moscow] PHP Notice:  Undefined variable: linkmethod in /home/retsolme/public_html/getprice.by/kasko/leads.php on line 28
[27-Apr-2018 23:23:36 Europe/Moscow] PHP Notice:  Undefined variable: name in /home/retsolme/public_html/getprice.by/kasko/leads.php on line 16
[27-Apr-2018 23:23:36 Europe/Moscow] PHP Notice:  Undefined variable: region in /home/retsolme/public_html/getprice.by/kasko/leads.php on line 27
[28-Apr-2018 10:49:47 Europe/Moscow] PHP Notice:  Undefined variable: name in /home/retsolme/public_html/getprice.by/kasko/leads.php on line 16
[02-May-2018 12:15:12 Europe/Moscow] PHP Notice:  Undefined variable: name in /home/retsolme/public_html/getprice.by/kasko/leads.php on line 16
[02-May-2018 14:03:24 Europe/Moscow] PHP Notice:  Undefined variable: name in /home/retsolme/public_html/getprice.by/kasko/leads.php on line 16
[02-May-2018 14:44:42 Europe/Moscow] PHP Notice:  Undefined variable: name in /home/retsolme/public_html/getprice.by/kasko/leads.php on line 16
[02-May-2018 22:58:41 Europe/Moscow] PHP Notice:  Undefined variable: name in /home/retsolme/public_html/getprice.by/kasko/leads.php on line 16
[02-May-2018 22:58:41 Europe/Moscow] PHP Notice:  Undefined variable: region in /home/retsolme/public_html/getprice.by/kasko/leads.php on line 27
[03-May-2018 14:26:19 Europe/Moscow] PHP Notice:  Undefined variable: name in /home/retsolme/public_html/getprice.by/kasko/leads.php on line 16
[03-May-2018 16:26:01 Europe/Moscow] PHP Notice:  Undefined variable: name in /home/retsolme/public_html/getprice.by/kasko/leads.php on line 16
[03-May-2018 16:26:01 Europe/Moscow] PHP Notice:  Undefined variable: region in /home/retsolme/public_html/getprice.by/kasko/leads.php on line 27
[03-May-2018 19:10:22 Europe/Moscow] PHP Notice:  Undefined variable: name in /home/retsolme/public_html/getprice.by/kasko/leads.php on line 16
[03-May-2018 22:16:19 Europe/Moscow] PHP Notice:  Undefined variable: name in /home/retsolme/public_html/getprice.by/kasko/leads.php on line 16
[04-May-2018 07:17:00 Europe/Moscow] PHP Notice:  Undefined variable: name in /home/retsolme/public_html/getprice.by/kasko/leads.php on line 16
[04-May-2018 12:08:42 Europe/Moscow] PHP Notice:  Undefined variable: name in /home/retsolme/public_html/getprice.by/kasko/leads.php on line 16
[05-May-2018 12:47:31 Europe/Moscow] PHP Notice:  Undefined variable: name in /home/retsolme/public_html/getprice.by/kasko/leads.php on line 16
[05-May-2018 12:47:31 Europe/Moscow] PHP Notice:  Undefined variable: stazh in /home/retsolme/public_html/getprice.by/kasko/leads.php on line 26
[05-May-2018 12:47:31 Europe/Moscow] PHP Notice:  Undefined variable: region in /home/retsolme/public_html/getprice.by/kasko/leads.php on line 27
[05-May-2018 12:47:31 Europe/Moscow] PHP Notice:  Undefined variable: linkmethod in /home/retsolme/public_html/getprice.by/kasko/leads.php on line 28
[05-May-2018 17:07:00 Europe/Moscow] PHP Notice:  Undefined variable: name in /home/retsolme/public_html/getprice.by/kasko/leads.php on line 16
[05-May-2018 19:23:26 Europe/Moscow] PHP Notice:  Undefined variable: name in /home/retsolme/public_html/getprice.by/kasko/leads.php on line 16
[05-May-2018 19:23:26 Europe/Moscow] PHP Notice:  Undefined variable: marka in /home/retsolme/public_html/getprice.by/kasko/leads.php on line 23
[05-May-2018 19:23:26 Europe/Moscow] PHP Notice:  Undefined variable: model in /home/retsolme/public_html/getprice.by/kasko/leads.php on line 24
[05-May-2018 19:23:26 Europe/Moscow] PHP Notice:  Undefined variable: stazh in /home/retsolme/public_html/getprice.by/kasko/leads.php on line 26
[05-May-2018 19:23:26 Europe/Moscow] PHP Notice:  Undefined variable: linkmethod in /home/retsolme/public_html/getprice.by/kasko/leads.php on line 28
[05-May-2018 20:38:07 Europe/Moscow] PHP Notice:  Undefined variable: name in /home/retsolme/public_html/getprice.by/kasko/leads.php on line 16
[05-May-2018 21:15:28 Europe/Moscow] PHP Notice:  Undefined variable: name in /home/retsolme/public_html/getprice.by/kasko/leads.php on line 16
[05-May-2018 21:40:53 Europe/Moscow] PHP Notice:  Undefined variable: name in /home/retsolme/public_html/getprice.by/kasko/leads.php on line 16
[05-May-2018 21:40:53 Europe/Moscow] PHP Notice:  Undefined variable: stazh in /home/retsolme/public_html/getprice.by/kasko/leads.php on line 26
[05-May-2018 21:40:53 Europe/Moscow] PHP Notice:  Undefined variable: region in /home/retsolme/public_html/getprice.by/kasko/leads.php on line 27
[05-May-2018 21:42:11 Europe/Moscow] PHP Notice:  Undefined variable: name in /home/retsolme/public_html/getprice.by/kasko/leads.php on line 16
[05-May-2018 21:44:34 Europe/Moscow] PHP Notice:  Undefined variable: marka in /home/retsolme/public_html/getprice.by/kasko/leads.php on line 23
[05-May-2018 21:44:34 Europe/Moscow] PHP Notice:  Undefined variable: model in /home/retsolme/public_html/getprice.by/kasko/leads.php on line 24
[05-May-2018 21:44:34 Europe/Moscow] PHP Notice:  Undefined variable: year in /home/retsolme/public_html/getprice.by/kasko/leads.php on line 25
[05-May-2018 21:44:34 Europe/Moscow] PHP Notice:  Undefined variable: stazh in /home/retsolme/public_html/getprice.by/kasko/leads.php on line 26
[05-May-2018 21:44:34 Europe/Moscow] PHP Notice:  Undefined variable: region in /home/retsolme/public_html/getprice.by/kasko/leads.php on line 27
[05-May-2018 21:44:34 Europe/Moscow] PHP Notice:  Undefined variable: linkmethod in /home/retsolme/public_html/getprice.by/kasko/leads.php on line 28
[05-May-2018 23:53:22 Europe/Moscow] PHP Notice:  Undefined variable: name in /home/retsolme/public_html/getprice.by/kasko/leads.php on line 16
[06-May-2018 09:51:26 Europe/Moscow] PHP Notice:  Undefined variable: name in /home/retsolme/public_html/getprice.by/kasko/leads.php on line 16
[06-May-2018 17:28:41 Europe/Moscow] PHP Notice:  Undefined variable: name in /home/retsolme/public_html/getprice.by/kasko/leads.php on line 16
[06-May-2018 23:57:38 Europe/Moscow] PHP Notice:  Undefined variable: name in /home/retsolme/public_html/getprice.by/kasko/leads.php on line 16
[07-May-2018 09:11:46 Europe/Moscow] PHP Notice:  Undefined variable: name in /home/retsolme/public_html/getprice.by/kasko/leads.php on line 16
[07-May-2018 17:26:43 Europe/Moscow] PHP Notice:  Undefined variable: name in /home/retsolme/public_html/getprice.by/kasko/leads.php on line 16
[07-May-2018 20:37:58 Europe/Moscow] PHP Notice:  Undefined variable: name in /home/retsolme/public_html/getprice.by/kasko/leads.php on line 16
[07-May-2018 21:07:07 Europe/Moscow] PHP Notice:  Undefined variable: name in /home/retsolme/public_html/getprice.by/kasko/leads.php on line 16
[08-May-2018 10:58:38 Europe/Moscow] PHP Notice:  Undefined variable: name in /home/retsolme/public_html/getprice.by/kasko/leads.php on line 16
[08-May-2018 17:42:50 Europe/Moscow] PHP Notice:  Undefined variable: name in /home/retsolme/public_html/getprice.by/kasko/leads.php on line 16
[08-May-2018 17:42:50 Europe/Moscow] PHP Notice:  Undefined variable: stazh in /home/retsolme/public_html/getprice.by/kasko/leads.php on line 26
[08-May-2018 17:42:50 Europe/Moscow] PHP Notice:  Undefined variable: region in /home/retsolme/public_html/getprice.by/kasko/leads.php on line 27
[08-May-2018 19:17:11 Europe/Moscow] PHP Notice:  Undefined variable: name in /home/retsolme/public_html/getprice.by/kasko/leads.php on line 16
[08-May-2018 19:28:29 Europe/Moscow] PHP Notice:  Undefined variable: name in /home/retsolme/public_html/getprice.by/kasko/leads.php on line 16
[08-May-2018 19:28:29 Europe/Moscow] PHP Notice:  Undefined variable: year in /home/retsolme/public_html/getprice.by/kasko/leads.php on line 25
[08-May-2018 19:28:29 Europe/Moscow] PHP Notice:  Undefined variable: region in /home/retsolme/public_html/getprice.by/kasko/leads.php on line 27
[08-May-2018 19:28:29 Europe/Moscow] PHP Notice:  Undefined variable: linkmethod in /home/retsolme/public_html/getprice.by/kasko/leads.php on line 28
[08-May-2018 22:13:32 Europe/Moscow] PHP Notice:  Undefined variable: name in /home/retsolme/public_html/getprice.by/kasko/leads.php on line 16
[08-May-2018 22:13:32 Europe/Moscow] PHP Notice:  Undefined variable: stazh in /home/retsolme/public_html/getprice.by/kasko/leads.php on line 26
[08-May-2018 22:13:32 Europe/Moscow] PHP Notice:  Undefined variable: region in /home/retsolme/public_html/getprice.by/kasko/leads.php on line 27
[08-May-2018 22:13:32 Europe/Moscow] PHP Notice:  Undefined variable: linkmethod in /home/retsolme/public_html/getprice.by/kasko/leads.php on line 28
[09-May-2018 11:53:45 Europe/Moscow] PHP Notice:  Undefined variable: name in /home/retsolme/public_html/getprice.by/kasko/leads.php on line 16
[09-May-2018 18:28:25 Europe/Moscow] PHP Notice:  Undefined variable: name in /home/retsolme/public_html/getprice.by/kasko/leads.php on line 16
[10-May-2018 10:17:24 Europe/Moscow] PHP Notice:  Undefined variable: name in /home/retsolme/public_html/getprice.by/kasko/leads.php on line 16
[10-May-2018 13:35:20 Europe/Moscow] PHP Notice:  Undefined variable: name in /home/retsolme/public_html/getprice.by/kasko/leads.php on line 16
[10-May-2018 13:35:20 Europe/Moscow] PHP Notice:  Undefined variable: linkmethod in /home/retsolme/public_html/getprice.by/kasko/leads.php on line 28
[10-May-2018 16:30:08 Europe/Moscow] PHP Notice:  Undefined variable: name in /home/retsolme/public_html/getprice.by/kasko/leads.php on line 16
[11-May-2018 09:08:44 Europe/Moscow] PHP Notice:  Undefined variable: name in /home/retsolme/public_html/getprice.by/kasko/leads.php on line 16
[11-May-2018 11:11:20 Europe/Moscow] PHP Notice:  Undefined variable: name in /home/retsolme/public_html/getprice.by/kasko/leads.php on line 16
[11-May-2018 11:11:20 Europe/Moscow] PHP Notice:  Undefined variable: marka in /home/retsolme/public_html/getprice.by/kasko/leads.php on line 23
[11-May-2018 11:11:20 Europe/Moscow] PHP Notice:  Undefined variable: model in /home/retsolme/public_html/getprice.by/kasko/leads.php on line 24
[11-May-2018 13:35:02 Europe/Moscow] PHP Notice:  Undefined variable: name in /home/retsolme/public_html/getprice.by/kasko/leads.php on line 16
[11-May-2018 13:35:02 Europe/Moscow] PHP Notice:  Undefined variable: stazh in /home/retsolme/public_html/getprice.by/kasko/leads.php on line 26
[11-May-2018 18:03:19 Europe/Moscow] PHP Notice:  Undefined variable: name in /home/retsolme/public_html/getprice.by/kasko/leads.php on line 16
[11-May-2018 18:03:19 Europe/Moscow] PHP Notice:  Undefined variable: stazh in /home/retsolme/public_html/getprice.by/kasko/leads.php on line 26
[11-May-2018 18:03:19 Europe/Moscow] PHP Notice:  Undefined variable: region in /home/retsolme/public_html/getprice.by/kasko/leads.php on line 27
[12-May-2018 12:18:56 Europe/Moscow] PHP Notice:  Undefined variable: name in /home/retsolme/public_html/getprice.by/kasko/leads.php on line 16
[12-May-2018 12:18:56 Europe/Moscow] PHP Notice:  Undefined variable: region in /home/retsolme/public_html/getprice.by/kasko/leads.php on line 27
[12-May-2018 12:18:56 Europe/Moscow] PHP Notice:  Undefined variable: linkmethod in /home/retsolme/public_html/getprice.by/kasko/leads.php on line 28
[12-May-2018 15:13:05 Europe/Moscow] PHP Notice:  Undefined variable: name in /home/retsolme/public_html/getprice.by/kasko/leads.php on line 16
[12-May-2018 15:13:06 Europe/Moscow] PHP Notice:  Undefined variable: region in /home/retsolme/public_html/getprice.by/kasko/leads.php on line 27
[13-May-2018 11:30:49 Europe/Moscow] PHP Notice:  Undefined variable: name in /home/retsolme/public_html/getprice.by/kasko/leads.php on line 16
[13-May-2018 19:37:38 Europe/Moscow] PHP Notice:  Undefined variable: name in /home/retsolme/public_html/getprice.by/kasko/leads.php on line 16
[14-May-2018 09:24:35 Europe/Moscow] PHP Notice:  Undefined variable: name in /home/retsolme/public_html/getprice.by/kasko/leads.php on line 16
[14-May-2018 09:24:35 Europe/Moscow] PHP Notice:  Undefined variable: linkmethod in /home/retsolme/public_html/getprice.by/kasko/leads.php on line 28
[14-May-2018 12:48:46 Europe/Moscow] PHP Notice:  Undefined variable: name in /home/retsolme/public_html/getprice.by/kasko/leads.php on line 16
[14-May-2018 14:18:41 Europe/Moscow] PHP Notice:  Undefined variable: name in /home/retsolme/public_html/getprice.by/kasko/leads.php on line 16
[15-May-2018 15:45:17 Europe/Moscow] PHP Notice:  Undefined variable: name in /home/retsolme/public_html/getprice.by/kasko/leads.php on line 16
[15-May-2018 20:37:23 Europe/Moscow] PHP Notice:  Undefined variable: name in /home/retsolme/public_html/getprice.by/kasko/leads.php on line 16
[16-May-2018 09:37:11 Europe/Moscow] PHP Notice:  Undefined variable: name in /home/retsolme/public_html/getprice.by/kasko/leads.php on line 16
[16-May-2018 10:34:58 Europe/Moscow] PHP Notice:  Undefined variable: name in /home/retsolme/public_html/getprice.by/kasko/leads.php on line 16
[16-May-2018 19:08:37 Europe/Moscow] PHP Notice:  Undefined variable: name in /home/retsolme/public_html/getprice.by/kasko/leads.php on line 16
[16-May-2018 19:47:57 Europe/Moscow] PHP Notice:  Undefined variable: name in /home/retsolme/public_html/getprice.by/kasko/leads.php on line 16
[17-May-2018 11:33:17 Europe/Moscow] PHP Notice:  Undefined variable: name in /home/retsolme/public_html/getprice.by/kasko/leads.php on line 16
[17-May-2018 16:21:34 Europe/Moscow] PHP Notice:  Undefined variable: name in /home/retsolme/public_html/getprice.by/kasko/leads.php on line 16
[17-May-2018 21:14:32 Europe/Moscow] PHP Notice:  Undefined variable: name in /home/retsolme/public_html/getprice.by/kasko/leads.php on line 16
[17-May-2018 22:25:13 Europe/Moscow] PHP Notice:  Undefined variable: name in /home/retsolme/public_html/getprice.by/kasko/leads.php on line 16
[18-May-2018 17:53:49 Europe/Moscow] PHP Notice:  Undefined variable: name in /home/retsolme/public_html/getprice.by/kasko/leads.php on line 16
[18-May-2018 21:44:41 Europe/Moscow] PHP Notice:  Undefined variable: name in /home/retsolme/public_html/getprice.by/kasko/leads.php on line 16
[18-May-2018 21:44:41 Europe/Moscow] PHP Notice:  Undefined variable: stazh in /home/retsolme/public_html/getprice.by/kasko/leads.php on line 26
[18-May-2018 21:44:41 Europe/Moscow] PHP Notice:  Undefined variable: region in /home/retsolme/public_html/getprice.by/kasko/leads.php on line 27
[18-May-2018 21:44:41 Europe/Moscow] PHP Notice:  Undefined variable: linkmethod in /home/retsolme/public_html/getprice.by/kasko/leads.php on line 28
[19-May-2018 13:48:52 Europe/Moscow] PHP Notice:  Undefined variable: name in /home/retsolme/public_html/getprice.by/kasko/leads.php on line 16
[19-May-2018 17:09:20 Europe/Moscow] PHP Notice:  Undefined variable: name in /home/retsolme/public_html/getprice.by/kasko/leads.php on line 16
[19-May-2018 17:33:51 Europe/Moscow] PHP Notice:  Undefined variable: name in /home/retsolme/public_html/getprice.by/kasko/leads.php on line 16
[19-May-2018 18:21:49 Europe/Moscow] PHP Notice:  Undefined variable: name in /home/retsolme/public_html/getprice.by/kasko/leads.php on line 16
[19-May-2018 20:17:02 Europe/Moscow] PHP Notice:  Undefined variable: name in /home/retsolme/public_html/getprice.by/kasko/leads.php on line 16
[21-May-2018 10:45:26 Europe/Moscow] PHP Notice:  Undefined variable: name in /home/retsolme/public_html/getprice.by/kasko/leads.php on line 16
[21-May-2018 11:08:07 Europe/Moscow] PHP Notice:  Undefined variable: name in /home/retsolme/public_html/getprice.by/kasko/leads.php on line 16
[21-May-2018 11:08:07 Europe/Moscow] PHP Notice:  Undefined variable: linkmethod in /home/retsolme/public_html/getprice.by/kasko/leads.php on line 28
[21-May-2018 11:11:48 Europe/Moscow] PHP Notice:  Undefined variable: marka in /home/retsolme/public_html/getprice.by/kasko/leads.php on line 23
[21-May-2018 11:11:48 Europe/Moscow] PHP Notice:  Undefined variable: model in /home/retsolme/public_html/getprice.by/kasko/leads.php on line 24
[21-May-2018 11:11:48 Europe/Moscow] PHP Notice:  Undefined variable: year in /home/retsolme/public_html/getprice.by/kasko/leads.php on line 25
[21-May-2018 11:11:48 Europe/Moscow] PHP Notice:  Undefined variable: stazh in /home/retsolme/public_html/getprice.by/kasko/leads.php on line 26
[21-May-2018 11:11:48 Europe/Moscow] PHP Notice:  Undefined variable: region in /home/retsolme/public_html/getprice.by/kasko/leads.php on line 27
[21-May-2018 11:11:48 Europe/Moscow] PHP Notice:  Undefined variable: linkmethod in /home/retsolme/public_html/getprice.by/kasko/leads.php on line 28
[21-May-2018 12:23:47 Europe/Moscow] PHP Notice:  Undefined variable: name in /home/retsolme/public_html/getprice.by/kasko/leads.php on line 16
[21-May-2018 12:57:38 Europe/Moscow] PHP Notice:  Undefined variable: name in /home/retsolme/public_html/getprice.by/kasko/leads.php on line 16
[21-May-2018 12:57:38 Europe/Moscow] PHP Notice:  Undefined variable: stazh in /home/retsolme/public_html/getprice.by/kasko/leads.php on line 26
[21-May-2018 12:57:38 Europe/Moscow] PHP Notice:  Undefined variable: region in /home/retsolme/public_html/getprice.by/kasko/leads.php on line 27
[21-May-2018 21:00:05 Europe/Moscow] PHP Notice:  Undefined variable: name in /home/retsolme/public_html/getprice.by/kasko/leads.php on line 16
[21-May-2018 21:18:27 Europe/Moscow] PHP Notice:  Undefined variable: name in /home/retsolme/public_html/getprice.by/kasko/leads.php on line 16
[21-May-2018 21:23:14 Europe/Moscow] PHP Notice:  Undefined variable: name in /home/retsolme/public_html/getprice.by/kasko/leads.php on line 16
[21-May-2018 21:23:14 Europe/Moscow] PHP Notice:  Undefined variable: region in /home/retsolme/public_html/getprice.by/kasko/leads.php on line 27
[22-May-2018 10:52:33 Europe/Moscow] PHP Notice:  Undefined variable: name in /home/retsolme/public_html/getprice.by/kasko/leads.php on line 16
[22-May-2018 15:11:26 Europe/Moscow] PHP Notice:  Undefined variable: name in /home/retsolme/public_html/getprice.by/kasko/leads.php on line 16
[22-May-2018 15:11:26 Europe/Moscow] PHP Notice:  Undefined variable: region in /home/retsolme/public_html/getprice.by/kasko/leads.php on line 27
[22-May-2018 18:00:29 Europe/Moscow] PHP Notice:  Undefined variable: name in /home/retsolme/public_html/getprice.by/kasko/leads.php on line 16
[22-May-2018 20:00:57 Europe/Moscow] PHP Notice:  Undefined variable: name in /home/retsolme/public_html/getprice.by/kasko/leads.php on line 16
[22-May-2018 21:37:14 Europe/Moscow] PHP Notice:  Undefined variable: name in /home/retsolme/public_html/getprice.by/kasko/leads.php on line 16
[23-May-2018 11:10:03 Europe/Moscow] PHP Notice:  Undefined variable: name in /home/retsolme/public_html/getprice.by/kasko/leads.php on line 16
[23-May-2018 11:10:03 Europe/Moscow] PHP Notice:  Undefined variable: stazh in /home/retsolme/public_html/getprice.by/kasko/leads.php on line 26
[23-May-2018 11:10:03 Europe/Moscow] PHP Notice:  Undefined variable: region in /home/retsolme/public_html/getprice.by/kasko/leads.php on line 27
[23-May-2018 14:58:36 Europe/Moscow] PHP Notice:  Undefined variable: name in /home/retsolme/public_html/getprice.by/kasko/leads.php on line 16
[23-May-2018 14:59:02 Europe/Moscow] PHP Notice:  Undefined variable: name in /home/retsolme/public_html/getprice.by/kasko/leads.php on line 16
[23-May-2018 14:59:02 Europe/Moscow] PHP Notice:  Undefined variable: marka in /home/retsolme/public_html/getprice.by/kasko/leads.php on line 23
[23-May-2018 14:59:02 Europe/Moscow] PHP Notice:  Undefined variable: model in /home/retsolme/public_html/getprice.by/kasko/leads.php on line 24
[23-May-2018 14:59:02 Europe/Moscow] PHP Notice:  Undefined variable: year in /home/retsolme/public_html/getprice.by/kasko/leads.php on line 25
[23-May-2018 14:59:02 Europe/Moscow] PHP Notice:  Undefined variable: stazh in /home/retsolme/public_html/getprice.by/kasko/leads.php on line 26
[23-May-2018 14:59:02 Europe/Moscow] PHP Notice:  Undefined variable: region in /home/retsolme/public_html/getprice.by/kasko/leads.php on line 27
[23-May-2018 14:59:02 Europe/Moscow] PHP Notice:  Undefined variable: linkmethod in /home/retsolme/public_html/getprice.by/kasko/leads.php on line 28
[23-May-2018 17:20:17 Europe/Moscow] PHP Notice:  Undefined variable: name in /home/retsolme/public_html/getprice.by/kasko/leads.php on line 16
[23-May-2018 17:20:17 Europe/Moscow] PHP Notice:  Undefined variable: stazh in /home/retsolme/public_html/getprice.by/kasko/leads.php on line 26
[23-May-2018 17:27:25 Europe/Moscow] PHP Notice:  Undefined variable: marka in /home/retsolme/public_html/getprice.by/kasko/leads.php on line 23
[23-May-2018 17:27:25 Europe/Moscow] PHP Notice:  Undefined variable: model in /home/retsolme/public_html/getprice.by/kasko/leads.php on line 24
[23-May-2018 17:27:25 Europe/Moscow] PHP Notice:  Undefined variable: year in /home/retsolme/public_html/getprice.by/kasko/leads.php on line 25
[23-May-2018 17:27:25 Europe/Moscow] PHP Notice:  Undefined variable: stazh in /home/retsolme/public_html/getprice.by/kasko/leads.php on line 26
[23-May-2018 17:27:25 Europe/Moscow] PHP Notice:  Undefined variable: region in /home/retsolme/public_html/getprice.by/kasko/leads.php on line 27
[23-May-2018 17:27:25 Europe/Moscow] PHP Notice:  Undefined variable: linkmethod in /home/retsolme/public_html/getprice.by/kasko/leads.php on line 28
[23-May-2018 17:50:01 Europe/Moscow] PHP Notice:  Undefined variable: name in /home/retsolme/public_html/getprice.by/kasko/leads.php on line 16
[23-May-2018 20:35:12 Europe/Moscow] PHP Notice:  Undefined variable: name in /home/retsolme/public_html/getprice.by/kasko/leads.php on line 16
[24-May-2018 14:41:06 Europe/Moscow] PHP Notice:  Undefined variable: name in /home/retsolme/public_html/getprice.by/kasko/leads.php on line 16
[24-May-2018 14:44:00 Europe/Moscow] PHP Notice:  Undefined variable: name in /home/retsolme/public_html/getprice.by/kasko/leads.php on line 16
[24-May-2018 22:38:34 Europe/Moscow] PHP Notice:  Undefined variable: name in /home/retsolme/public_html/getprice.by/kasko/leads.php on line 16
[24-May-2018 23:14:13 Europe/Moscow] PHP Notice:  Undefined variable: name in /home/retsolme/public_html/getprice.by/kasko/leads.php on line 16
[24-May-2018 23:14:13 Europe/Moscow] PHP Notice:  Undefined variable: region in /home/retsolme/public_html/getprice.by/kasko/leads.php on line 27
[25-May-2018 11:05:16 Europe/Moscow] PHP Notice:  Undefined variable: name in /home/retsolme/public_html/getprice.by/kasko/leads.php on line 16
[25-May-2018 11:05:16 Europe/Moscow] PHP Notice:  Undefined variable: linkmethod in /home/retsolme/public_html/getprice.by/kasko/leads.php on line 28
[25-May-2018 16:31:39 Europe/Moscow] PHP Notice:  Undefined variable: name in /home/retsolme/public_html/getprice.by/kasko/leads.php on line 16
[25-May-2018 19:11:32 Europe/Moscow] PHP Notice:  Undefined variable: name in /home/retsolme/public_html/getprice.by/kasko/leads.php on line 16
[26-May-2018 13:41:15 Europe/Moscow] PHP Notice:  Undefined variable: name in /home/retsolme/public_html/getprice.by/kasko/leads.php on line 16
[26-May-2018 22:47:33 Europe/Moscow] PHP Notice:  Undefined variable: name in /home/retsolme/public_html/getprice.by/kasko/leads.php on line 16
[26-May-2018 22:47:33 Europe/Moscow] PHP Notice:  Undefined variable: region in /home/retsolme/public_html/getprice.by/kasko/leads.php on line 27
[26-May-2018 22:47:33 Europe/Moscow] PHP Notice:  Undefined variable: linkmethod in /home/retsolme/public_html/getprice.by/kasko/leads.php on line 28
[27-May-2018 13:03:43 Europe/Moscow] PHP Notice:  Undefined variable: name in /home/retsolme/public_html/getprice.by/kasko/leads.php on line 16
[28-May-2018 10:06:02 Europe/Moscow] PHP Notice:  Undefined variable: name in /home/retsolme/public_html/getprice.by/kasko/leads.php on line 16
[31-May-2018 12:39:30 Europe/Moscow] PHP Notice:  Undefined variable: name in /home/retsolme/public_html/getprice.by/kasko/leads.php on line 16
[31-May-2018 12:39:30 Europe/Moscow] PHP Notice:  Undefined variable: marka in /home/retsolme/public_html/getprice.by/kasko/leads.php on line 23
[31-May-2018 12:39:30 Europe/Moscow] PHP Notice:  Undefined variable: region in /home/retsolme/public_html/getprice.by/kasko/leads.php on line 27
[31-May-2018 12:39:30 Europe/Moscow] PHP Notice:  Undefined variable: linkmethod in /home/retsolme/public_html/getprice.by/kasko/leads.php on line 28
[31-May-2018 17:22:34 Europe/Moscow] PHP Notice:  Undefined variable: name in /home/retsolme/public_html/getprice.by/kasko/leads.php on line 16
[31-May-2018 20:11:53 Europe/Moscow] PHP Notice:  Undefined variable: name in /home/retsolme/public_html/getprice.by/kasko/leads.php on line 16
[31-May-2018 20:48:52 Europe/Moscow] PHP Notice:  Undefined variable: name in /home/retsolme/public_html/getprice.by/kasko/leads.php on line 16
[31-May-2018 21:25:02 Europe/Moscow] PHP Notice:  Undefined variable: name in /home/retsolme/public_html/getprice.by/kasko/leads.php on line 16
[31-May-2018 21:25:02 Europe/Moscow] PHP Notice:  Undefined variable: region in /home/retsolme/public_html/getprice.by/kasko/leads.php on line 27
[01-Jun-2018 10:10:16 Europe/Moscow] PHP Notice:  Undefined variable: name in /home/retsolme/public_html/getprice.by/kasko/leads.php on line 16
[01-Jun-2018 18:49:56 Europe/Moscow] PHP Notice:  Undefined variable: name in /home/retsolme/public_html/getprice.by/kasko/leads.php on line 16
[01-Jun-2018 18:49:56 Europe/Moscow] PHP Notice:  Undefined variable: stazh in /home/retsolme/public_html/getprice.by/kasko/leads.php on line 26
[01-Jun-2018 18:49:56 Europe/Moscow] PHP Notice:  Undefined variable: region in /home/retsolme/public_html/getprice.by/kasko/leads.php on line 27
[01-Jun-2018 19:25:02 Europe/Moscow] PHP Notice:  Undefined variable: name in /home/retsolme/public_html/getprice.by/kasko/leads.php on line 16
[01-Jun-2018 19:25:02 Europe/Moscow] PHP Notice:  Undefined variable: linkmethod in /home/retsolme/public_html/getprice.by/kasko/leads.php on line 28
[01-Jun-2018 21:01:04 Europe/Moscow] PHP Notice:  Undefined variable: name in /home/retsolme/public_html/getprice.by/kasko/leads.php on line 16
[01-Jun-2018 21:01:04 Europe/Moscow] PHP Notice:  Undefined variable: linkmethod in /home/retsolme/public_html/getprice.by/kasko/leads.php on line 28
[02-Jun-2018 19:39:33 Europe/Moscow] PHP Notice:  Undefined variable: name in /home/retsolme/public_html/getprice.by/kasko/leads.php on line 16
[03-Jun-2018 08:13:47 Europe/Moscow] PHP Notice:  Undefined variable: name in /home/retsolme/public_html/getprice.by/kasko/leads.php on line 16
[03-Jun-2018 08:13:47 Europe/Moscow] PHP Notice:  Undefined variable: stazh in /home/retsolme/public_html/getprice.by/kasko/leads.php on line 26
[03-Jun-2018 08:13:47 Europe/Moscow] PHP Notice:  Undefined variable: region in /home/retsolme/public_html/getprice.by/kasko/leads.php on line 27
[03-Jun-2018 08:13:47 Europe/Moscow] PHP Notice:  Undefined variable: linkmethod in /home/retsolme/public_html/getprice.by/kasko/leads.php on line 28
[03-Jun-2018 14:55:37 Europe/Moscow] PHP Notice:  Undefined variable: name in /home/retsolme/public_html/getprice.by/kasko/leads.php on line 16
[03-Jun-2018 16:40:36 Europe/Moscow] PHP Notice:  Undefined variable: name in /home/retsolme/public_html/getprice.by/kasko/leads.php on line 16
[03-Jun-2018 20:45:51 Europe/Moscow] PHP Notice:  Undefined variable: name in /home/retsolme/public_html/getprice.by/kasko/leads.php on line 16
[03-Jun-2018 20:45:51 Europe/Moscow] PHP Notice:  Undefined variable: region in /home/retsolme/public_html/getprice.by/kasko/leads.php on line 27
[03-Jun-2018 23:26:50 Europe/Moscow] PHP Notice:  Undefined variable: name in /home/retsolme/public_html/getprice.by/kasko/leads.php on line 16
[03-Jun-2018 23:26:50 Europe/Moscow] PHP Notice:  Undefined variable: linkmethod in /home/retsolme/public_html/getprice.by/kasko/leads.php on line 28
[04-Jun-2018 11:31:33 Europe/Moscow] PHP Notice:  Undefined variable: name in /home/retsolme/public_html/getprice.by/kasko/leads.php on line 16
[04-Jun-2018 14:32:13 Europe/Moscow] PHP Notice:  Undefined variable: name in /home/retsolme/public_html/getprice.by/kasko/leads.php on line 16
[04-Jun-2018 22:09:28 Europe/Moscow] PHP Notice:  Undefined variable: name in /home/retsolme/public_html/getprice.by/kasko/leads.php on line 16
[04-Jun-2018 22:19:10 Europe/Moscow] PHP Notice:  Undefined variable: name in /home/retsolme/public_html/getprice.by/kasko/leads.php on line 16
[04-Jun-2018 22:19:10 Europe/Moscow] PHP Notice:  Undefined variable: stazh in /home/retsolme/public_html/getprice.by/kasko/leads.php on line 26
[04-Jun-2018 22:19:10 Europe/Moscow] PHP Notice:  Undefined variable: region in /home/retsolme/public_html/getprice.by/kasko/leads.php on line 27
[04-Jun-2018 22:20:33 Europe/Moscow] PHP Notice:  Undefined variable: name in /home/retsolme/public_html/getprice.by/kasko/leads.php on line 16
[04-Jun-2018 22:52:27 Europe/Moscow] PHP Notice:  Undefined variable: name in /home/retsolme/public_html/getprice.by/kasko/leads.php on line 16
[04-Jun-2018 23:29:19 Europe/Moscow] PHP Notice:  Undefined variable: name in /home/retsolme/public_html/getprice.by/kasko/leads.php on line 16
[05-Jun-2018 08:56:24 Europe/Moscow] PHP Notice:  Undefined variable: name in /home/retsolme/public_html/getprice.by/kasko/leads.php on line 16
[05-Jun-2018 08:56:24 Europe/Moscow] PHP Notice:  Undefined variable: region in /home/retsolme/public_html/getprice.by/kasko/leads.php on line 27
[05-Jun-2018 12:52:12 Europe/Moscow] PHP Notice:  Undefined variable: name in /home/retsolme/public_html/getprice.by/kasko/leads.php on line 16
[05-Jun-2018 19:43:36 Europe/Moscow] PHP Notice:  Undefined variable: name in /home/retsolme/public_html/getprice.by/kasko/leads.php on line 16
[05-Jun-2018 20:31:53 Europe/Moscow] PHP Notice:  Undefined variable: name in /home/retsolme/public_html/getprice.by/kasko/leads.php on line 16
[05-Jun-2018 20:31:53 Europe/Moscow] PHP Notice:  Undefined variable: region in /home/retsolme/public_html/getprice.by/kasko/leads.php on line 27
[05-Jun-2018 21:28:23 Europe/Moscow] PHP Notice:  Undefined variable: name in /home/retsolme/public_html/getprice.by/kasko/leads.php on line 16
[05-Jun-2018 22:11:50 Europe/Moscow] PHP Notice:  Undefined variable: name in /home/retsolme/public_html/getprice.by/kasko/leads.php on line 16
[06-Jun-2018 09:07:18 Europe/Moscow] PHP Notice:  Undefined variable: name in /home/retsolme/public_html/getprice.by/kasko/leads.php on line 16
[06-Jun-2018 13:59:11 Europe/Moscow] PHP Notice:  Undefined variable: name in /home/retsolme/public_html/getprice.by/kasko/leads.php on line 16
[06-Jun-2018 13:59:11 Europe/Moscow] PHP Notice:  Undefined variable: linkmethod in /home/retsolme/public_html/getprice.by/kasko/leads.php on line 28
[06-Jun-2018 15:07:09 Europe/Moscow] PHP Notice:  Undefined variable: name in /home/retsolme/public_html/getprice.by/kasko/leads.php on line 16
[06-Jun-2018 15:07:09 Europe/Moscow] PHP Notice:  Undefined variable: stazh in /home/retsolme/public_html/getprice.by/kasko/leads.php on line 26
[06-Jun-2018 15:07:09 Europe/Moscow] PHP Notice:  Undefined variable: region in /home/retsolme/public_html/getprice.by/kasko/leads.php on line 27
[06-Jun-2018 17:47:29 Europe/Moscow] PHP Notice:  Undefined variable: name in /home/retsolme/public_html/getprice.by/kasko/leads.php on line 16
[06-Jun-2018 22:59:15 Europe/Moscow] PHP Notice:  Undefined variable: name in /home/retsolme/public_html/getprice.by/kasko/leads.php on line 16
[07-Jun-2018 06:33:48 Europe/Moscow] PHP Notice:  Undefined variable: name in /home/retsolme/public_html/getprice.by/kasko/leads.php on line 16
[07-Jun-2018 06:33:48 Europe/Moscow] PHP Notice:  Undefined variable: stazh in /home/retsolme/public_html/getprice.by/kasko/leads.php on line 26
[07-Jun-2018 06:33:48 Europe/Moscow] PHP Notice:  Undefined variable: region in /home/retsolme/public_html/getprice.by/kasko/leads.php on line 27
[07-Jun-2018 12:47:05 Europe/Moscow] PHP Notice:  Undefined variable: name in /home/retsolme/public_html/getprice.by/kasko/leads.php on line 16
[07-Jun-2018 13:29:56 Europe/Moscow] PHP Notice:  Undefined variable: name in /home/retsolme/public_html/getprice.by/kasko/leads.php on line 16
[07-Jun-2018 14:20:50 Europe/Moscow] PHP Notice:  Undefined variable: name in /home/retsolme/public_html/getprice.by/kasko/leads.php on line 16
[07-Jun-2018 14:20:50 Europe/Moscow] PHP Notice:  Undefined variable: region in /home/retsolme/public_html/getprice.by/kasko/leads.php on line 27
[07-Jun-2018 15:27:37 Europe/Moscow] PHP Notice:  Undefined variable: name in /home/retsolme/public_html/getprice.by/kasko/leads.php on line 16
[07-Jun-2018 15:27:37 Europe/Moscow] PHP Notice:  Undefined variable: region in /home/retsolme/public_html/getprice.by/kasko/leads.php on line 27
[07-Jun-2018 16:37:32 Europe/Moscow] PHP Notice:  Undefined variable: name in /home/retsolme/public_html/getprice.by/kasko/leads.php on line 16
[07-Jun-2018 17:56:31 Europe/Moscow] PHP Notice:  Undefined variable: name in /home/retsolme/public_html/getprice.by/kasko/leads.php on line 16
[07-Jun-2018 18:53:51 Europe/Moscow] PHP Notice:  Undefined variable: name in /home/retsolme/public_html/getprice.by/kasko/leads.php on line 16
[07-Jun-2018 22:49:11 Europe/Moscow] PHP Notice:  Undefined variable: name in /home/retsolme/public_html/getprice.by/kasko/leads.php on line 16
[07-Jun-2018 22:49:11 Europe/Moscow] PHP Notice:  Undefined variable: region in /home/retsolme/public_html/getprice.by/kasko/leads.php on line 27
[08-Jun-2018 02:29:55 Europe/Moscow] PHP Notice:  Undefined variable: name in /home/retsolme/public_html/getprice.by/kasko/leads.php on line 16
[29-Jun-2018 13:44:59 Europe/Moscow] PHP Notice:  Undefined variable: name in /home/retsolme/public_html/getprice.by/kasko/leads.php on line 16
[29-Jun-2018 13:44:59 Europe/Moscow] PHP Notice:  Undefined variable: linkmethod in /home/retsolme/public_html/getprice.by/kasko/leads.php on line 28
[10-Jul-2018 09:16:23 Europe/Moscow] PHP Notice:  Undefined variable: name in /home/retsolme/public_html/getprice.by/kasko/leads.php on line 16
[31-Jul-2018 09:09:17 Europe/Moscow] PHP Notice:  Undefined variable: name in /home/retsolme/public_html/getprice.by/kasko/leads.php on line 16
[31-Jul-2018 09:09:17 Europe/Moscow] PHP Notice:  Undefined variable: linkmethod in /home/retsolme/public_html/getprice.by/kasko/leads.php on line 28
[03-Sep-2018 22:06:10 Europe/Moscow] PHP Notice:  Undefined variable: name in /home/retsolme/public_html/getprice.by/kasko/leads.php on line 16
[03-Sep-2018 22:06:10 Europe/Moscow] PHP Notice:  Undefined variable: stazh in /home/retsolme/public_html/getprice.by/kasko/leads.php on line 26
