[17-Dec-2019 13:50:46 Europe/Moscow] PHP Warning:  mail(): Failed to connect to mailserver at &quot;localhost&quot; port 25, verify your &quot;SMTP&quot; and &quot;smtp_port&quot; setting in php.ini or use ini_set() in C:\xampp\htdocs\getprice\shkaf-kupe\mail.php on line 65
[18-Dec-2019 12:27:00 Europe/Moscow] PHP Fatal error:  Uncaught Exception: Не правильный логин или пароль in /home/getprice/public_html/shkaf-kupe/amo-int/Amo.php:153
Stack trace:
#0 /home/getprice/public_html/shkaf-kupe/amo-int/Amo.php(94): AMO->set_error(110, '\xD0\x9D\xD0\xB5\xD0\xB2\xD0\xB5\xD1\x80\xD0\xBD\xD1\x8B\xD0...')
#1 /home/getprice/public_html/shkaf-kupe/shum-leads.php(131): AMO->add_leads(Array)
#2 /home/getprice/public_html/shkaf-kupe/mail.php(52): include('/home/getprice/...')
#3 {main}
  thrown in /home/getprice/public_html/shkaf-kupe/amo-int/Amo.php on line 153
[18-Dec-2019 12:43:19 Europe/Moscow] PHP Fatal error:  Uncaught Exception: Не правильный логин или пароль in /home/getprice/public_html/shkaf-kupe/amo-int/Amo.php:153
Stack trace:
#0 /home/getprice/public_html/shkaf-kupe/amo-int/Amo.php(94): AMO->set_error(110, '\xD0\x9D\xD0\xB5\xD0\xB2\xD0\xB5\xD1\x80\xD0\xBD\xD1\x8B\xD0...')
#1 /home/getprice/public_html/shkaf-kupe/shum-leads.php(131): AMO->add_leads(Array)
#2 /home/getprice/public_html/shkaf-kupe/mail.php(52): include('/home/getprice/...')
#3 {main}
  thrown in /home/getprice/public_html/shkaf-kupe/amo-int/Amo.php on line 153
[18-Dec-2019 13:05:26 Europe/Moscow] PHP Warning:  curl_setopt(): supplied resource is not a valid cURL handle resource in /home/getprice/public_html/shkaf-kupe/shum-leads.php on line 195
[18-Dec-2019 13:05:26 Europe/Moscow] PHP Warning:  curl_setopt(): supplied resource is not a valid cURL handle resource in /home/getprice/public_html/shkaf-kupe/shum-leads.php on line 196
[18-Dec-2019 13:08:48 Europe/Moscow] PHP Fatal error:  Uncaught Exception: Не правильный логин или пароль in /home/getprice/public_html/shkaf-kupe/amo-int/Amo.php:153
Stack trace:
#0 /home/getprice/public_html/shkaf-kupe/amo-int/Amo.php(94): AMO->set_error(110, '\xD0\x9D\xD0\xB5\xD0\xB2\xD0\xB5\xD1\x80\xD0\xBD\xD1\x8B\xD0...')
#1 /home/getprice/public_html/shkaf-kupe/leads.php(79): AMO->add_leads(Array)
#2 /home/getprice/public_html/shkaf-kupe/mail.php(64): include('/home/getprice/...')
#3 {main}
  thrown in /home/getprice/public_html/shkaf-kupe/amo-int/Amo.php on line 153
[18-Dec-2019 13:21:09 Europe/Moscow] PHP Fatal error:  Uncaught Error: Call to undefined method AMO::log_out() in /home/getprice/public_html/shkaf-kupe/shum-leads.php:133
Stack trace:
#0 /home/getprice/public_html/shkaf-kupe/mail.php(52): include()
#1 {main}
  thrown in /home/getprice/public_html/shkaf-kupe/shum-leads.php on line 133
[18-Dec-2019 13:22:49 Europe/Moscow] PHP Fatal error:  Uncaught Exception: Не правильный логин или пароль in /home/getprice/public_html/shkaf-kupe/amo-int/Amo.php:158
Stack trace:
#0 /home/getprice/public_html/shkaf-kupe/amo-int/Amo.php(94): AMO->set_error(110, '\xD0\x9D\xD0\xB5\xD0\xB2\xD0\xB5\xD1\x80\xD0\xBD\xD1\x8B\xD0...')
#1 /home/getprice/public_html/shkaf-kupe/leads.php(79): AMO->add_leads(Array)
#2 /home/getprice/public_html/shkaf-kupe/mail.php(64): include('/home/getprice/...')
#3 {main}
  thrown in /home/getprice/public_html/shkaf-kupe/amo-int/Amo.php on line 158
[16-Mar-2020 12:23:18 Europe/Moscow] PHP Warning:  mail(): Failed to connect to mailserver at &quot;localhost&quot; port 25, verify your &quot;SMTP&quot; and &quot;smtp_port&quot; setting in php.ini or use ini_set() in C:\xampp\htdocs\getprice\shkaf-kupe\mail.php on line 65
