[10-May-2018 18:00:22 Europe/Minsk] PHP Notice:  Undefined variable: komments in /home/retsolme/public_html/getprice.by/buhgaltery/mail.php on line 22
[10-May-2018 18:02:03 Europe/Minsk] PHP Notice:  Undefined variable: komments in /home/retsolme/public_html/getprice.by/buhgaltery/mail.php on line 22
[10-May-2018 18:02:56 Europe/Minsk] PHP Notice:  Undefined variable: komments in /home/retsolme/public_html/getprice.by/buhgaltery/mail.php on line 22
[10-May-2018 18:06:04 Europe/Minsk] PHP Notice:  Undefined variable: komments in /home/retsolme/public_html/getprice.by/buhgaltery/mail.php on line 22
[11-May-2018 10:46:33 Europe/Minsk] PHP Notice:  Undefined variable: komments in /home/retsolme/public_html/getprice.by/buhgaltery/mail.php on line 22
[11-May-2018 12:03:47 Europe/Minsk] PHP Notice:  Undefined variable: komments in /home/retsolme/public_html/getprice.by/buhgaltery/mail.php on line 22
[11-May-2018 16:25:01 Europe/Minsk] PHP Notice:  Undefined variable: komments in /home/retsolme/public_html/getprice.by/buhgaltery/mail.php on line 22
[11-May-2018 16:25:01 Europe/Moscow] PHP Notice:  Undefined variable: name in /home/retsolme/public_html/getprice.by/buhgaltery/leads.php on line 16
[11-May-2018 16:25:01 Europe/Moscow] PHP Notice:  Undefined variable: sfera in /home/retsolme/public_html/getprice.by/buhgaltery/leads.php on line 23
[11-May-2018 16:25:01 Europe/Moscow] PHP Notice:  Undefined variable: orgforma in /home/retsolme/public_html/getprice.by/buhgaltery/leads.php on line 24
[11-May-2018 16:25:01 Europe/Moscow] PHP Notice:  Undefined variable: nalog in /home/retsolme/public_html/getprice.by/buhgaltery/leads.php on line 25
[11-May-2018 16:25:01 Europe/Moscow] PHP Notice:  Undefined variable: otchetnost in /home/retsolme/public_html/getprice.by/buhgaltery/leads.php on line 26
[11-May-2018 16:25:01 Europe/Moscow] PHP Notice:  Undefined variable: people in /home/retsolme/public_html/getprice.by/buhgaltery/leads.php on line 27
[11-May-2018 16:25:01 Europe/Moscow] PHP Notice:  Undefined variable: documentsnum in /home/retsolme/public_html/getprice.by/buhgaltery/leads.php on line 28
[11-May-2018 16:25:21 Europe/Minsk] PHP Notice:  Undefined variable: komments in /home/retsolme/public_html/getprice.by/buhgaltery/mail.php on line 22
[11-May-2018 16:25:21 Europe/Moscow] PHP Notice:  Undefined variable: name in /home/retsolme/public_html/getprice.by/buhgaltery/leads.php on line 16
[11-May-2018 16:25:21 Europe/Moscow] PHP Notice:  Undefined variable: sfera in /home/retsolme/public_html/getprice.by/buhgaltery/leads.php on line 23
[11-May-2018 16:25:21 Europe/Moscow] PHP Notice:  Undefined variable: orgforma in /home/retsolme/public_html/getprice.by/buhgaltery/leads.php on line 24
[11-May-2018 16:25:21 Europe/Moscow] PHP Notice:  Undefined variable: nalog in /home/retsolme/public_html/getprice.by/buhgaltery/leads.php on line 25
[11-May-2018 16:25:21 Europe/Moscow] PHP Notice:  Undefined variable: otchetnost in /home/retsolme/public_html/getprice.by/buhgaltery/leads.php on line 26
[11-May-2018 16:25:21 Europe/Moscow] PHP Notice:  Undefined variable: people in /home/retsolme/public_html/getprice.by/buhgaltery/leads.php on line 27
[11-May-2018 16:25:21 Europe/Moscow] PHP Notice:  Undefined variable: documentsnum in /home/retsolme/public_html/getprice.by/buhgaltery/leads.php on line 28
[11-May-2018 16:25:41 Europe/Minsk] PHP Notice:  Undefined variable: komments in /home/retsolme/public_html/getprice.by/buhgaltery/mail.php on line 22
[11-May-2018 16:25:41 Europe/Moscow] PHP Notice:  Undefined variable: name in /home/retsolme/public_html/getprice.by/buhgaltery/leads.php on line 16
[11-May-2018 16:25:41 Europe/Moscow] PHP Notice:  Undefined variable: sfera in /home/retsolme/public_html/getprice.by/buhgaltery/leads.php on line 23
[11-May-2018 16:25:41 Europe/Moscow] PHP Notice:  Undefined variable: orgforma in /home/retsolme/public_html/getprice.by/buhgaltery/leads.php on line 24
[11-May-2018 16:25:41 Europe/Moscow] PHP Notice:  Undefined variable: nalog in /home/retsolme/public_html/getprice.by/buhgaltery/leads.php on line 25
[11-May-2018 16:25:41 Europe/Moscow] PHP Notice:  Undefined variable: otchetnost in /home/retsolme/public_html/getprice.by/buhgaltery/leads.php on line 26
[11-May-2018 16:25:41 Europe/Moscow] PHP Notice:  Undefined variable: people in /home/retsolme/public_html/getprice.by/buhgaltery/leads.php on line 27
[11-May-2018 16:25:41 Europe/Moscow] PHP Notice:  Undefined variable: documentsnum in /home/retsolme/public_html/getprice.by/buhgaltery/leads.php on line 28
[11-May-2018 16:25:58 Europe/Minsk] PHP Notice:  Undefined variable: komments in /home/retsolme/public_html/getprice.by/buhgaltery/mail.php on line 22
[11-May-2018 16:25:58 Europe/Moscow] PHP Notice:  Undefined variable: name in /home/retsolme/public_html/getprice.by/buhgaltery/leads.php on line 16
[11-May-2018 16:25:58 Europe/Moscow] PHP Notice:  Undefined variable: sfera in /home/retsolme/public_html/getprice.by/buhgaltery/leads.php on line 23
[11-May-2018 16:25:58 Europe/Moscow] PHP Notice:  Undefined variable: orgforma in /home/retsolme/public_html/getprice.by/buhgaltery/leads.php on line 24
[11-May-2018 16:25:58 Europe/Moscow] PHP Notice:  Undefined variable: nalog in /home/retsolme/public_html/getprice.by/buhgaltery/leads.php on line 25
[11-May-2018 16:25:58 Europe/Moscow] PHP Notice:  Undefined variable: otchetnost in /home/retsolme/public_html/getprice.by/buhgaltery/leads.php on line 26
[11-May-2018 16:25:58 Europe/Moscow] PHP Notice:  Undefined variable: documentsnum in /home/retsolme/public_html/getprice.by/buhgaltery/leads.php on line 28
[11-May-2018 16:59:01 Europe/Minsk] PHP Notice:  Undefined variable: komments in /home/retsolme/public_html/getprice.by/buhgaltery/mail.php on line 22
[11-May-2018 16:59:01 Europe/Moscow] PHP Notice:  Undefined variable: name in /home/retsolme/public_html/getprice.by/buhgaltery/leads.php on line 16
[11-May-2018 16:59:01 Europe/Moscow] PHP Notice:  Undefined variable: sfera in /home/retsolme/public_html/getprice.by/buhgaltery/leads.php on line 23
[11-May-2018 16:59:01 Europe/Moscow] PHP Notice:  Undefined variable: orgforma in /home/retsolme/public_html/getprice.by/buhgaltery/leads.php on line 24
[11-May-2018 16:59:01 Europe/Moscow] PHP Notice:  Undefined variable: nalog in /home/retsolme/public_html/getprice.by/buhgaltery/leads.php on line 25
[11-May-2018 16:59:01 Europe/Moscow] PHP Notice:  Undefined variable: otchetnost in /home/retsolme/public_html/getprice.by/buhgaltery/leads.php on line 26
[11-May-2018 16:59:01 Europe/Moscow] PHP Notice:  Undefined variable: people in /home/retsolme/public_html/getprice.by/buhgaltery/leads.php on line 27
[11-May-2018 16:59:01 Europe/Moscow] PHP Notice:  Undefined variable: documentsnum in /home/retsolme/public_html/getprice.by/buhgaltery/leads.php on line 28
[15-May-2018 09:46:51 Europe/Minsk] PHP Notice:  Undefined variable: komments in /home/retsolme/public_html/getprice.by/buhgaltery/mail.php on line 22
[15-May-2018 10:02:49 Europe/Minsk] PHP Notice:  Undefined variable: komments in /home/retsolme/public_html/getprice.by/buhgaltery/mail.php on line 22
[15-May-2018 10:02:49 Europe/Moscow] PHP Notice:  Undefined variable: otchetnost in /home/retsolme/public_html/getprice.by/buhgaltery/leads.php on line 26
[15-May-2018 11:04:16 Europe/Minsk] PHP Notice:  Undefined variable: komments in /home/retsolme/public_html/getprice.by/buhgaltery/mail.php on line 22
[15-May-2018 16:07:38 Europe/Minsk] PHP Notice:  Undefined variable: komments in /home/retsolme/public_html/getprice.by/buhgaltery/mail.php on line 22
[16-May-2018 16:18:59 Europe/Minsk] PHP Notice:  Undefined variable: komments in /home/retsolme/public_html/getprice.by/buhgaltery/mail.php on line 22
[17-May-2018 10:26:31 Europe/Minsk] PHP Notice:  Undefined variable: komments in /home/retsolme/public_html/getprice.by/buhgaltery/mail.php on line 22
[17-May-2018 10:31:11 Europe/Minsk] PHP Notice:  Undefined variable: komments in /home/retsolme/public_html/getprice.by/buhgaltery/mail.php on line 22
[17-May-2018 12:40:31 Europe/Minsk] PHP Notice:  Undefined variable: komments in /home/retsolme/public_html/getprice.by/buhgaltery/mail.php on line 22
[21-May-2018 12:21:14 Europe/Minsk] PHP Notice:  Undefined variable: komments in /home/retsolme/public_html/getprice.by/buhgaltery/mail.php on line 22
[21-May-2018 12:21:14 Europe/Moscow] PHP Notice:  Undefined variable: otchetnost in /home/retsolme/public_html/getprice.by/buhgaltery/leads.php on line 26
[21-May-2018 12:21:14 Europe/Moscow] PHP Notice:  Undefined variable: documentsnum in /home/retsolme/public_html/getprice.by/buhgaltery/leads.php on line 28
[23-May-2018 16:19:15 Europe/Minsk] PHP Notice:  Undefined variable: komments in /home/retsolme/public_html/getprice.by/buhgaltery/mail.php on line 22
[23-May-2018 17:59:40 Europe/Minsk] PHP Notice:  Undefined variable: komments in /home/retsolme/public_html/getprice.by/buhgaltery/mail.php on line 22
[24-May-2018 13:17:05 Europe/Minsk] PHP Notice:  Undefined variable: komments in /home/retsolme/public_html/getprice.by/buhgaltery/mail.php on line 22
[25-May-2018 09:38:54 Europe/Minsk] PHP Notice:  Undefined variable: komments in /home/retsolme/public_html/getprice.by/buhgaltery/mail.php on line 22
[25-May-2018 10:24:01 Europe/Minsk] PHP Notice:  Undefined variable: komments in /home/retsolme/public_html/getprice.by/buhgaltery/mail.php on line 22
[25-May-2018 14:54:46 Europe/Minsk] PHP Notice:  Undefined variable: komments in /home/retsolme/public_html/getprice.by/buhgaltery/mail.php on line 22
[28-May-2018 16:07:01 Europe/Minsk] PHP Notice:  Undefined variable: komments in /home/retsolme/public_html/getprice.by/buhgaltery/mail.php on line 22
[29-May-2018 15:47:53 Europe/Minsk] PHP Notice:  Undefined variable: komments in /home/retsolme/public_html/getprice.by/buhgaltery/mail.php on line 22
[29-May-2018 15:47:53 Europe/Moscow] PHP Notice:  Undefined variable: otchetnost in /home/retsolme/public_html/getprice.by/buhgaltery/leads.php on line 26
[30-May-2018 13:28:03 Europe/Minsk] PHP Notice:  Undefined variable: komments in /home/retsolme/public_html/getprice.by/buhgaltery/mail.php on line 22
[30-May-2018 13:28:03 Europe/Moscow] PHP Notice:  Undefined variable: sfera in /home/retsolme/public_html/getprice.by/buhgaltery/leads.php on line 23
[30-May-2018 13:28:03 Europe/Moscow] PHP Notice:  Undefined variable: orgforma in /home/retsolme/public_html/getprice.by/buhgaltery/leads.php on line 24
[30-May-2018 13:28:03 Europe/Moscow] PHP Notice:  Undefined variable: nalog in /home/retsolme/public_html/getprice.by/buhgaltery/leads.php on line 25
[30-May-2018 13:28:03 Europe/Moscow] PHP Notice:  Undefined variable: otchetnost in /home/retsolme/public_html/getprice.by/buhgaltery/leads.php on line 26
[30-May-2018 13:28:03 Europe/Moscow] PHP Notice:  Undefined variable: people in /home/retsolme/public_html/getprice.by/buhgaltery/leads.php on line 27
[30-May-2018 13:28:03 Europe/Moscow] PHP Notice:  Undefined variable: documentsnum in /home/retsolme/public_html/getprice.by/buhgaltery/leads.php on line 28
[30-May-2018 14:09:09 Europe/Minsk] PHP Notice:  Undefined variable: komments in /home/retsolme/public_html/getprice.by/buhgaltery/mail.php on line 22
[31-May-2018 11:46:09 Europe/Minsk] PHP Notice:  Undefined variable: komments in /home/retsolme/public_html/getprice.by/buhgaltery/mail.php on line 22
[01-Jun-2018 11:00:13 Europe/Minsk] PHP Notice:  Undefined variable: komments in /home/retsolme/public_html/getprice.by/buhgaltery/mail.php on line 22
[04-Jun-2018 17:33:44 Europe/Minsk] PHP Notice:  Undefined variable: komments in /home/retsolme/public_html/getprice.by/buhgaltery/mail.php on line 22
[04-Jun-2018 22:54:27 Europe/Minsk] PHP Notice:  Undefined variable: komments in /home/retsolme/public_html/getprice.by/buhgaltery/mail.php on line 22
[05-Jun-2018 17:38:49 Europe/Minsk] PHP Notice:  Undefined variable: komments in /home/retsolme/public_html/getprice.by/buhgaltery/mail.php on line 22
[05-Jun-2018 17:38:49 Europe/Moscow] PHP Notice:  Undefined variable: otchetnost in /home/retsolme/public_html/getprice.by/buhgaltery/leads.php on line 26
[05-Jun-2018 20:47:57 Europe/Minsk] PHP Notice:  Undefined variable: komments in /home/retsolme/public_html/getprice.by/buhgaltery/mail.php on line 22
[05-Jun-2018 20:47:57 Europe/Moscow] PHP Notice:  Undefined variable: name in /home/retsolme/public_html/getprice.by/buhgaltery/leads.php on line 16
[05-Jun-2018 20:47:57 Europe/Moscow] PHP Notice:  Undefined variable: otchetnost in /home/retsolme/public_html/getprice.by/buhgaltery/leads.php on line 26
[05-Jun-2018 20:49:10 Europe/Minsk] PHP Notice:  Undefined variable: komments in /home/retsolme/public_html/getprice.by/buhgaltery/mail.php on line 22
[05-Jun-2018 20:49:10 Europe/Moscow] PHP Notice:  Undefined variable: name in /home/retsolme/public_html/getprice.by/buhgaltery/leads.php on line 16
[05-Jun-2018 20:49:10 Europe/Moscow] PHP Notice:  Undefined variable: sfera in /home/retsolme/public_html/getprice.by/buhgaltery/leads.php on line 23
[05-Jun-2018 20:49:10 Europe/Moscow] PHP Notice:  Undefined variable: orgforma in /home/retsolme/public_html/getprice.by/buhgaltery/leads.php on line 24
[05-Jun-2018 20:49:10 Europe/Moscow] PHP Notice:  Undefined variable: nalog in /home/retsolme/public_html/getprice.by/buhgaltery/leads.php on line 25
[05-Jun-2018 20:49:10 Europe/Moscow] PHP Notice:  Undefined variable: otchetnost in /home/retsolme/public_html/getprice.by/buhgaltery/leads.php on line 26
[05-Jun-2018 20:49:10 Europe/Moscow] PHP Notice:  Undefined variable: people in /home/retsolme/public_html/getprice.by/buhgaltery/leads.php on line 27
[05-Jun-2018 20:49:10 Europe/Moscow] PHP Notice:  Undefined variable: documentsnum in /home/retsolme/public_html/getprice.by/buhgaltery/leads.php on line 28
[06-Jun-2018 18:35:13 Europe/Minsk] PHP Notice:  Undefined variable: komments in /home/retsolme/public_html/getprice.by/buhgaltery/mail.php on line 22
[07-Jun-2018 12:22:01 Europe/Minsk] PHP Notice:  Undefined variable: komments in /home/retsolme/public_html/getprice.by/buhgaltery/mail.php on line 22
[07-Jun-2018 12:22:01 Europe/Moscow] PHP Notice:  Undefined variable: sfera in /home/retsolme/public_html/getprice.by/buhgaltery/leads.php on line 23
[07-Jun-2018 12:22:01 Europe/Moscow] PHP Notice:  Undefined variable: orgforma in /home/retsolme/public_html/getprice.by/buhgaltery/leads.php on line 24
[07-Jun-2018 12:22:01 Europe/Moscow] PHP Notice:  Undefined variable: nalog in /home/retsolme/public_html/getprice.by/buhgaltery/leads.php on line 25
[07-Jun-2018 12:22:01 Europe/Moscow] PHP Notice:  Undefined variable: otchetnost in /home/retsolme/public_html/getprice.by/buhgaltery/leads.php on line 26
[07-Jun-2018 12:22:01 Europe/Moscow] PHP Notice:  Undefined variable: people in /home/retsolme/public_html/getprice.by/buhgaltery/leads.php on line 27
[07-Jun-2018 12:22:01 Europe/Moscow] PHP Notice:  Undefined variable: documentsnum in /home/retsolme/public_html/getprice.by/buhgaltery/leads.php on line 28
[07-Jun-2018 12:27:34 Europe/Minsk] PHP Notice:  Undefined variable: komments in /home/retsolme/public_html/getprice.by/buhgaltery/mail.php on line 22
[07-Jun-2018 12:27:34 Europe/Moscow] PHP Notice:  Undefined variable: sfera in /home/retsolme/public_html/getprice.by/buhgaltery/leads.php on line 23
[07-Jun-2018 12:27:34 Europe/Moscow] PHP Notice:  Undefined variable: orgforma in /home/retsolme/public_html/getprice.by/buhgaltery/leads.php on line 24
[07-Jun-2018 12:27:34 Europe/Moscow] PHP Notice:  Undefined variable: nalog in /home/retsolme/public_html/getprice.by/buhgaltery/leads.php on line 25
[07-Jun-2018 12:27:34 Europe/Moscow] PHP Notice:  Undefined variable: otchetnost in /home/retsolme/public_html/getprice.by/buhgaltery/leads.php on line 26
[07-Jun-2018 12:27:34 Europe/Moscow] PHP Notice:  Undefined variable: people in /home/retsolme/public_html/getprice.by/buhgaltery/leads.php on line 27
[07-Jun-2018 12:27:34 Europe/Moscow] PHP Notice:  Undefined variable: documentsnum in /home/retsolme/public_html/getprice.by/buhgaltery/leads.php on line 28
[07-Jun-2018 12:31:13 Europe/Minsk] PHP Notice:  Undefined variable: komments in /home/retsolme/public_html/getprice.by/buhgaltery/mail.php on line 22
[07-Jun-2018 12:31:13 Europe/Moscow] PHP Notice:  Undefined variable: sfera in /home/retsolme/public_html/getprice.by/buhgaltery/leads.php on line 23
[07-Jun-2018 12:31:13 Europe/Moscow] PHP Notice:  Undefined variable: orgforma in /home/retsolme/public_html/getprice.by/buhgaltery/leads.php on line 24
[07-Jun-2018 12:31:13 Europe/Moscow] PHP Notice:  Undefined variable: nalog in /home/retsolme/public_html/getprice.by/buhgaltery/leads.php on line 25
[07-Jun-2018 12:31:13 Europe/Moscow] PHP Notice:  Undefined variable: otchetnost in /home/retsolme/public_html/getprice.by/buhgaltery/leads.php on line 26
[07-Jun-2018 12:31:13 Europe/Moscow] PHP Notice:  Undefined variable: people in /home/retsolme/public_html/getprice.by/buhgaltery/leads.php on line 27
[07-Jun-2018 12:31:13 Europe/Moscow] PHP Notice:  Undefined variable: documentsnum in /home/retsolme/public_html/getprice.by/buhgaltery/leads.php on line 28
[07-Jun-2018 13:51:35 Europe/Minsk] PHP Notice:  Undefined variable: komments in /home/retsolme/public_html/getprice.by/buhgaltery/mail.php on line 22
[07-Jun-2018 13:51:35 Europe/Moscow] PHP Notice:  Undefined variable: sfera in /home/retsolme/public_html/getprice.by/buhgaltery/leads.php on line 23
[07-Jun-2018 13:51:35 Europe/Moscow] PHP Notice:  Undefined variable: orgforma in /home/retsolme/public_html/getprice.by/buhgaltery/leads.php on line 24
[07-Jun-2018 13:51:35 Europe/Moscow] PHP Notice:  Undefined variable: nalog in /home/retsolme/public_html/getprice.by/buhgaltery/leads.php on line 25
[07-Jun-2018 13:51:35 Europe/Moscow] PHP Notice:  Undefined variable: otchetnost in /home/retsolme/public_html/getprice.by/buhgaltery/leads.php on line 26
[07-Jun-2018 13:51:35 Europe/Moscow] PHP Notice:  Undefined variable: people in /home/retsolme/public_html/getprice.by/buhgaltery/leads.php on line 27
[07-Jun-2018 13:51:35 Europe/Moscow] PHP Notice:  Undefined variable: documentsnum in /home/retsolme/public_html/getprice.by/buhgaltery/leads.php on line 28
[08-Jun-2018 12:59:33 Europe/Minsk] PHP Notice:  Undefined variable: komments in /home/retsolme/public_html/getprice.by/buhgaltery/mail.php on line 22
[08-Jun-2018 12:59:34 Europe/Moscow] PHP Notice:  Undefined variable: otchetnost in /home/retsolme/public_html/getprice.by/buhgaltery/leads.php on line 26
[08-Jun-2018 16:53:34 Europe/Minsk] PHP Notice:  Undefined variable: komments in /home/retsolme/public_html/getprice.by/buhgaltery/mail.php on line 22
[11-Jun-2018 11:13:21 Europe/Minsk] PHP Notice:  Undefined variable: komments in /home/retsolme/public_html/getprice.by/buhgaltery/mail.php on line 22
[11-Jun-2018 12:51:33 Europe/Minsk] PHP Notice:  Undefined variable: komments in /home/retsolme/public_html/getprice.by/buhgaltery/mail.php on line 22
[11-Jun-2018 12:51:33 Europe/Moscow] PHP Notice:  Undefined variable: sfera in /home/retsolme/public_html/getprice.by/buhgaltery/leads.php on line 23
[11-Jun-2018 12:51:33 Europe/Moscow] PHP Notice:  Undefined variable: orgforma in /home/retsolme/public_html/getprice.by/buhgaltery/leads.php on line 24
[11-Jun-2018 12:51:33 Europe/Moscow] PHP Notice:  Undefined variable: nalog in /home/retsolme/public_html/getprice.by/buhgaltery/leads.php on line 25
[11-Jun-2018 12:51:33 Europe/Moscow] PHP Notice:  Undefined variable: otchetnost in /home/retsolme/public_html/getprice.by/buhgaltery/leads.php on line 26
[11-Jun-2018 12:51:33 Europe/Moscow] PHP Notice:  Undefined variable: people in /home/retsolme/public_html/getprice.by/buhgaltery/leads.php on line 27
[11-Jun-2018 12:51:33 Europe/Moscow] PHP Notice:  Undefined variable: documentsnum in /home/retsolme/public_html/getprice.by/buhgaltery/leads.php on line 28
[11-Jun-2018 12:51:46 Europe/Minsk] PHP Notice:  Undefined variable: komments in /home/retsolme/public_html/getprice.by/buhgaltery/mail.php on line 22
[11-Jun-2018 12:51:47 Europe/Moscow] PHP Notice:  Undefined variable: sfera in /home/retsolme/public_html/getprice.by/buhgaltery/leads.php on line 23
[11-Jun-2018 12:51:47 Europe/Moscow] PHP Notice:  Undefined variable: orgforma in /home/retsolme/public_html/getprice.by/buhgaltery/leads.php on line 24
[11-Jun-2018 12:51:47 Europe/Moscow] PHP Notice:  Undefined variable: nalog in /home/retsolme/public_html/getprice.by/buhgaltery/leads.php on line 25
[11-Jun-2018 12:51:47 Europe/Moscow] PHP Notice:  Undefined variable: otchetnost in /home/retsolme/public_html/getprice.by/buhgaltery/leads.php on line 26
[11-Jun-2018 12:51:47 Europe/Moscow] PHP Notice:  Undefined variable: people in /home/retsolme/public_html/getprice.by/buhgaltery/leads.php on line 27
[11-Jun-2018 12:51:47 Europe/Moscow] PHP Notice:  Undefined variable: documentsnum in /home/retsolme/public_html/getprice.by/buhgaltery/leads.php on line 28
[11-Jun-2018 16:41:18 Europe/Minsk] PHP Notice:  Undefined variable: komments in /home/retsolme/public_html/getprice.by/buhgaltery/mail.php on line 22
[11-Jun-2018 16:55:48 Europe/Minsk] PHP Notice:  Undefined variable: komments in /home/retsolme/public_html/getprice.by/buhgaltery/mail.php on line 22
[11-Jun-2018 17:06:54 Europe/Minsk] PHP Notice:  Undefined variable: komments in /home/retsolme/public_html/getprice.by/buhgaltery/mail.php on line 22
[12-Jun-2018 09:55:38 Europe/Minsk] PHP Notice:  Undefined variable: komments in /home/retsolme/public_html/getprice.by/buhgaltery/mail.php on line 22
[12-Jun-2018 11:37:32 Europe/Minsk] PHP Notice:  Undefined variable: komments in /home/retsolme/public_html/getprice.by/buhgaltery/mail.php on line 22
[12-Jun-2018 13:25:43 Europe/Minsk] PHP Notice:  Undefined variable: komments in /home/retsolme/public_html/getprice.by/buhgaltery/mail.php on line 22
[14-Jun-2018 10:35:41 Europe/Minsk] PHP Notice:  Undefined variable: komments in /home/retsolme/public_html/getprice.by/buhgaltery/mail.php on line 22
[14-Jun-2018 19:11:44 Europe/Minsk] PHP Notice:  Undefined variable: komments in /home/retsolme/public_html/getprice.by/buhgaltery/mail.php on line 22
[14-Jun-2018 19:13:02 Europe/Minsk] PHP Notice:  Undefined variable: komments in /home/retsolme/public_html/getprice.by/buhgaltery/mail.php on line 22
[14-Jun-2018 23:00:36 Europe/Minsk] PHP Notice:  Undefined variable: komments in /home/retsolme/public_html/getprice.by/buhgaltery/mail.php on line 22
[14-Jun-2018 23:00:57 Europe/Minsk] PHP Notice:  Undefined variable: komments in /home/retsolme/public_html/getprice.by/buhgaltery/mail.php on line 22
[14-Jun-2018 23:00:57 Europe/Moscow] PHP Notice:  Undefined variable: sfera in /home/retsolme/public_html/getprice.by/buhgaltery/leads.php on line 23
[14-Jun-2018 23:00:57 Europe/Moscow] PHP Notice:  Undefined variable: orgforma in /home/retsolme/public_html/getprice.by/buhgaltery/leads.php on line 24
[14-Jun-2018 23:00:57 Europe/Moscow] PHP Notice:  Undefined variable: nalog in /home/retsolme/public_html/getprice.by/buhgaltery/leads.php on line 25
[14-Jun-2018 23:00:57 Europe/Moscow] PHP Notice:  Undefined variable: otchetnost in /home/retsolme/public_html/getprice.by/buhgaltery/leads.php on line 26
[14-Jun-2018 23:00:57 Europe/Moscow] PHP Notice:  Undefined variable: people in /home/retsolme/public_html/getprice.by/buhgaltery/leads.php on line 27
[14-Jun-2018 23:00:57 Europe/Moscow] PHP Notice:  Undefined variable: documentsnum in /home/retsolme/public_html/getprice.by/buhgaltery/leads.php on line 28
[18-Jun-2018 22:41:24 Europe/Minsk] PHP Notice:  Undefined variable: komments in /home/retsolme/public_html/getprice.by/buhgaltery/mail.php on line 22
[18-Jun-2018 22:41:56 Europe/Minsk] PHP Notice:  Undefined variable: komments in /home/retsolme/public_html/getprice.by/buhgaltery/mail.php on line 22
[18-Jun-2018 22:41:56 Europe/Moscow] PHP Notice:  Undefined variable: sfera in /home/retsolme/public_html/getprice.by/buhgaltery/leads.php on line 23
[18-Jun-2018 22:41:56 Europe/Moscow] PHP Notice:  Undefined variable: orgforma in /home/retsolme/public_html/getprice.by/buhgaltery/leads.php on line 24
[18-Jun-2018 22:41:56 Europe/Moscow] PHP Notice:  Undefined variable: nalog in /home/retsolme/public_html/getprice.by/buhgaltery/leads.php on line 25
[18-Jun-2018 22:41:56 Europe/Moscow] PHP Notice:  Undefined variable: otchetnost in /home/retsolme/public_html/getprice.by/buhgaltery/leads.php on line 26
[18-Jun-2018 22:41:56 Europe/Moscow] PHP Notice:  Undefined variable: people in /home/retsolme/public_html/getprice.by/buhgaltery/leads.php on line 27
[18-Jun-2018 22:41:56 Europe/Moscow] PHP Notice:  Undefined variable: documentsnum in /home/retsolme/public_html/getprice.by/buhgaltery/leads.php on line 28
[19-Jun-2018 16:06:18 Europe/Minsk] PHP Notice:  Undefined variable: komments in /home/retsolme/public_html/getprice.by/buhgaltery/mail.php on line 22
[20-Jun-2018 14:09:44 Europe/Minsk] PHP Notice:  Undefined variable: komments in /home/retsolme/public_html/getprice.by/buhgaltery/mail.php on line 22
[20-Jun-2018 14:09:59 Europe/Minsk] PHP Notice:  Undefined variable: komments in /home/retsolme/public_html/getprice.by/buhgaltery/mail.php on line 22
[20-Jun-2018 14:09:59 Europe/Moscow] PHP Notice:  Undefined variable: sfera in /home/retsolme/public_html/getprice.by/buhgaltery/leads.php on line 23
[20-Jun-2018 14:09:59 Europe/Moscow] PHP Notice:  Undefined variable: orgforma in /home/retsolme/public_html/getprice.by/buhgaltery/leads.php on line 24
[20-Jun-2018 14:09:59 Europe/Moscow] PHP Notice:  Undefined variable: nalog in /home/retsolme/public_html/getprice.by/buhgaltery/leads.php on line 25
[20-Jun-2018 14:09:59 Europe/Moscow] PHP Notice:  Undefined variable: otchetnost in /home/retsolme/public_html/getprice.by/buhgaltery/leads.php on line 26
[20-Jun-2018 14:09:59 Europe/Moscow] PHP Notice:  Undefined variable: people in /home/retsolme/public_html/getprice.by/buhgaltery/leads.php on line 27
[20-Jun-2018 14:09:59 Europe/Moscow] PHP Notice:  Undefined variable: documentsnum in /home/retsolme/public_html/getprice.by/buhgaltery/leads.php on line 28
[20-Jun-2018 20:11:12 Europe/Minsk] PHP Notice:  Undefined variable: komments in /home/retsolme/public_html/getprice.by/buhgaltery/mail.php on line 22
[20-Jun-2018 20:36:45 Europe/Minsk] PHP Notice:  Undefined variable: komments in /home/retsolme/public_html/getprice.by/buhgaltery/mail.php on line 22
[20-Jun-2018 22:01:12 Europe/Minsk] PHP Notice:  Undefined variable: komments in /home/retsolme/public_html/getprice.by/buhgaltery/mail.php on line 22
[21-Jun-2018 22:37:40 Europe/Minsk] PHP Notice:  Undefined variable: komments in /home/retsolme/public_html/getprice.by/buhgaltery/mail.php on line 22
[22-Jun-2018 10:19:00 Europe/Minsk] PHP Notice:  Undefined variable: komments in /home/retsolme/public_html/getprice.by/buhgaltery/mail.php on line 22
[25-Jun-2018 04:49:44 Europe/Minsk] PHP Notice:  Undefined variable: komments in /home/retsolme/public_html/getprice.by/buhgaltery/mail.php on line 22
[25-Jun-2018 15:49:53 Europe/Minsk] PHP Notice:  Undefined variable: komments in /home/retsolme/public_html/getprice.by/buhgaltery/mail.php on line 22
[26-Jun-2018 12:28:35 Europe/Minsk] PHP Notice:  Undefined variable: komments in /home/retsolme/public_html/getprice.by/buhgaltery/mail.php on line 22
[11-Jul-2018 12:40:45 Europe/Minsk] PHP Notice:  Undefined variable: komments in /home/retsolme/public_html/getprice.by/buhgaltery/mail.php on line 22
[11-Jul-2018 12:40:45 Europe/Moscow] PHP Notice:  Undefined variable: nalog in /home/retsolme/public_html/getprice.by/buhgaltery/leads.php on line 25
[11-Jul-2018 12:40:45 Europe/Moscow] PHP Notice:  Undefined variable: otchetnost in /home/retsolme/public_html/getprice.by/buhgaltery/leads.php on line 26
[11-Jul-2018 19:55:09 Europe/Minsk] PHP Notice:  Undefined variable: komments in /home/retsolme/public_html/getprice.by/buhgaltery/mail.php on line 22
[12-Jul-2018 09:44:23 Europe/Minsk] PHP Notice:  Undefined variable: komments in /home/retsolme/public_html/getprice.by/buhgaltery/mail.php on line 22
[12-Jul-2018 09:44:23 Europe/Moscow] PHP Notice:  Undefined variable: sfera in /home/retsolme/public_html/getprice.by/buhgaltery/leads.php on line 23
[12-Jul-2018 09:44:23 Europe/Moscow] PHP Notice:  Undefined variable: orgforma in /home/retsolme/public_html/getprice.by/buhgaltery/leads.php on line 24
[12-Jul-2018 09:44:23 Europe/Moscow] PHP Notice:  Undefined variable: nalog in /home/retsolme/public_html/getprice.by/buhgaltery/leads.php on line 25
[12-Jul-2018 09:44:23 Europe/Moscow] PHP Notice:  Undefined variable: otchetnost in /home/retsolme/public_html/getprice.by/buhgaltery/leads.php on line 26
[12-Jul-2018 09:44:23 Europe/Moscow] PHP Notice:  Undefined variable: people in /home/retsolme/public_html/getprice.by/buhgaltery/leads.php on line 27
[12-Jul-2018 09:44:23 Europe/Moscow] PHP Notice:  Undefined variable: documentsnum in /home/retsolme/public_html/getprice.by/buhgaltery/leads.php on line 28
[12-Jul-2018 09:47:50 Europe/Minsk] PHP Notice:  Undefined variable: komments in /home/retsolme/public_html/getprice.by/buhgaltery/mail.php on line 22
[12-Jul-2018 14:02:52 Europe/Minsk] PHP Notice:  Undefined variable: komments in /home/retsolme/public_html/getprice.by/buhgaltery/mail.php on line 22
[12-Jul-2018 16:56:19 Europe/Minsk] PHP Notice:  Undefined variable: komments in /home/retsolme/public_html/getprice.by/buhgaltery/mail.php on line 22
[12-Jul-2018 21:33:34 Europe/Minsk] PHP Notice:  Undefined variable: komments in /home/retsolme/public_html/getprice.by/buhgaltery/mail.php on line 22
[12-Jul-2018 21:57:04 Europe/Minsk] PHP Notice:  Undefined variable: komments in /home/retsolme/public_html/getprice.by/buhgaltery/mail.php on line 22
[13-Jul-2018 11:38:59 Europe/Minsk] PHP Notice:  Undefined variable: komments in /home/retsolme/public_html/getprice.by/buhgaltery/mail.php on line 22
[13-Jul-2018 11:38:59 Europe/Moscow] PHP Notice:  Undefined variable: sfera in /home/retsolme/public_html/getprice.by/buhgaltery/leads.php on line 23
[13-Jul-2018 11:38:59 Europe/Moscow] PHP Notice:  Undefined variable: orgforma in /home/retsolme/public_html/getprice.by/buhgaltery/leads.php on line 24
[13-Jul-2018 11:38:59 Europe/Moscow] PHP Notice:  Undefined variable: nalog in /home/retsolme/public_html/getprice.by/buhgaltery/leads.php on line 25
[13-Jul-2018 11:38:59 Europe/Moscow] PHP Notice:  Undefined variable: otchetnost in /home/retsolme/public_html/getprice.by/buhgaltery/leads.php on line 26
[13-Jul-2018 11:38:59 Europe/Moscow] PHP Notice:  Undefined variable: people in /home/retsolme/public_html/getprice.by/buhgaltery/leads.php on line 27
[13-Jul-2018 11:38:59 Europe/Moscow] PHP Notice:  Undefined variable: documentsnum in /home/retsolme/public_html/getprice.by/buhgaltery/leads.php on line 28
[13-Jul-2018 12:40:07 Europe/Minsk] PHP Notice:  Undefined variable: komments in /home/retsolme/public_html/getprice.by/buhgaltery/mail.php on line 22
[13-Jul-2018 14:02:58 Europe/Minsk] PHP Notice:  Undefined variable: komments in /home/retsolme/public_html/getprice.by/buhgaltery/mail.php on line 22
[14-Jul-2018 00:41:43 Europe/Minsk] PHP Notice:  Undefined variable: komments in /home/retsolme/public_html/getprice.by/buhgaltery/mail.php on line 22
[18-Jul-2018 13:07:29 Europe/Minsk] PHP Notice:  Undefined variable: komments in /home/retsolme/public_html/getprice.by/buhgaltery/mail.php on line 22
[18-Jul-2018 13:07:30 Europe/Moscow] PHP Notice:  Undefined variable: sfera in /home/retsolme/public_html/getprice.by/buhgaltery/leads.php on line 23
[18-Jul-2018 13:07:30 Europe/Moscow] PHP Notice:  Undefined variable: orgforma in /home/retsolme/public_html/getprice.by/buhgaltery/leads.php on line 24
[18-Jul-2018 13:07:30 Europe/Moscow] PHP Notice:  Undefined variable: nalog in /home/retsolme/public_html/getprice.by/buhgaltery/leads.php on line 25
[18-Jul-2018 13:07:30 Europe/Moscow] PHP Notice:  Undefined variable: otchetnost in /home/retsolme/public_html/getprice.by/buhgaltery/leads.php on line 26
[18-Jul-2018 13:07:30 Europe/Moscow] PHP Notice:  Undefined variable: people in /home/retsolme/public_html/getprice.by/buhgaltery/leads.php on line 27
[18-Jul-2018 13:07:30 Europe/Moscow] PHP Notice:  Undefined variable: documentsnum in /home/retsolme/public_html/getprice.by/buhgaltery/leads.php on line 28
[18-Jul-2018 21:08:00 Europe/Minsk] PHP Notice:  Undefined variable: komments in /home/retsolme/public_html/getprice.by/buhgaltery/mail.php on line 22
[18-Jul-2018 23:07:50 Europe/Minsk] PHP Notice:  Undefined variable: komments in /home/retsolme/public_html/getprice.by/buhgaltery/mail.php on line 22
[18-Jul-2018 23:07:51 Europe/Moscow] PHP Notice:  Undefined variable: people in /home/retsolme/public_html/getprice.by/buhgaltery/leads.php on line 27
[19-Jul-2018 00:11:16 Europe/Minsk] PHP Notice:  Undefined variable: komments in /home/retsolme/public_html/getprice.by/buhgaltery/mail.php on line 22
[19-Jul-2018 12:19:33 Europe/Minsk] PHP Notice:  Undefined variable: komments in /home/retsolme/public_html/getprice.by/buhgaltery/mail.php on line 22
[19-Jul-2018 12:19:33 Europe/Moscow] PHP Notice:  Undefined variable: sfera in /home/retsolme/public_html/getprice.by/buhgaltery/leads.php on line 23
[19-Jul-2018 12:19:33 Europe/Moscow] PHP Notice:  Undefined variable: orgforma in /home/retsolme/public_html/getprice.by/buhgaltery/leads.php on line 24
[19-Jul-2018 12:19:33 Europe/Moscow] PHP Notice:  Undefined variable: nalog in /home/retsolme/public_html/getprice.by/buhgaltery/leads.php on line 25
[19-Jul-2018 12:19:33 Europe/Moscow] PHP Notice:  Undefined variable: otchetnost in /home/retsolme/public_html/getprice.by/buhgaltery/leads.php on line 26
[19-Jul-2018 12:19:33 Europe/Moscow] PHP Notice:  Undefined variable: people in /home/retsolme/public_html/getprice.by/buhgaltery/leads.php on line 27
[19-Jul-2018 12:19:33 Europe/Moscow] PHP Notice:  Undefined variable: documentsnum in /home/retsolme/public_html/getprice.by/buhgaltery/leads.php on line 28
[19-Jul-2018 12:21:12 Europe/Minsk] PHP Notice:  Undefined variable: komments in /home/retsolme/public_html/getprice.by/buhgaltery/mail.php on line 22
[19-Jul-2018 14:40:00 Europe/Minsk] PHP Notice:  Undefined variable: komments in /home/retsolme/public_html/getprice.by/buhgaltery/mail.php on line 22
[19-Jul-2018 14:40:00 Europe/Moscow] PHP Notice:  Undefined variable: sfera in /home/retsolme/public_html/getprice.by/buhgaltery/leads.php on line 23
[19-Jul-2018 14:40:00 Europe/Moscow] PHP Notice:  Undefined variable: orgforma in /home/retsolme/public_html/getprice.by/buhgaltery/leads.php on line 24
[19-Jul-2018 14:40:00 Europe/Moscow] PHP Notice:  Undefined variable: nalog in /home/retsolme/public_html/getprice.by/buhgaltery/leads.php on line 25
[19-Jul-2018 14:40:00 Europe/Moscow] PHP Notice:  Undefined variable: otchetnost in /home/retsolme/public_html/getprice.by/buhgaltery/leads.php on line 26
[19-Jul-2018 14:40:00 Europe/Moscow] PHP Notice:  Undefined variable: people in /home/retsolme/public_html/getprice.by/buhgaltery/leads.php on line 27
[19-Jul-2018 14:40:00 Europe/Moscow] PHP Notice:  Undefined variable: documentsnum in /home/retsolme/public_html/getprice.by/buhgaltery/leads.php on line 28
[19-Jul-2018 17:05:58 Europe/Minsk] PHP Notice:  Undefined variable: komments in /home/retsolme/public_html/getprice.by/buhgaltery/mail.php on line 22
[19-Jul-2018 17:05:58 Europe/Moscow] PHP Notice:  Undefined variable: sfera in /home/retsolme/public_html/getprice.by/buhgaltery/leads.php on line 23
[19-Jul-2018 17:05:58 Europe/Moscow] PHP Notice:  Undefined variable: orgforma in /home/retsolme/public_html/getprice.by/buhgaltery/leads.php on line 24
[19-Jul-2018 17:05:58 Europe/Moscow] PHP Notice:  Undefined variable: nalog in /home/retsolme/public_html/getprice.by/buhgaltery/leads.php on line 25
[19-Jul-2018 17:05:58 Europe/Moscow] PHP Notice:  Undefined variable: otchetnost in /home/retsolme/public_html/getprice.by/buhgaltery/leads.php on line 26
[19-Jul-2018 17:05:58 Europe/Moscow] PHP Notice:  Undefined variable: people in /home/retsolme/public_html/getprice.by/buhgaltery/leads.php on line 27
[19-Jul-2018 17:05:58 Europe/Moscow] PHP Notice:  Undefined variable: documentsnum in /home/retsolme/public_html/getprice.by/buhgaltery/leads.php on line 28
[20-Jul-2018 16:29:32 Europe/Minsk] PHP Notice:  Undefined variable: komments in /home/retsolme/public_html/getprice.by/buhgaltery/mail.php on line 22
[20-Jul-2018 17:07:08 Europe/Minsk] PHP Notice:  Undefined variable: komments in /home/retsolme/public_html/getprice.by/buhgaltery/mail.php on line 22
[20-Jul-2018 17:07:32 Europe/Minsk] PHP Notice:  Undefined variable: komments in /home/retsolme/public_html/getprice.by/buhgaltery/mail.php on line 22
[20-Jul-2018 17:07:32 Europe/Moscow] PHP Notice:  Undefined variable: sfera in /home/retsolme/public_html/getprice.by/buhgaltery/leads.php on line 23
[20-Jul-2018 17:07:32 Europe/Moscow] PHP Notice:  Undefined variable: orgforma in /home/retsolme/public_html/getprice.by/buhgaltery/leads.php on line 24
[20-Jul-2018 17:07:32 Europe/Moscow] PHP Notice:  Undefined variable: nalog in /home/retsolme/public_html/getprice.by/buhgaltery/leads.php on line 25
[20-Jul-2018 17:07:32 Europe/Moscow] PHP Notice:  Undefined variable: otchetnost in /home/retsolme/public_html/getprice.by/buhgaltery/leads.php on line 26
[20-Jul-2018 17:07:32 Europe/Moscow] PHP Notice:  Undefined variable: people in /home/retsolme/public_html/getprice.by/buhgaltery/leads.php on line 27
[20-Jul-2018 17:07:32 Europe/Moscow] PHP Notice:  Undefined variable: documentsnum in /home/retsolme/public_html/getprice.by/buhgaltery/leads.php on line 28
[23-Jul-2018 12:52:01 Europe/Minsk] PHP Notice:  Undefined variable: komments in /home/retsolme/public_html/getprice.by/buhgaltery/mail.php on line 22
[23-Jul-2018 12:52:02 Europe/Moscow] PHP Notice:  Undefined variable: sfera in /home/retsolme/public_html/getprice.by/buhgaltery/leads.php on line 23
[23-Jul-2018 12:52:02 Europe/Moscow] PHP Notice:  Undefined variable: orgforma in /home/retsolme/public_html/getprice.by/buhgaltery/leads.php on line 24
[23-Jul-2018 12:52:02 Europe/Moscow] PHP Notice:  Undefined variable: nalog in /home/retsolme/public_html/getprice.by/buhgaltery/leads.php on line 25
[23-Jul-2018 12:52:02 Europe/Moscow] PHP Notice:  Undefined variable: otchetnost in /home/retsolme/public_html/getprice.by/buhgaltery/leads.php on line 26
[23-Jul-2018 12:52:02 Europe/Moscow] PHP Notice:  Undefined variable: people in /home/retsolme/public_html/getprice.by/buhgaltery/leads.php on line 27
[23-Jul-2018 12:52:02 Europe/Moscow] PHP Notice:  Undefined variable: documentsnum in /home/retsolme/public_html/getprice.by/buhgaltery/leads.php on line 28
[23-Jul-2018 13:50:47 Europe/Minsk] PHP Notice:  Undefined variable: komments in /home/retsolme/public_html/getprice.by/buhgaltery/mail.php on line 22
[23-Jul-2018 16:05:29 Europe/Minsk] PHP Notice:  Undefined variable: komments in /home/retsolme/public_html/getprice.by/buhgaltery/mail.php on line 22
[23-Jul-2018 16:05:29 Europe/Moscow] PHP Notice:  Undefined variable: sfera in /home/retsolme/public_html/getprice.by/buhgaltery/leads.php on line 23
[23-Jul-2018 16:05:29 Europe/Moscow] PHP Notice:  Undefined variable: orgforma in /home/retsolme/public_html/getprice.by/buhgaltery/leads.php on line 24
[23-Jul-2018 16:05:29 Europe/Moscow] PHP Notice:  Undefined variable: nalog in /home/retsolme/public_html/getprice.by/buhgaltery/leads.php on line 25
[23-Jul-2018 16:05:29 Europe/Moscow] PHP Notice:  Undefined variable: otchetnost in /home/retsolme/public_html/getprice.by/buhgaltery/leads.php on line 26
[23-Jul-2018 16:05:29 Europe/Moscow] PHP Notice:  Undefined variable: people in /home/retsolme/public_html/getprice.by/buhgaltery/leads.php on line 27
[23-Jul-2018 16:05:29 Europe/Moscow] PHP Notice:  Undefined variable: documentsnum in /home/retsolme/public_html/getprice.by/buhgaltery/leads.php on line 28
[23-Jul-2018 16:10:34 Europe/Minsk] PHP Notice:  Undefined variable: komments in /home/retsolme/public_html/getprice.by/buhgaltery/mail.php on line 22
[23-Jul-2018 16:10:34 Europe/Moscow] PHP Notice:  Undefined variable: nalog in /home/retsolme/public_html/getprice.by/buhgaltery/leads.php on line 25
[23-Jul-2018 16:10:34 Europe/Moscow] PHP Notice:  Undefined variable: otchetnost in /home/retsolme/public_html/getprice.by/buhgaltery/leads.php on line 26
[23-Jul-2018 17:32:00 Europe/Minsk] PHP Notice:  Undefined variable: komments in /home/retsolme/public_html/getprice.by/buhgaltery/mail.php on line 22
[24-Jul-2018 09:46:10 Europe/Minsk] PHP Notice:  Undefined variable: komments in /home/retsolme/public_html/getprice.by/buhgaltery/mail.php on line 22
[24-Jul-2018 09:46:11 Europe/Moscow] PHP Notice:  Undefined variable: otchetnost in /home/retsolme/public_html/getprice.by/buhgaltery/leads.php on line 26
[24-Jul-2018 16:08:57 Europe/Minsk] PHP Notice:  Undefined variable: komments in /home/retsolme/public_html/getprice.by/buhgaltery/mail.php on line 22
[24-Jul-2018 16:08:57 Europe/Moscow] PHP Notice:  Undefined variable: sfera in /home/retsolme/public_html/getprice.by/buhgaltery/leads.php on line 23
[24-Jul-2018 16:08:57 Europe/Moscow] PHP Notice:  Undefined variable: orgforma in /home/retsolme/public_html/getprice.by/buhgaltery/leads.php on line 24
[24-Jul-2018 16:08:57 Europe/Moscow] PHP Notice:  Undefined variable: nalog in /home/retsolme/public_html/getprice.by/buhgaltery/leads.php on line 25
[24-Jul-2018 16:08:57 Europe/Moscow] PHP Notice:  Undefined variable: otchetnost in /home/retsolme/public_html/getprice.by/buhgaltery/leads.php on line 26
[24-Jul-2018 16:08:57 Europe/Moscow] PHP Notice:  Undefined variable: people in /home/retsolme/public_html/getprice.by/buhgaltery/leads.php on line 27
[24-Jul-2018 16:08:57 Europe/Moscow] PHP Notice:  Undefined variable: documentsnum in /home/retsolme/public_html/getprice.by/buhgaltery/leads.php on line 28
[24-Jul-2018 17:14:52 Europe/Minsk] PHP Notice:  Undefined variable: komments in /home/retsolme/public_html/getprice.by/buhgaltery/mail.php on line 22
[24-Jul-2018 17:14:53 Europe/Moscow] PHP Notice:  Undefined variable: sfera in /home/retsolme/public_html/getprice.by/buhgaltery/leads.php on line 23
[24-Jul-2018 17:14:53 Europe/Moscow] PHP Notice:  Undefined variable: orgforma in /home/retsolme/public_html/getprice.by/buhgaltery/leads.php on line 24
[24-Jul-2018 17:14:53 Europe/Moscow] PHP Notice:  Undefined variable: nalog in /home/retsolme/public_html/getprice.by/buhgaltery/leads.php on line 25
[24-Jul-2018 17:14:53 Europe/Moscow] PHP Notice:  Undefined variable: otchetnost in /home/retsolme/public_html/getprice.by/buhgaltery/leads.php on line 26
[24-Jul-2018 17:14:53 Europe/Moscow] PHP Notice:  Undefined variable: people in /home/retsolme/public_html/getprice.by/buhgaltery/leads.php on line 27
[24-Jul-2018 17:14:53 Europe/Moscow] PHP Notice:  Undefined variable: documentsnum in /home/retsolme/public_html/getprice.by/buhgaltery/leads.php on line 28
[24-Jul-2018 17:37:02 Europe/Minsk] PHP Notice:  Undefined variable: komments in /home/retsolme/public_html/getprice.by/buhgaltery/mail.php on line 22
[24-Jul-2018 17:37:02 Europe/Moscow] PHP Notice:  Undefined variable: sfera in /home/retsolme/public_html/getprice.by/buhgaltery/leads.php on line 23
[24-Jul-2018 17:37:02 Europe/Moscow] PHP Notice:  Undefined variable: orgforma in /home/retsolme/public_html/getprice.by/buhgaltery/leads.php on line 24
[24-Jul-2018 17:37:02 Europe/Moscow] PHP Notice:  Undefined variable: nalog in /home/retsolme/public_html/getprice.by/buhgaltery/leads.php on line 25
[24-Jul-2018 17:37:02 Europe/Moscow] PHP Notice:  Undefined variable: otchetnost in /home/retsolme/public_html/getprice.by/buhgaltery/leads.php on line 26
[24-Jul-2018 17:37:02 Europe/Moscow] PHP Notice:  Undefined variable: people in /home/retsolme/public_html/getprice.by/buhgaltery/leads.php on line 27
[24-Jul-2018 17:37:02 Europe/Moscow] PHP Notice:  Undefined variable: documentsnum in /home/retsolme/public_html/getprice.by/buhgaltery/leads.php on line 28
[25-Jul-2018 11:05:08 Europe/Minsk] PHP Notice:  Undefined variable: komments in /home/retsolme/public_html/getprice.by/buhgaltery/mail.php on line 22
[25-Jul-2018 11:05:08 Europe/Moscow] PHP Notice:  Undefined variable: sfera in /home/retsolme/public_html/getprice.by/buhgaltery/leads.php on line 23
[25-Jul-2018 11:05:08 Europe/Moscow] PHP Notice:  Undefined variable: orgforma in /home/retsolme/public_html/getprice.by/buhgaltery/leads.php on line 24
[25-Jul-2018 11:05:08 Europe/Moscow] PHP Notice:  Undefined variable: nalog in /home/retsolme/public_html/getprice.by/buhgaltery/leads.php on line 25
[25-Jul-2018 11:05:08 Europe/Moscow] PHP Notice:  Undefined variable: otchetnost in /home/retsolme/public_html/getprice.by/buhgaltery/leads.php on line 26
[25-Jul-2018 11:05:08 Europe/Moscow] PHP Notice:  Undefined variable: people in /home/retsolme/public_html/getprice.by/buhgaltery/leads.php on line 27
[25-Jul-2018 11:05:08 Europe/Moscow] PHP Notice:  Undefined variable: documentsnum in /home/retsolme/public_html/getprice.by/buhgaltery/leads.php on line 28
[26-Jul-2018 15:48:02 Europe/Minsk] PHP Notice:  Undefined variable: komments in /home/retsolme/public_html/getprice.by/buhgaltery/mail.php on line 22
[26-Jul-2018 15:48:02 Europe/Moscow] PHP Notice:  Undefined variable: sfera in /home/retsolme/public_html/getprice.by/buhgaltery/leads.php on line 23
[26-Jul-2018 15:48:02 Europe/Moscow] PHP Notice:  Undefined variable: orgforma in /home/retsolme/public_html/getprice.by/buhgaltery/leads.php on line 24
[26-Jul-2018 15:48:02 Europe/Moscow] PHP Notice:  Undefined variable: nalog in /home/retsolme/public_html/getprice.by/buhgaltery/leads.php on line 25
[26-Jul-2018 15:48:02 Europe/Moscow] PHP Notice:  Undefined variable: otchetnost in /home/retsolme/public_html/getprice.by/buhgaltery/leads.php on line 26
[26-Jul-2018 15:48:02 Europe/Moscow] PHP Notice:  Undefined variable: people in /home/retsolme/public_html/getprice.by/buhgaltery/leads.php on line 27
[26-Jul-2018 15:48:02 Europe/Moscow] PHP Notice:  Undefined variable: documentsnum in /home/retsolme/public_html/getprice.by/buhgaltery/leads.php on line 28
[26-Jul-2018 16:04:15 Europe/Minsk] PHP Notice:  Undefined variable: komments in /home/retsolme/public_html/getprice.by/buhgaltery/mail.php on line 22
[26-Jul-2018 16:04:15 Europe/Moscow] PHP Notice:  Undefined variable: sfera in /home/retsolme/public_html/getprice.by/buhgaltery/leads.php on line 23
[26-Jul-2018 16:04:15 Europe/Moscow] PHP Notice:  Undefined variable: orgforma in /home/retsolme/public_html/getprice.by/buhgaltery/leads.php on line 24
[26-Jul-2018 16:04:15 Europe/Moscow] PHP Notice:  Undefined variable: nalog in /home/retsolme/public_html/getprice.by/buhgaltery/leads.php on line 25
[26-Jul-2018 16:04:15 Europe/Moscow] PHP Notice:  Undefined variable: otchetnost in /home/retsolme/public_html/getprice.by/buhgaltery/leads.php on line 26
[26-Jul-2018 16:04:15 Europe/Moscow] PHP Notice:  Undefined variable: people in /home/retsolme/public_html/getprice.by/buhgaltery/leads.php on line 27
[26-Jul-2018 16:04:15 Europe/Moscow] PHP Notice:  Undefined variable: documentsnum in /home/retsolme/public_html/getprice.by/buhgaltery/leads.php on line 28
[27-Jul-2018 09:47:00 Europe/Minsk] PHP Notice:  Undefined variable: komments in /home/retsolme/public_html/getprice.by/buhgaltery/mail.php on line 22
[27-Jul-2018 09:47:00 Europe/Moscow] PHP Notice:  Undefined variable: sfera in /home/retsolme/public_html/getprice.by/buhgaltery/leads.php on line 23
[27-Jul-2018 09:47:00 Europe/Moscow] PHP Notice:  Undefined variable: orgforma in /home/retsolme/public_html/getprice.by/buhgaltery/leads.php on line 24
[27-Jul-2018 09:47:00 Europe/Moscow] PHP Notice:  Undefined variable: nalog in /home/retsolme/public_html/getprice.by/buhgaltery/leads.php on line 25
[27-Jul-2018 09:47:00 Europe/Moscow] PHP Notice:  Undefined variable: otchetnost in /home/retsolme/public_html/getprice.by/buhgaltery/leads.php on line 26
[27-Jul-2018 09:47:00 Europe/Moscow] PHP Notice:  Undefined variable: people in /home/retsolme/public_html/getprice.by/buhgaltery/leads.php on line 27
[27-Jul-2018 09:47:00 Europe/Moscow] PHP Notice:  Undefined variable: documentsnum in /home/retsolme/public_html/getprice.by/buhgaltery/leads.php on line 28
[30-Jul-2018 14:03:41 Europe/Minsk] PHP Notice:  Undefined variable: komments in /home/retsolme/public_html/getprice.by/buhgaltery/mail.php on line 22
[30-Jul-2018 14:03:42 Europe/Moscow] PHP Notice:  Undefined variable: sfera in /home/retsolme/public_html/getprice.by/buhgaltery/leads.php on line 23
[30-Jul-2018 14:03:42 Europe/Moscow] PHP Notice:  Undefined variable: orgforma in /home/retsolme/public_html/getprice.by/buhgaltery/leads.php on line 24
[30-Jul-2018 14:03:42 Europe/Moscow] PHP Notice:  Undefined variable: nalog in /home/retsolme/public_html/getprice.by/buhgaltery/leads.php on line 25
[30-Jul-2018 14:03:42 Europe/Moscow] PHP Notice:  Undefined variable: otchetnost in /home/retsolme/public_html/getprice.by/buhgaltery/leads.php on line 26
[30-Jul-2018 14:03:42 Europe/Moscow] PHP Notice:  Undefined variable: people in /home/retsolme/public_html/getprice.by/buhgaltery/leads.php on line 27
[30-Jul-2018 14:03:42 Europe/Moscow] PHP Notice:  Undefined variable: documentsnum in /home/retsolme/public_html/getprice.by/buhgaltery/leads.php on line 28
[30-Jul-2018 14:04:19 Europe/Minsk] PHP Notice:  Undefined variable: komments in /home/retsolme/public_html/getprice.by/buhgaltery/mail.php on line 22
[30-Jul-2018 14:04:40 Europe/Minsk] PHP Notice:  Undefined variable: komments in /home/retsolme/public_html/getprice.by/buhgaltery/mail.php on line 22
[30-Jul-2018 14:04:40 Europe/Moscow] PHP Notice:  Undefined variable: sfera in /home/retsolme/public_html/getprice.by/buhgaltery/leads.php on line 23
[30-Jul-2018 14:04:40 Europe/Moscow] PHP Notice:  Undefined variable: orgforma in /home/retsolme/public_html/getprice.by/buhgaltery/leads.php on line 24
[30-Jul-2018 14:04:40 Europe/Moscow] PHP Notice:  Undefined variable: nalog in /home/retsolme/public_html/getprice.by/buhgaltery/leads.php on line 25
[30-Jul-2018 14:04:40 Europe/Moscow] PHP Notice:  Undefined variable: otchetnost in /home/retsolme/public_html/getprice.by/buhgaltery/leads.php on line 26
[30-Jul-2018 14:04:40 Europe/Moscow] PHP Notice:  Undefined variable: people in /home/retsolme/public_html/getprice.by/buhgaltery/leads.php on line 27
[30-Jul-2018 14:04:40 Europe/Moscow] PHP Notice:  Undefined variable: documentsnum in /home/retsolme/public_html/getprice.by/buhgaltery/leads.php on line 28
[30-Jul-2018 14:05:00 Europe/Minsk] PHP Notice:  Undefined variable: komments in /home/retsolme/public_html/getprice.by/buhgaltery/mail.php on line 22
[30-Jul-2018 14:05:00 Europe/Moscow] PHP Notice:  Undefined variable: sfera in /home/retsolme/public_html/getprice.by/buhgaltery/leads.php on line 23
[30-Jul-2018 14:05:00 Europe/Moscow] PHP Notice:  Undefined variable: orgforma in /home/retsolme/public_html/getprice.by/buhgaltery/leads.php on line 24
[30-Jul-2018 14:05:00 Europe/Moscow] PHP Notice:  Undefined variable: nalog in /home/retsolme/public_html/getprice.by/buhgaltery/leads.php on line 25
[30-Jul-2018 14:05:00 Europe/Moscow] PHP Notice:  Undefined variable: otchetnost in /home/retsolme/public_html/getprice.by/buhgaltery/leads.php on line 26
[30-Jul-2018 14:05:00 Europe/Moscow] PHP Notice:  Undefined variable: people in /home/retsolme/public_html/getprice.by/buhgaltery/leads.php on line 27
[30-Jul-2018 14:05:00 Europe/Moscow] PHP Notice:  Undefined variable: documentsnum in /home/retsolme/public_html/getprice.by/buhgaltery/leads.php on line 28
[31-Jul-2018 11:54:13 Europe/Minsk] PHP Notice:  Undefined variable: komments in /home/retsolme/public_html/getprice.by/buhgaltery/mail.php on line 22
[31-Jul-2018 11:54:13 Europe/Moscow] PHP Notice:  Undefined variable: sfera in /home/retsolme/public_html/getprice.by/buhgaltery/leads.php on line 23
[31-Jul-2018 11:54:13 Europe/Moscow] PHP Notice:  Undefined variable: orgforma in /home/retsolme/public_html/getprice.by/buhgaltery/leads.php on line 24
[31-Jul-2018 11:54:13 Europe/Moscow] PHP Notice:  Undefined variable: nalog in /home/retsolme/public_html/getprice.by/buhgaltery/leads.php on line 25
[31-Jul-2018 11:54:13 Europe/Moscow] PHP Notice:  Undefined variable: otchetnost in /home/retsolme/public_html/getprice.by/buhgaltery/leads.php on line 26
[31-Jul-2018 11:54:13 Europe/Moscow] PHP Notice:  Undefined variable: people in /home/retsolme/public_html/getprice.by/buhgaltery/leads.php on line 27
[31-Jul-2018 11:54:13 Europe/Moscow] PHP Notice:  Undefined variable: documentsnum in /home/retsolme/public_html/getprice.by/buhgaltery/leads.php on line 28
[31-Jul-2018 13:39:07 Europe/Minsk] PHP Notice:  Undefined variable: komments in /home/retsolme/public_html/getprice.by/buhgaltery/mail.php on line 22
[01-Aug-2018 17:32:04 Europe/Minsk] PHP Notice:  Undefined variable: komments in /home/retsolme/public_html/getprice.by/buhgaltery/mail.php on line 22
[01-Aug-2018 17:32:04 Europe/Moscow] PHP Notice:  Undefined variable: sfera in /home/retsolme/public_html/getprice.by/buhgaltery/leads.php on line 23
[01-Aug-2018 17:32:04 Europe/Moscow] PHP Notice:  Undefined variable: orgforma in /home/retsolme/public_html/getprice.by/buhgaltery/leads.php on line 24
[01-Aug-2018 17:32:04 Europe/Moscow] PHP Notice:  Undefined variable: nalog in /home/retsolme/public_html/getprice.by/buhgaltery/leads.php on line 25
[01-Aug-2018 17:32:04 Europe/Moscow] PHP Notice:  Undefined variable: otchetnost in /home/retsolme/public_html/getprice.by/buhgaltery/leads.php on line 26
[01-Aug-2018 17:32:04 Europe/Moscow] PHP Notice:  Undefined variable: people in /home/retsolme/public_html/getprice.by/buhgaltery/leads.php on line 27
[01-Aug-2018 17:32:04 Europe/Moscow] PHP Notice:  Undefined variable: documentsnum in /home/retsolme/public_html/getprice.by/buhgaltery/leads.php on line 28
[03-Jan-2019 12:48:12 Europe/Berlin] PHP Notice:  Undefined variable: komments in C:\xampp\htdocs\getprice\buhgaltery\mail.php on line 24
[03-Jan-2019 14:48:12 Europe/Moscow] PHP Notice:  Undefined variable: sfera in C:\xampp\htdocs\getprice\buhgaltery\leads.php on line 23
[03-Jan-2019 14:48:12 Europe/Moscow] PHP Notice:  Undefined variable: orgforma in C:\xampp\htdocs\getprice\buhgaltery\leads.php on line 24
[03-Jan-2019 14:48:12 Europe/Moscow] PHP Notice:  Undefined variable: nalog in C:\xampp\htdocs\getprice\buhgaltery\leads.php on line 25
[03-Jan-2019 14:48:12 Europe/Moscow] PHP Notice:  Undefined variable: otchetnost in C:\xampp\htdocs\getprice\buhgaltery\leads.php on line 26
[03-Jan-2019 14:48:12 Europe/Moscow] PHP Notice:  Undefined variable: people in C:\xampp\htdocs\getprice\buhgaltery\leads.php on line 27
[03-Jan-2019 14:48:12 Europe/Moscow] PHP Notice:  Undefined variable: documentsnum in C:\xampp\htdocs\getprice\buhgaltery\leads.php on line 28
[04-Mar-2019 14:48:24 Europe/Berlin] PHP Notice:  Undefined variable: komments in C:\xampp\htdocs\getprice\buhgaltery\mail.php on line 24
[04-Mar-2019 14:48:24 Europe/Berlin] PHP Notice:  Undefined variable: orgForma in C:\xampp\htdocs\getprice\buhgaltery\mail.php on line 38
[04-Mar-2019 16:48:25 Europe/Moscow] PHP Notice:  Undefined variable: people in C:\xampp\htdocs\getprice\buhgaltery\leads.php on line 27
[04-Mar-2019 16:48:25 Europe/Moscow] PHP Notice:  Undefined variable: documentsnum in C:\xampp\htdocs\getprice\buhgaltery\leads.php on line 28
[30-May-2019 12:52:22 Europe/Berlin] PHP Notice:  Undefined index: type in C:\xampp\htdocs\getprice\buhgaltery\mail.php on line 27
[30-May-2019 13:52:23 Europe/Moscow] PHP Notice:  Undefined variable: name in C:\xampp\htdocs\getprice\buhgaltery\leads.php on line 16
[30-May-2019 13:52:23 Europe/Moscow] PHP Notice:  Undefined index: type in C:\xampp\htdocs\getprice\buhgaltery\leads.php on line 17
[30-May-2019 13:52:23 Europe/Moscow] PHP Notice:  Undefined index: utm_term in C:\xampp\htdocs\getprice\buhgaltery\leads.php on line 18
[30-May-2019 13:52:23 Europe/Moscow] PHP Notice:  Undefined index: utm_source in C:\xampp\htdocs\getprice\buhgaltery\leads.php on line 19
[30-May-2019 13:52:23 Europe/Moscow] PHP Notice:  Undefined index: utm_medium in C:\xampp\htdocs\getprice\buhgaltery\leads.php on line 20
[30-May-2019 13:52:23 Europe/Moscow] PHP Notice:  Undefined index: utm_campaign in C:\xampp\htdocs\getprice\buhgaltery\leads.php on line 21
[30-May-2019 13:52:23 Europe/Moscow] PHP Notice:  Undefined index: utm_content in C:\xampp\htdocs\getprice\buhgaltery\leads.php on line 22
[30-May-2019 13:52:23 Europe/Moscow] PHP Notice:  Undefined variable: sfera in C:\xampp\htdocs\getprice\buhgaltery\leads.php on line 23
[30-May-2019 13:52:23 Europe/Moscow] PHP Notice:  Undefined variable: orgforma in C:\xampp\htdocs\getprice\buhgaltery\leads.php on line 24
[30-May-2019 13:52:23 Europe/Moscow] PHP Notice:  Undefined variable: nalog in C:\xampp\htdocs\getprice\buhgaltery\leads.php on line 25
[30-May-2019 13:52:23 Europe/Moscow] PHP Notice:  Undefined variable: otchetnost in C:\xampp\htdocs\getprice\buhgaltery\leads.php on line 26
[30-May-2019 13:52:23 Europe/Moscow] PHP Notice:  Undefined variable: people in C:\xampp\htdocs\getprice\buhgaltery\leads.php on line 27
[30-May-2019 13:52:23 Europe/Moscow] PHP Notice:  Undefined variable: documentsnum in C:\xampp\htdocs\getprice\buhgaltery\leads.php on line 28
[30-May-2019 13:52:25 Europe/Moscow] PHP Notice:  Undefined index: utm_medium in C:\xampp\htdocs\getprice\buhgaltery\leads.php on line 48
[30-May-2019 13:52:25 Europe/Moscow] PHP Notice:  Undefined index: utm_source in C:\xampp\htdocs\getprice\buhgaltery\leads.php on line 49
[30-May-2019 13:52:25 Europe/Moscow] PHP Notice:  Undefined index: utm_campaign in C:\xampp\htdocs\getprice\buhgaltery\leads.php on line 50
[30-May-2019 13:52:25 Europe/Moscow] PHP Notice:  Undefined index: utm_term in C:\xampp\htdocs\getprice\buhgaltery\leads.php on line 51
[30-May-2019 13:52:25 Europe/Moscow] PHP Notice:  Undefined index: utm_content in C:\xampp\htdocs\getprice\buhgaltery\leads.php on line 52
[30-May-2019 13:52:25 Europe/Moscow] PHP Notice:  Undefined index: type in C:\xampp\htdocs\getprice\buhgaltery\leads.php on line 54
[30-May-2019 12:57:52 Europe/Berlin] PHP Notice:  Undefined variable: komments in C:\xampp\htdocs\getprice\buhgaltery\mail.php on line 24
[30-May-2019 13:57:53 Europe/Moscow] PHP Notice:  Undefined variable: name in C:\xampp\htdocs\getprice\buhgaltery\leads.php on line 16
[30-May-2019 13:57:53 Europe/Moscow] PHP Notice:  Undefined variable: sfera in C:\xampp\htdocs\getprice\buhgaltery\leads.php on line 23
[30-May-2019 13:57:53 Europe/Moscow] PHP Notice:  Undefined variable: orgforma in C:\xampp\htdocs\getprice\buhgaltery\leads.php on line 24
[30-May-2019 13:57:53 Europe/Moscow] PHP Notice:  Undefined variable: nalog in C:\xampp\htdocs\getprice\buhgaltery\leads.php on line 25
[30-May-2019 13:57:53 Europe/Moscow] PHP Notice:  Undefined variable: otchetnost in C:\xampp\htdocs\getprice\buhgaltery\leads.php on line 26
[30-May-2019 13:57:53 Europe/Moscow] PHP Notice:  Undefined variable: people in C:\xampp\htdocs\getprice\buhgaltery\leads.php on line 27
[30-May-2019 13:57:53 Europe/Moscow] PHP Notice:  Undefined variable: documentsnum in C:\xampp\htdocs\getprice\buhgaltery\leads.php on line 28
[30-May-2019 14:00:26 Europe/Moscow] PHP Notice:  Undefined variable: documentsnum in C:\xampp\htdocs\getprice\buhgaltery\leads.php on line 28
